<?xml version="1.0" encoding="UTF-8"?>
<testsuite name="uk.sky.cqlmigrate.CqlMigratorHealthCheckTest" tests="5" skipped="0" failures="0" errors="0" timestamp="2017-09-01T07:03:14" hostname="mirek-HP-Pavilion-g6-Notebook-PC" time="24.003">
  <properties/>
  <testcase name="checkClusterHealthCheckedWhenCreatingSchemaMigrateTable" classname="uk.sky.cqlmigrate.CqlMigratorHealthCheckTest" time="2.921"/>
  <testcase name="checkClusterHealthCheckedWhenThereAreChanges" classname="uk.sky.cqlmigrate.CqlMigratorHealthCheckTest" time="5.59"/>
  <testcase name="checkClusterHealthCheckedWhenThereAreFollowingChanges" classname="uk.sky.cqlmigrate.CqlMigratorHealthCheckTest" time="5.983"/>
  <testcase name="checkClusterHealthNotCheckedWhenThereAreNoChanges" classname="uk.sky.cqlmigrate.CqlMigratorHealthCheckTest" time="5.997"/>
  <testcase name="checkClusterHealthCheckedWhenBootstrappingCassandra" classname="uk.sky.cqlmigrate.CqlMigratorHealthCheckTest" time="3.51"/>
  <system-out><![CDATA[08:03:10.945 [Test worker] INFO  o.a.c.config.YamlConfigurationLoader - Configuration location: file:/home/mirek/git/cqlmigrate/target/embeddedCassandra/cu-cassandra-rndport.yaml
08:03:11.002 [Test worker] INFO  o.a.c.config.YamlConfigurationLoader - Node configuration:[authenticator=AllowAllAuthenticator; authorizer=AllowAllAuthorizer; auto_snapshot=false; cas_contention_timeout_in_ms=1000; cluster_name=Test Cluster; column_index_size_in_kb=64; commitlog_directory=target/embeddedCassandra/commitlog; commitlog_segment_size_in_mb=32; commitlog_sync=periodic; commitlog_sync_period_in_ms=10000; compaction_throughput_mb_per_sec=16; concurrent_reads=32; concurrent_writes=32; cross_node_timeout=false; data_file_directories=[target/embeddedCassandra/data]; disk_failure_policy=stop; dynamic_snitch_badness_threshold=0.1; dynamic_snitch_reset_interval_in_ms=600000; dynamic_snitch_update_interval_in_ms=100; encryption_options={internode_encryption=none, keystore=conf/.keystore, keystore_password=cassandra, truststore=conf/.truststore, truststore_password=cassandra}; endpoint_snitch=SimpleSnitch; hinted_handoff_enabled=true; hinted_handoff_throttle_in_kb=1024; incremental_backups=false; index_interval=128; key_cache_save_period=14400; key_cache_size_in_mb=null; listen_address=127.0.0.1; max_hint_window_in_ms=10800000; max_hints_delivery_threads=2; native_transport_port=35627; partitioner=org.apache.cassandra.dht.Murmur3Partitioner; permissions_validity_in_ms=2000; range_request_timeout_in_ms=10000; read_request_timeout_in_ms=5000; request_scheduler=org.apache.cassandra.scheduler.NoScheduler; request_timeout_in_ms=10000; row_cache_save_period=0; row_cache_size_in_mb=0; rpc_address=localhost; rpc_keepalive=true; rpc_port=32857; rpc_server_type=sync; saved_caches_directory=target/embeddedCassandra/saved_caches; seed_provider=[{class_name=org.apache.cassandra.locator.SimpleSeedProvider, parameters=[{seeds=127.0.0.1}]}]; snapshot_before_compaction=false; ssl_storage_port=7011; start_native_transport=true; start_rpc=true; storage_port=42949; thrift_framed_transport_size_in_mb=15; thrift_max_message_length_in_mb=16; trickle_fsync=false; trickle_fsync_interval_in_kb=10240; truncate_request_timeout_in_ms=60000; write_request_timeout_in_ms=2000]
08:03:11.021 [Test worker] INFO  o.a.c.config.DatabaseDescriptor - DiskAccessMode 'auto' determined to be mmap, indexAccessMode is mmap
08:03:11.181 [Test worker] INFO  o.a.c.config.DatabaseDescriptor - Global memtable on-heap threshold is enabled at 325MB
08:03:11.181 [Test worker] INFO  o.a.c.config.DatabaseDescriptor - Global memtable off-heap threshold is enabled at 325MB
08:03:11.189 [Test worker] WARN  o.a.c.config.DatabaseDescriptor - Please rename encryption_options as server_encryption_options in the yaml
08:03:11.197 [Test worker] INFO  o.a.c.config.YamlConfigurationLoader - Node configuration:[authenticator=AllowAllAuthenticator; authorizer=AllowAllAuthorizer; auto_snapshot=false; cas_contention_timeout_in_ms=1000; cluster_name=Test Cluster; column_index_size_in_kb=64; commitlog_directory=target/embeddedCassandra/commitlog; commitlog_segment_size_in_mb=32; commitlog_sync=periodic; commitlog_sync_period_in_ms=10000; compaction_throughput_mb_per_sec=16; concurrent_reads=32; concurrent_writes=32; cross_node_timeout=false; data_file_directories=[target/embeddedCassandra/data]; disk_failure_policy=stop; dynamic_snitch_badness_threshold=0.1; dynamic_snitch_reset_interval_in_ms=600000; dynamic_snitch_update_interval_in_ms=100; encryption_options={internode_encryption=none, keystore=conf/.keystore, keystore_password=cassandra, truststore=conf/.truststore, truststore_password=cassandra}; endpoint_snitch=SimpleSnitch; hinted_handoff_enabled=true; hinted_handoff_throttle_in_kb=1024; incremental_backups=false; index_interval=128; key_cache_save_period=14400; key_cache_size_in_mb=null; listen_address=127.0.0.1; max_hint_window_in_ms=10800000; max_hints_delivery_threads=2; native_transport_port=35627; partitioner=org.apache.cassandra.dht.Murmur3Partitioner; permissions_validity_in_ms=2000; range_request_timeout_in_ms=10000; read_request_timeout_in_ms=5000; request_scheduler=org.apache.cassandra.scheduler.NoScheduler; request_timeout_in_ms=10000; row_cache_save_period=0; row_cache_size_in_mb=0; rpc_address=localhost; rpc_keepalive=true; rpc_port=32857; rpc_server_type=sync; saved_caches_directory=target/embeddedCassandra/saved_caches; seed_provider=[{class_name=org.apache.cassandra.locator.SimpleSeedProvider, parameters=[{seeds=127.0.0.1}]}]; snapshot_before_compaction=false; ssl_storage_port=7011; start_native_transport=true; start_rpc=true; storage_port=42949; thrift_framed_transport_size_in_mb=15; thrift_max_message_length_in_mb=16; trickle_fsync=false; trickle_fsync_interval_in_kb=10240; truncate_request_timeout_in_ms=60000; write_request_timeout_in_ms=2000]
08:03:11.395 [Test worker] INFO  o.a.cassandra.db.commitlog.CommitLog - No commitlog files found; skipping replay
08:03:11.410 [pool-134-thread-1] INFO  o.a.c.service.CassandraDaemon - Hostname: mirek-HP-Pavilion-g6-Notebook-PC
08:03:11.410 [pool-134-thread-1] INFO  o.a.c.service.CassandraDaemon - JVM vendor/version: Java HotSpot(TM) 64-Bit Server VM/1.8.0_144
08:03:11.410 [pool-134-thread-1] INFO  o.a.c.service.CassandraDaemon - Heap size: 221773824/1366818816
08:03:11.411 [pool-134-thread-1] INFO  o.a.c.service.CassandraDaemon - Code Cache Non-heap memory: init = 2555904(2496K) used = 14674368(14330K) committed = 14811136(14464K) max = 251658240(245760K)
08:03:11.411 [pool-134-thread-1] INFO  o.a.c.service.CassandraDaemon - Metaspace Non-heap memory: init = 0(0K) used = 55435080(54135K) committed = 56188928(54872K) max = -1(-1K)
08:03:11.411 [pool-134-thread-1] INFO  o.a.c.service.CassandraDaemon - Compressed Class Space Non-heap memory: init = 0(0K) used = 8010592(7822K) committed = 8216576(8024K) max = 1073741824(1048576K)
08:03:11.411 [pool-134-thread-1] INFO  o.a.c.service.CassandraDaemon - PS Eden Space Heap memory: init = 24641536(24064K) used = 116391936(113664K) committed = 136314880(133120K) max = 504889344(493056K)
08:03:11.411 [pool-134-thread-1] INFO  o.a.c.service.CassandraDaemon - PS Survivor Space Heap memory: init = 3670016(3584K) used = 10918328(10662K) committed = 11010048(10752K) max = 11010048(10752K)
08:03:11.411 [pool-134-thread-1] INFO  o.a.c.service.CassandraDaemon - PS Old Gen Heap memory: init = 64487424(62976K) used = 18874440(18432K) committed = 74448896(72704K) max = 1024983040(1000960K)
08:03:11.411 [pool-134-thread-1] INFO  o.a.c.service.CassandraDaemon - Classpath: /home/mirek/git/cqlmigrate/build/classes/test:/home/mirek/git/cqlmigrate/build/resources/test:/home/mirek/git/cqlmigrate/build/classes/main:/home/mirek/git/cqlmigrate/build/resources/main:/home/mirek/.gradle/caches/modules-2/files-2.1/com.datastax.cassandra/cassandra-driver-core/3.1.0/477cc9c22aba77ff8f88c4e06ac43a23182ff1eb/cassandra-driver-core-3.1.0.jar:/home/mirek/.gradle/caches/modules-2/files-2.1/org.slf4j/slf4j-api/1.7.12/8e20852d05222dc286bf1c71d78d0531e177c317/slf4j-api-1.7.12.jar:/home/mirek/.gradle/caches/modules-2/files-2.1/com.google.code.findbugs/jsr305/3.0.0/5871fb60dc68d67da54a663c3fd636a10a532948/jsr305-3.0.0.jar:/home/mirek/.gradle/caches/modules-2/files-2.1/org.apache.logging.log4j/log4j-core/2.2/c707664e020218f8529b9a5e55016ee15f0f82ac/log4j-core-2.2.jar:/home/mirek/.gradle/caches/modules-2/files-2.1/junit/junit/4.12/2973d150c0dc1fefe998f834810d68f278ea58ec/junit-4.12.jar:/home/mirek/.gradle/caches/modules-2/files-2.1/org.assertj/assertj-core/2.0.0/3557c67231bdeae9f9bbd38dfcc1431e48a4cc9f/assertj-core-2.0.0.jar:/home/mirek/.gradle/caches/modules-2/files-2.1/org.hamcrest/hamcrest-all/1.3/63a21ebc981131004ad02e0434e799fd7f3a8d5a/hamcrest-all-1.3.jar:/home/mirek/.gradle/caches/modules-2/files-2.1/org.mockito/mockito-core/1.10.19/e8546f5bef4e061d8dd73895b4e8f40e3fe6effe/mockito-core-1.10.19.jar:/home/mirek/.gradle/caches/modules-2/files-2.1/org.powermock/powermock-api-mockito/1.6.5/7f5cf8f0ddb3539b28581431bbeda4d81ff5ef02/powermock-api-mockito-1.6.5.jar:/home/mirek/.gradle/caches/modules-2/files-2.1/org.powermock/powermock-module-junit4/1.6.5/e6ad8d4fddb3cc1e11ebf343ecc82ea10b12d5a4/powermock-module-junit4-1.6.5.jar:/home/mirek/.gradle/caches/modules-2/files-2.1/org.scassandra/java-client/1.0.3/976fadc57192aaf42bfdd017b5731fdd9931bbc0/java-client-1.0.3.jar:/home/mirek/.gradle/caches/modules-2/files-2.1/org.cassandraunit/cassandra-unit/3.0.0.1/38fb3128ac3dec8fbdcaf1eefda8aa8ffd5de7d6/cassandra-unit-3.0.0.1.jar:/home/mirek/.gradle/caches/modules-2/files-2.1/io.netty/netty-handler/4.0.37.Final/7fd9da26ef4031fa09e4436c7efd08d2bcbe1a06/netty-handler-4.0.37.Final.jar:/home/mirek/.gradle/caches/modules-2/files-2.1/io.dropwizard.metrics/metrics-core/3.1.2/224f03afd2521c6c94632f566beb1bb5ee32cf07/metrics-core-3.1.2.jar:/home/mirek/.gradle/caches/modules-2/files-2.1/com.github.jnr/jnr-ffi/2.0.7/f0968c5bb5a283ebda2df3604c2c1129d45196e3/jnr-ffi-2.0.7.jar:/home/mirek/.gradle/caches/modules-2/files-2.1/com.github.jnr/jnr-posix/3.0.27/f7441d13187d93d59656ac8f800cba3043935b59/jnr-posix-3.0.27.jar:/home/mirek/.gradle/caches/modules-2/files-2.1/org.apache.logging.log4j/log4j-api/2.2/d7ef6ad7ff0711dd12fe409d62d72d6ed14516e0/log4j-api-2.2.jar:/home/mirek/.gradle/caches/modules-2/files-2.1/org.hamcrest/hamcrest-core/1.3/42a25dc3219429f0e5d060061f71acb49bf010a0/hamcrest-core-1.3.jar:/home/mirek/.gradle/caches/modules-2/files-2.1/com.github.marschall/memoryfilesystem/0.6.4/c6b6b11f5c4681fd54e0099fbde0ee6f40fbaf1e/memoryfilesystem-0.6.4.jar:/home/mirek/.gradle/caches/modules-2/files-2.1/org.powermock/powermock-api-mockito-common/1.6.5/50929570ea185735f8f038ea650a60f6444e7ec3/powermock-api-mockito-common-1.6.5.jar:/home/mirek/.gradle/caches/modules-2/files-2.1/org.powermock/powermock-module-junit4-common/1.6.5/ef0b8507142b3c176d1b8a1937a8490eaf8babe9/powermock-module-junit4-common-1.6.5.jar:/home/mirek/.gradle/caches/modules-2/files-2.1/org.scassandra/cql-antlr/0.1.0/34d43571a1979a3c6e79c0bf10bd428f42015e36/cql-antlr-0.1.0.jar:/home/mirek/.gradle/caches/modules-2/files-2.1/org.apache.httpcomponents/httpclient/4.3.3/18f4247ff4572a074444572cee34647c43e7c9c7/httpclient-4.3.3.jar:/home/mirek/.gradle/caches/modules-2/files-2.1/com.google.code.gson/gson/2.5/686c608d1805b6d4d425ec4459e88164ffc85870/gson-2.5.jar:/home/mirek/.gradle/caches/modules-2/files-2.1/org.scassandra/scassandra-server_2.11/1.0.3/bf272d224247a31f851a7f3c6af62e45fe836c0e/scassandra-server_2.11-1.0.3.jar:/home/mirek/.gradle/caches/modules-2/files-2.1/org.apache.cassandra/cassandra-all/3.4/d307cfed41cbdf9399ebceb0e84ce94604058703/cassandra-all-3.4.jar:/home/mirek/.gradle/caches/modules-2/files-2.1/org.apache.commons/commons-lang3/3.4/5fe28b9518e58819180a43a850fbc0dd24b7c050/commons-lang3-3.4.jar:/home/mirek/.gradle/caches/modules-2/files-2.1/org.hamcrest/hamcrest-library/1.3/4785a3c21320980282f9f33d0d1264a69040538f/hamcrest-library-1.3.jar:/home/mirek/.gradle/caches/modules-2/files-2.1/com.github.jnr/jffi/1.2.10/d58fdb2283456bc3f049bfbef40b592fa1aaa975/jffi-1.2.10.jar:/home/mirek/.gradle/caches/modules-2/files-2.1/com.github.jnr/jffi/1.2.10/7de1bb566847c2ed71d91ca063a8af604f250ade/jffi-1.2.10-native.jar:/home/mirek/.gradle/caches/modules-2/files-2.1/org.ow2.asm/asm/5.0.3/dcc2193db20e19e1feca8b1240dbbc4e190824fa/asm-5.0.3.jar:/home/mirek/.gradle/caches/modules-2/files-2.1/org.ow2.asm/asm-commons/5.0.3/a7111830132c7f87d08fe48cb0ca07630f8cb91c/asm-commons-5.0.3.jar:/home/mirek/.gradle/caches/modules-2/files-2.1/org.ow2.asm/asm-analysis/5.0.3/c7126aded0e8e13fed5f913559a0dd7b770a10f3/asm-analysis-5.0.3.jar:/home/mirek/.gradle/caches/modules-2/files-2.1/org.ow2.asm/asm-tree/5.0.3/287749b48ba7162fb67c93a026d690b29f410bed/asm-tree-5.0.3.jar:/home/mirek/.gradle/caches/modules-2/files-2.1/org.ow2.asm/asm-util/5.0.3/1512e5571325854b05fb1efce1db75fcced54389/asm-util-5.0.3.jar:/home/mirek/.gradle/caches/modules-2/files-2.1/com.github.jnr/jnr-x86asm/1.0.2/6936bbd6c5b235665d87bd450f5e13b52d4b48/jnr-x86asm-1.0.2.jar:/home/mirek/.gradle/caches/modules-2/files-2.1/com.github.jnr/jnr-constants/0.9.0/6894684e17a84cd500836e82b5e6c674b4d4dda6/jnr-constants-0.9.0.jar:/home/mirek/.gradle/caches/modules-2/files-2.1/org.powermock/powermock-api-support/1.6.5/9b0cdf26351d3608a1bf11d3a5b8c96e9c32605/powermock-api-support-1.6.5.jar:/home/mirek/.gradle/caches/modules-2/files-2.1/org.powermock/powermock-core/1.6.5/5c7f30af24a260b9a452c194be0cca373db9aaf6/powermock-core-1.6.5.jar:/home/mirek/.gradle/caches/modules-2/files-2.1/org.powermock/powermock-reflect/1.6.5/3569903763e7741965acc9627ad8253d210feedf/powermock-reflect-1.6.5.jar:/home/mirek/.gradle/caches/modules-2/files-2.1/commons-codec/commons-codec/1.10/4b95f4897fa13f2cd904aee711aeafc0c5295cd8/commons-codec-1.10.jar:/home/mirek/.gradle/caches/modules-2/files-2.1/org.antlr/antlr4-runtime/4.5/29e48af049f17dd89153b83a7ad5d01b3b4bcdda/antlr4-runtime-4.5.jar:/home/mirek/.gradle/caches/modules-2/files-2.1/org.apache.httpcomponents/httpcore/4.3.2/31fbbff1ddbf98f3aa7377c94d33b0447c646b6e/httpcore-4.3.2.jar:/home/mirek/.gradle/caches/modules-2/files-2.1/commons-logging/commons-logging/1.1.3/f6f66e966c70a83ffbdb6f17a0919eaf7c8aca7f/commons-logging-1.1.3.jar:/home/mirek/.gradle/caches/modules-2/files-2.1/io.spray/spray-can_2.11/1.3.3/7ff5673b5ca9eb81e8d2a7b557174185fa449b3f/spray-can_2.11-1.3.3.jar:/home/mirek/.gradle/caches/modules-2/files-2.1/com.typesafe.scala-logging/scala-logging_2.11/3.1.0/134d96ef46da35dbab455eb223255cf31d834a33/scala-logging_2.11-3.1.0.jar:/home/mirek/.gradle/caches/modules-2/files-2.1/com.typesafe.akka/akka-actor_2.11/2.3.9/402af1579ddb9338792ba4f93552eb5ec7b0237b/akka-actor_2.11-2.3.9.jar:/home/mirek/.gradle/caches/modules-2/files-2.1/io.spray/spray-json_2.11/1.3.2/9603e5c9a31d0ae4b1c3ca6310494e4426eb47e4/spray-json_2.11-1.3.2.jar:/home/mirek/.gradle/caches/modules-2/files-2.1/com.typesafe.akka/akka-remote_2.11/2.3.9/b3163e9405d51743db3744f3b2cbff7d1a24cebf/akka-remote_2.11-2.3.9.jar:/home/mirek/.gradle/caches/modules-2/files-2.1/ch.qos.logback/logback-classic/1.0.13/6b56ec752b42ccfa1415c0361fb54b1ed7ca3db6/logback-classic-1.0.13.jar:/home/mirek/.gradle/caches/modules-2/files-2.1/org.scala-lang/scala-library/2.11.7/f75e7acabd57b213d6f61483240286c07213ec0e/scala-library-2.11.7.jar:/home/mirek/.gradle/caches/modules-2/files-2.1/io.spray/spray-routing_2.11/1.3.3/dd6287d8cc7e2e4d4d8996f7a85be7cae15f9c2f/spray-routing_2.11-1.3.3.jar:/home/mirek/.gradle/caches/modules-2/files-2.1/org.xerial.snappy/snappy-java/1.1.1.7/33b6965e9364145972035c30a45a996aad2bf789/snappy-java-1.1.1.7.jar:/home/mirek/.gradle/caches/modules-2/files-2.1/net.jpountz.lz4/lz4/1.3.0/c708bb2590c0652a642236ef45d9f99ff842a2ce/lz4-1.3.0.jar:/home/mirek/.gradle/caches/modules-2/files-2.1/com.ning/compress-lzf/0.8.4/994da6bddb79a40c368d3040f2aa06b94faf6b1f/compress-lzf-0.8.4.jar:/home/mirek/.gradle/caches/modules-2/files-2.1/commons-cli/commons-cli/1.1/11c98b99ad538f2f67633afd4d7f4d98ecfbb408/commons-cli-1.1.jar:/home/mirek/.gradle/caches/modules-2/files-2.1/org.apache.commons/commons-math3/3.2/ec2544ab27e110d2d431bdad7d538ed509b21e62/commons-math3-3.2.jar:/home/mirek/.gradle/caches/modules-2/files-2.1/com.googlecode.concurrentlinkedhashmap/concurrentlinkedhashmap-lru/1.4/d4b42ed76a166a81dbac613339eed3343be6bd2d/concurrentlinkedhashmap-lru-1.4.jar:/home/mirek/.gradle/caches/modules-2/files-2.1/org.antlr/antlr/3.5.2/c4a65c950bfc3e7d04309c515b2177c00baf7764/antlr-3.5.2.jar:/home/mirek/.gradle/caches/modules-2/files-2.1/org.antlr/antlr-runtime/3.5.2/cd9cd41361c155f3af0f653009dcecb08d8b4afd/antlr-runtime-3.5.2.jar:/home/mirek/.gradle/caches/modules-2/files-2.1/org.slf4j/jcl-over-slf4j/1.7.7/56003dcd0a31deea6391b9e2ef2f2dc90b205a92/jcl-over-slf4j-1.7.7.jar:/home/mirek/.gradle/caches/modules-2/files-2.1/org.codehaus.jackson/jackson-core-asl/1.9.2/8493982bba1727106d767034bd0d8e77bc1931a9/jackson-core-asl-1.9.2.jar:/home/mirek/.gradle/caches/modules-2/files-2.1/org.codehaus.jackson/jackson-mapper-asl/1.9.2/95400a7922ce75383866eb72f6ef4a7897923945/jackson-mapper-asl-1.9.2.jar:/home/mirek/.gradle/caches/modules-2/files-2.1/com.googlecode.json-simple/json-simple/1.1/5e303a03d04e6788dddfa3655272580ae0fc13bb/json-simple-1.1.jar:/home/mirek/.gradle/caches/modules-2/files-2.1/com.boundary/high-scale-lib/1.0.6/7b44147cb2729e1724d2d46d7b932c56b65087f0/high-scale-lib-1.0.6.jar:/home/mirek/.gradle/caches/modules-2/files-2.1/org.mindrot/jbcrypt/0.3m/fe2d9c5f23767d681a7e38fc8986b812400ec583/jbcrypt-0.3m.jar:/home/mirek/.gradle/caches/modules-2/files-2.1/com.addthis.metrics/reporter-config3/3.0.0/8ee29824c98d1d4f2f323be9b590e4d49026c217/reporter-config3-3.0.0.jar:/home/mirek/.gradle/caches/modules-2/files-2.1/com.thinkaurelius.thrift/thrift-server/0.3.7/e8182774da1b1dde3704f450837c79997b5d7025/thrift-server-0.3.7.jar:/home/mirek/.gradle/caches/modules-2/files-2.1/com.clearspring.analytics/stream/2.5.2/8ec983689f4cc5463d012f415129b0c9fe296b7a/stream-2.5.2.jar:/home/mirek/.gradle/caches/modules-2/files-2.1/org.apache.thrift/libthrift/0.9.2/9b067e2e2c5291e9f0d8b3561b1654286e6d81ee/libthrift-0.9.2.jar:/home/mirek/.gradle/caches/modules-2/files-2.1/org.apache.cassandra/cassandra-thrift/3.4/a87244387ffeb43f688c54795308edff973fc778/cassandra-thrift-3.4.jar:/home/mirek/.gradle/caches/modules-2/files-2.1/com.github.jbellis/jamm/0.3.0/a08af6071e57d4eb5d13db780c7810f73b549f1a/jamm-0.3.0.jar:/home/mirek/.gradle/caches/modules-2/files-2.1/joda-time/joda-time/2.4/89e9725439adffbbd41c5f5c215c136082b34a7f/joda-time-2.4.jar:/home/mirek/.gradle/caches/modules-2/files-2.1/org.fusesource/sigar/1.6.4/e91a355d337a0b1991f54181627d63c9973624c3/sigar-1.6.4.jar:/home/mirek/.gradle/caches/modules-2/files-2.1/org.eclipse.jdt.core.compiler/ecj/4.4.2/71d67f5bab9465ec844596ef844f40902ae25392/ecj-4.4.2.jar:/home/mirek/.gradle/caches/modules-2/files-2.1/org.caffinitas.ohc/ohc-core/0.4.2/acfb58f4315f5bc0364219ae75523ee1733aeb17/ohc-core-0.4.2.jar:/home/mirek/.gradle/caches/modules-2/files-2.1/org.javassist/javassist/3.20.0-GA/a9cbcdfb7e9f86fbc74d3afae65f2248bfbf82a0/javassist-3.20.0-GA.jar:/home/mirek/.gradle/caches/modules-2/files-2.1/org.abego.treelayout/org.abego.treelayout.core/1.0.1/e31e79cba7a5414cf18fa69f3f0a2cf9ee997b61/org.abego.treelayout.core-1.0.1.jar:/home/mirek/.gradle/caches/modules-2/files-2.1/io.spray/spray-io_2.11/1.3.3/477b0dda63102505bfa8234c9931397f2e11c5c/spray-io_2.11-1.3.3.jar:/home/mirek/.gradle/caches/modules-2/files-2.1/io.spray/spray-http_2.11/1.3.3/e1364c0e9c8a52940a23c9c2d601a3afde60913b/spray-http_2.11-1.3.3.jar:/home/mirek/.gradle/caches/modules-2/files-2.1/io.spray/spray-util_2.11/1.3.3/5ec562f574f2180ff9ad704caf13d56f0cbdc8d2/spray-util_2.11-1.3.3.jar:/home/mirek/.gradle/caches/modules-2/files-2.1/org.scala-lang/scala-reflect/2.11.1/6580347e61cc7f8e802941e7fde40fa83b8badeb/scala-reflect-2.11.1.jar:/home/mirek/.gradle/caches/modules-2/files-2.1/com.typesafe/config/1.2.1/f771f71fdae3df231bcd54d5ca2d57f0bf93f467/config-1.2.1.jar:/home/mirek/.gradle/caches/modules-2/files-2.1/io.netty/netty/3.8.0.Final/65e00948a33493081e4f6a8619d82ab3d4024af1/netty-3.8.0.Final.jar:/home/mirek/.gradle/caches/modules-2/files-2.1/com.google.protobuf/protobuf-java/2.5.0/a10732c76bfacdbd633a7eb0f7968b1059a65dfa/protobuf-java-2.5.0.jar:/home/mirek/.gradle/caches/modules-2/files-2.1/org.uncommons.maths/uncommons-maths/1.2.2a/e4e84f879d4160be9508aa3904516ec30c39e815/uncommons-maths-1.2.2a.jar:/home/mirek/.gradle/caches/modules-2/files-2.1/ch.qos.logback/logback-core/1.0.13/dc6e6ce937347bd4d990fc89f4ceb469db53e45e/logback-core-1.0.13.jar:/home/mirek/.gradle/caches/modules-2/files-2.1/io.spray/spray-httpx_2.11/1.3.3/10dd0eab76765f76332235030ee1958d8e9e2f05/spray-httpx_2.11-1.3.3.jar:/home/mirek/.gradle/caches/modules-2/files-2.1/com.chuusai/shapeless_2.11/1.2.4/3b7c2ebd20b599b3521aab75df549c774b4bbe23/shapeless_2.11-1.2.4.jar:/home/mirek/.gradle/caches/modules-2/files-2.1/org.antlr/ST4/4.0.8/a1c55e974f8a94d78e2348fa6ff63f4fa1fae64/ST4-4.0.8.jar:/home/mirek/.gradle/caches/modules-2/files-2.1/com.addthis.metrics/reporter-config-base/3.0.0/e3ad264a64b318e9940c0239affd0d1be8b8e11c/reporter-config-base-3.0.0.jar:/home/mirek/.gradle/caches/modules-2/files-2.1/com.lmax/disruptor/3.0.1/d68c363b12827c644bd60469827b862cad7dc0a2/disruptor-3.0.1.jar:/home/mirek/.gradle/caches/modules-2/files-2.1/it.unimi.dsi/fastutil/6.5.7/dec71174d0c8a20f355e5af8b59f25eb424c49d3/fastutil-6.5.7.jar:/home/mirek/.gradle/caches/modules-2/files-2.1/com.carrotsearch/hppc/0.5.4/21b0c8e70f4285dd10eaeb517cacb16d5bb2dd63/hppc-0.5.4.jar:/home/mirek/.gradle/caches/modules-2/files-2.1/de.jflex/jflex/1.6.0/9d3b308283617fe047b437839e45dc4fe48a4f2a/jflex-1.6.0.jar:/home/mirek/.gradle/caches/modules-2/files-2.1/net.mintern/primitive/1.0/37789a58098944050660954a15f94c9ad99c867d/primitive-1.0.jar:/home/mirek/.gradle/caches/modules-2/files-2.1/com.github.rholder/snowball-stemmer/1.3.0.581.1/35a89d519949c33c6f28e8f37b3df7893b776ca4/snowball-stemmer-1.3.0.581.1.jar:/home/mirek/.gradle/caches/modules-2/files-2.1/com.googlecode.concurrent-trees/concurrent-trees/2.4.0/2e505b78f9216abebbbdf1c3254bf9f4c565ae43/concurrent-trees-2.4.0.jar:/home/mirek/.gradle/caches/modules-2/files-2.1/org.parboiled/parboiled-scala_2.11/1.1.7/4e14ecb11f40f25216ce01dc349f541bc801354f/parboiled-scala_2.11-1.1.7.jar:/home/mirek/.gradle/caches/modules-2/files-2.1/org.scala-lang.modules/scala-xml_2.11/1.0.3/8f295fc7620bf5a71eb7e34e71d97207aa534abf/scala-xml_2.11-1.0.3.jar:/home/mirek/.gradle/caches/modules-2/files-2.1/org.jvnet.mimepull/mimepull/1.9.5/4ae665c707798da16886f916cda02ec61ea538f6/mimepull-1.9.5.jar:/home/mirek/.gradle/caches/modules-2/files-2.1/org.apache.ant/ant/1.7.0/9746af1a485e50cf18dcb232489032a847067066/ant-1.7.0.jar:/home/mirek/.gradle/caches/modules-2/files-2.1/org.parboiled/parboiled-core/1.1.7/a60ff9a54cbeb30ec44c89e16ac4c35913cbad5a/parboiled-core-1.1.7.jar:/home/mirek/.gradle/caches/modules-2/files-2.1/org.apache.ant/ant-launcher/1.7.0/e7e30789211e074aa70ef3eaea59bd5b22a7fa7a/ant-launcher-1.7.0.jar:/home/mirek/.gradle/caches/modules-2/files-2.1/com.google.guava/guava/18.0/cce0823396aa693798f8882e64213b1772032b09/guava-18.0.jar:/home/mirek/.gradle/caches/modules-2/files-2.1/io.netty/netty-buffer/4.0.37.Final/35be4e226aaa048ebff0a10548242e5007a94196/netty-buffer-4.0.37.Final.jar:/home/mirek/.gradle/caches/modules-2/files-2.1/io.netty/netty-transport/4.0.37.Final/4ac573ff1fc7a99fc4a8fa8cab56cf6ab3bb008c/netty-transport-4.0.37.Final.jar:/home/mirek/.gradle/caches/modules-2/files-2.1/io.netty/netty-codec/4.0.37.Final/fbc8d248adc1ef17847817b67b8050b14e95b7e2/netty-codec-4.0.37.Final.jar:/home/mirek/.gradle/caches/modules-2/files-2.1/io.netty/netty-common/4.0.37.Final/1fb66d166358d78e9ac85419fabdf2b764ff27f3/netty-common-4.0.37.Final.jar:/home/mirek/.gradle/caches/modules-2/files-2.1/org.objenesis/objenesis/2.2/3fb533efdaa50a768c394aa4624144cf8df17845/objenesis-2.2.jar:/home/mirek/.gradle/caches/modules-2/files-2.1/org.yaml/snakeyaml/1.12/ebe66a6b88caab31d7a19571ad23656377523545/snakeyaml-1.12.jar:/home/mirek/.gradle/caches/modules-2/files-2.1/net.java.dev.jna/jna/4.1.0/1c12d070e602efd8021891cdd7fd18bc129372d4/jna-4.1.0.jar
08:03:11.412 [pool-134-thread-1] INFO  o.a.c.service.CassandraDaemon - JVM Arguments: [-Dcassandra.storagedir=/tmp/cassandra, -Djava.security.manager=worker.org.gradle.process.internal.worker.child.BootstrapSecurityManager, -Dfile.encoding=UTF-8, -Duser.country=GB, -Duser.language=en, -Duser.variant, -ea]
08:03:11.413 [pool-134-thread-1] WARN  org.apache.cassandra.utils.CLibrary - Unable to lock JVM memory (ENOMEM). This can result in part of the JVM being swapped out, especially with mmapped I/O enabled. Increase RLIMIT_MEMLOCK or run Cassandra as root.
08:03:11.413 [pool-134-thread-1] WARN  o.a.cassandra.service.StartupChecks - jemalloc shared library could not be preloaded to speed up memory allocations
08:03:11.413 [pool-134-thread-1] WARN  o.a.cassandra.service.StartupChecks - JMX is not enabled to receive remote connections. Please see cassandra-env.sh for more info.
08:03:11.413 [pool-134-thread-1] ERROR o.a.cassandra.service.StartupChecks - cassandra.jmx.local.port missing from cassandra-env.sh, unable to start local JMX service.
08:03:11.415 [pool-134-thread-1] INFO  o.a.cassandra.utils.SigarLibrary - Initializing SIGAR library
08:03:11.427 [pool-134-thread-1] INFO  o.a.cassandra.utils.SigarLibrary - Could not initialize SIGAR library org.hyperic.sigar.Sigar.getFileSystemListNative()[Lorg/hyperic/sigar/FileSystem; 
08:03:11.427 [pool-134-thread-1] INFO  o.a.cassandra.utils.SigarLibrary - Sigar could not be initialized, test for checking degraded mode omitted.
08:03:11.892 [pool-134-thread-1] INFO  o.a.cassandra.db.ColumnFamilyStore - Initializing system.IndexInfo
08:03:12.721 [pool-134-thread-1] INFO  o.a.cassandra.db.ColumnFamilyStore - Initializing system.batches
08:03:12.727 [pool-134-thread-1] INFO  o.a.cassandra.db.ColumnFamilyStore - Initializing system.paxos
08:03:12.736 [pool-134-thread-1] INFO  o.a.cassandra.db.ColumnFamilyStore - Initializing system.local
08:03:12.741 [pool-134-thread-1] INFO  o.a.cassandra.db.ColumnFamilyStore - Initializing system.peers
08:03:12.746 [pool-134-thread-1] INFO  o.a.cassandra.db.ColumnFamilyStore - Initializing system.peer_events
08:03:12.751 [pool-134-thread-1] INFO  o.a.cassandra.db.ColumnFamilyStore - Initializing system.range_xfers
08:03:12.756 [pool-134-thread-1] INFO  o.a.cassandra.db.ColumnFamilyStore - Initializing system.compaction_history
08:03:12.761 [pool-134-thread-1] INFO  o.a.cassandra.db.ColumnFamilyStore - Initializing system.sstable_activity
08:03:12.766 [pool-134-thread-1] INFO  o.a.cassandra.db.ColumnFamilyStore - Initializing system.size_estimates
08:03:12.771 [pool-134-thread-1] INFO  o.a.cassandra.db.ColumnFamilyStore - Initializing system.available_ranges
08:03:12.777 [pool-134-thread-1] INFO  o.a.cassandra.db.ColumnFamilyStore - Initializing system.views_builds_in_progress
08:03:12.781 [pool-134-thread-1] INFO  o.a.cassandra.db.ColumnFamilyStore - Initializing system.built_views
08:03:12.787 [pool-134-thread-1] INFO  o.a.cassandra.db.ColumnFamilyStore - Initializing system.hints
08:03:12.793 [pool-134-thread-1] INFO  o.a.cassandra.db.ColumnFamilyStore - Initializing system.batchlog
08:03:12.798 [pool-134-thread-1] INFO  o.a.cassandra.db.ColumnFamilyStore - Initializing system.schema_keyspaces
08:03:12.803 [pool-134-thread-1] INFO  o.a.cassandra.db.ColumnFamilyStore - Initializing system.schema_columnfamilies
08:03:12.808 [pool-134-thread-1] INFO  o.a.cassandra.db.ColumnFamilyStore - Initializing system.schema_columns
08:03:12.813 [pool-134-thread-1] INFO  o.a.cassandra.db.ColumnFamilyStore - Initializing system.schema_triggers
08:03:12.819 [pool-134-thread-1] INFO  o.a.cassandra.db.ColumnFamilyStore - Initializing system.schema_usertypes
08:03:12.824 [pool-134-thread-1] INFO  o.a.cassandra.db.ColumnFamilyStore - Initializing system.schema_functions
08:03:12.828 [pool-134-thread-1] INFO  o.a.cassandra.db.ColumnFamilyStore - Initializing system.schema_aggregates
08:03:13.159 [MemtableFlushWriter:1] INFO  o.a.cassandra.service.CacheService - Initializing key cache with capacity of 10 MBs.
08:03:13.168 [MemtableFlushWriter:1] INFO  o.a.cassandra.service.CacheService - Initializing row cache with capacity of 0 MBs
08:03:13.170 [MemtableFlushWriter:1] INFO  o.a.cassandra.service.CacheService - Initializing counter cache with capacity of 5 MBs
08:03:13.171 [MemtableFlushWriter:1] INFO  o.a.cassandra.service.CacheService - Scheduling counter cache save to every 7200 seconds (going to save all keys).
08:03:13.364 [CompactionExecutor:2] INFO  o.a.c.utils.memory.BufferPool - Global buffer pool is enabled, when pool is exahusted (max is 512 mb) it will allocate on heap
08:03:13.492 [pool-134-thread-1] INFO  o.a.cassandra.service.StorageService - Populating token metadata from system tables
08:03:13.522 [pool-134-thread-1] INFO  o.a.c.config.YamlConfigurationLoader - Node configuration:[authenticator=AllowAllAuthenticator; authorizer=AllowAllAuthorizer; auto_snapshot=false; cas_contention_timeout_in_ms=1000; cluster_name=Test Cluster; column_index_size_in_kb=64; commitlog_directory=target/embeddedCassandra/commitlog; commitlog_segment_size_in_mb=32; commitlog_sync=periodic; commitlog_sync_period_in_ms=10000; compaction_throughput_mb_per_sec=16; concurrent_reads=32; concurrent_writes=32; cross_node_timeout=false; data_file_directories=[target/embeddedCassandra/data]; disk_failure_policy=stop; dynamic_snitch_badness_threshold=0.1; dynamic_snitch_reset_interval_in_ms=600000; dynamic_snitch_update_interval_in_ms=100; encryption_options={internode_encryption=none, keystore=conf/.keystore, keystore_password=cassandra, truststore=conf/.truststore, truststore_password=cassandra}; endpoint_snitch=SimpleSnitch; hinted_handoff_enabled=true; hinted_handoff_throttle_in_kb=1024; incremental_backups=false; index_interval=128; key_cache_save_period=14400; key_cache_size_in_mb=null; listen_address=127.0.0.1; max_hint_window_in_ms=10800000; max_hints_delivery_threads=2; native_transport_port=35627; partitioner=org.apache.cassandra.dht.Murmur3Partitioner; permissions_validity_in_ms=2000; range_request_timeout_in_ms=10000; read_request_timeout_in_ms=5000; request_scheduler=org.apache.cassandra.scheduler.NoScheduler; request_timeout_in_ms=10000; row_cache_save_period=0; row_cache_size_in_mb=0; rpc_address=localhost; rpc_keepalive=true; rpc_port=32857; rpc_server_type=sync; saved_caches_directory=target/embeddedCassandra/saved_caches; seed_provider=[{class_name=org.apache.cassandra.locator.SimpleSeedProvider, parameters=[{seeds=127.0.0.1}]}]; snapshot_before_compaction=false; ssl_storage_port=7011; start_native_transport=true; start_rpc=true; storage_port=42949; thrift_framed_transport_size_in_mb=15; thrift_max_message_length_in_mb=16; trickle_fsync=false; trickle_fsync_interval_in_kb=10240; truncate_request_timeout_in_ms=60000; write_request_timeout_in_ms=2000]
08:03:13.533 [pool-134-thread-1] INFO  o.a.cassandra.service.StorageService - Token metadata: 
08:03:13.540 [pool-134-thread-1] INFO  o.a.cassandra.db.ColumnFamilyStore - Initializing system_schema.keyspaces
08:03:13.546 [pool-134-thread-1] INFO  o.a.cassandra.db.ColumnFamilyStore - Initializing system_schema.tables
08:03:13.553 [pool-134-thread-1] INFO  o.a.cassandra.db.ColumnFamilyStore - Initializing system_schema.columns
08:03:13.559 [pool-134-thread-1] INFO  o.a.cassandra.db.ColumnFamilyStore - Initializing system_schema.triggers
08:03:13.564 [pool-134-thread-1] INFO  o.a.cassandra.db.ColumnFamilyStore - Initializing system_schema.dropped_columns
08:03:13.568 [pool-134-thread-1] INFO  o.a.cassandra.db.ColumnFamilyStore - Initializing system_schema.views
08:03:13.573 [pool-134-thread-1] INFO  o.a.cassandra.db.ColumnFamilyStore - Initializing system_schema.types
08:03:13.577 [pool-134-thread-1] INFO  o.a.cassandra.db.ColumnFamilyStore - Initializing system_schema.functions
08:03:13.581 [pool-134-thread-1] INFO  o.a.cassandra.db.ColumnFamilyStore - Initializing system_schema.aggregates
08:03:13.585 [pool-134-thread-1] INFO  o.a.cassandra.db.ColumnFamilyStore - Initializing system_schema.indexes
08:03:13.597 [pool-134-thread-1] INFO  o.a.cassandra.cache.AutoSavingCache - Completed loading (1 ms; 1 keys) KeyCache cache
08:03:13.606 [pool-134-thread-1] INFO  o.a.cassandra.service.StorageService - Populating token metadata from system tables
08:03:13.615 [pool-134-thread-1] INFO  o.a.c.config.YamlConfigurationLoader - Node configuration:[authenticator=AllowAllAuthenticator; authorizer=AllowAllAuthorizer; auto_snapshot=false; cas_contention_timeout_in_ms=1000; cluster_name=Test Cluster; column_index_size_in_kb=64; commitlog_directory=target/embeddedCassandra/commitlog; commitlog_segment_size_in_mb=32; commitlog_sync=periodic; commitlog_sync_period_in_ms=10000; compaction_throughput_mb_per_sec=16; concurrent_reads=32; concurrent_writes=32; cross_node_timeout=false; data_file_directories=[target/embeddedCassandra/data]; disk_failure_policy=stop; dynamic_snitch_badness_threshold=0.1; dynamic_snitch_reset_interval_in_ms=600000; dynamic_snitch_update_interval_in_ms=100; encryption_options={internode_encryption=none, keystore=conf/.keystore, keystore_password=cassandra, truststore=conf/.truststore, truststore_password=cassandra}; endpoint_snitch=SimpleSnitch; hinted_handoff_enabled=true; hinted_handoff_throttle_in_kb=1024; incremental_backups=false; index_interval=128; key_cache_save_period=14400; key_cache_size_in_mb=null; listen_address=127.0.0.1; max_hint_window_in_ms=10800000; max_hints_delivery_threads=2; native_transport_port=35627; partitioner=org.apache.cassandra.dht.Murmur3Partitioner; permissions_validity_in_ms=2000; range_request_timeout_in_ms=10000; read_request_timeout_in_ms=5000; request_scheduler=org.apache.cassandra.scheduler.NoScheduler; request_timeout_in_ms=10000; row_cache_save_period=0; row_cache_size_in_mb=0; rpc_address=localhost; rpc_keepalive=true; rpc_port=32857; rpc_server_type=sync; saved_caches_directory=target/embeddedCassandra/saved_caches; seed_provider=[{class_name=org.apache.cassandra.locator.SimpleSeedProvider, parameters=[{seeds=127.0.0.1}]}]; snapshot_before_compaction=false; ssl_storage_port=7011; start_native_transport=true; start_rpc=true; storage_port=42949; thrift_framed_transport_size_in_mb=15; thrift_max_message_length_in_mb=16; trickle_fsync=false; trickle_fsync_interval_in_kb=10240; truncate_request_timeout_in_ms=60000; write_request_timeout_in_ms=2000]
08:03:13.620 [pool-134-thread-1] INFO  o.a.cassandra.service.StorageService - Token metadata: 
08:03:13.700 [pool-134-thread-1] INFO  o.a.cassandra.service.StorageService - Cassandra version: 3.4
08:03:13.700 [pool-134-thread-1] INFO  o.a.cassandra.service.StorageService - Thrift API version: 20.1.0
08:03:13.700 [pool-134-thread-1] INFO  o.a.cassandra.service.StorageService - CQL supported versions: 3.4.0 (default: 3.4.0)
08:03:13.728 [pool-134-thread-1] INFO  o.a.c.io.sstable.IndexSummaryManager - Initializing index summary manager with a memory pool size of 10 MB and a resize interval of 60 minutes
08:03:13.729 [pool-134-thread-1] INFO  o.a.cassandra.service.StorageService - Loading persisted ring state
08:03:13.735 [pool-134-thread-1] INFO  o.a.c.config.YamlConfigurationLoader - Node configuration:[authenticator=AllowAllAuthenticator; authorizer=AllowAllAuthorizer; auto_snapshot=false; cas_contention_timeout_in_ms=1000; cluster_name=Test Cluster; column_index_size_in_kb=64; commitlog_directory=target/embeddedCassandra/commitlog; commitlog_segment_size_in_mb=32; commitlog_sync=periodic; commitlog_sync_period_in_ms=10000; compaction_throughput_mb_per_sec=16; concurrent_reads=32; concurrent_writes=32; cross_node_timeout=false; data_file_directories=[target/embeddedCassandra/data]; disk_failure_policy=stop; dynamic_snitch_badness_threshold=0.1; dynamic_snitch_reset_interval_in_ms=600000; dynamic_snitch_update_interval_in_ms=100; encryption_options={internode_encryption=none, keystore=conf/.keystore, keystore_password=cassandra, truststore=conf/.truststore, truststore_password=cassandra}; endpoint_snitch=SimpleSnitch; hinted_handoff_enabled=true; hinted_handoff_throttle_in_kb=1024; incremental_backups=false; index_interval=128; key_cache_save_period=14400; key_cache_size_in_mb=null; listen_address=127.0.0.1; max_hint_window_in_ms=10800000; max_hints_delivery_threads=2; native_transport_port=35627; partitioner=org.apache.cassandra.dht.Murmur3Partitioner; permissions_validity_in_ms=2000; range_request_timeout_in_ms=10000; read_request_timeout_in_ms=5000; request_scheduler=org.apache.cassandra.scheduler.NoScheduler; request_timeout_in_ms=10000; row_cache_save_period=0; row_cache_size_in_mb=0; rpc_address=localhost; rpc_keepalive=true; rpc_port=32857; rpc_server_type=sync; saved_caches_directory=target/embeddedCassandra/saved_caches; seed_provider=[{class_name=org.apache.cassandra.locator.SimpleSeedProvider, parameters=[{seeds=127.0.0.1}]}]; snapshot_before_compaction=false; ssl_storage_port=7011; start_native_transport=true; start_rpc=true; storage_port=42949; thrift_framed_transport_size_in_mb=15; thrift_max_message_length_in_mb=16; trickle_fsync=false; trickle_fsync_interval_in_kb=10240; truncate_request_timeout_in_ms=60000; write_request_timeout_in_ms=2000]
08:03:13.740 [pool-134-thread-1] WARN  o.apache.cassandra.db.SystemKeyspace - No host ID found, created e649eb4f-42c4-446c-beeb-28739cfc4f57 (Note: This should happen exactly once per node).
08:03:13.743 [pool-134-thread-1] INFO  o.a.cassandra.service.StorageService - Starting up server gossip
08:03:13.782 [pool-134-thread-1] INFO  o.a.c.config.YamlConfigurationLoader - Node configuration:[authenticator=AllowAllAuthenticator; authorizer=AllowAllAuthorizer; auto_snapshot=false; cas_contention_timeout_in_ms=1000; cluster_name=Test Cluster; column_index_size_in_kb=64; commitlog_directory=target/embeddedCassandra/commitlog; commitlog_segment_size_in_mb=32; commitlog_sync=periodic; commitlog_sync_period_in_ms=10000; compaction_throughput_mb_per_sec=16; concurrent_reads=32; concurrent_writes=32; cross_node_timeout=false; data_file_directories=[target/embeddedCassandra/data]; disk_failure_policy=stop; dynamic_snitch_badness_threshold=0.1; dynamic_snitch_reset_interval_in_ms=600000; dynamic_snitch_update_interval_in_ms=100; encryption_options={internode_encryption=none, keystore=conf/.keystore, keystore_password=cassandra, truststore=conf/.truststore, truststore_password=cassandra}; endpoint_snitch=SimpleSnitch; hinted_handoff_enabled=true; hinted_handoff_throttle_in_kb=1024; incremental_backups=false; index_interval=128; key_cache_save_period=14400; key_cache_size_in_mb=null; listen_address=127.0.0.1; max_hint_window_in_ms=10800000; max_hints_delivery_threads=2; native_transport_port=35627; partitioner=org.apache.cassandra.dht.Murmur3Partitioner; permissions_validity_in_ms=2000; range_request_timeout_in_ms=10000; read_request_timeout_in_ms=5000; request_scheduler=org.apache.cassandra.scheduler.NoScheduler; request_timeout_in_ms=10000; row_cache_save_period=0; row_cache_size_in_mb=0; rpc_address=localhost; rpc_keepalive=true; rpc_port=32857; rpc_server_type=sync; saved_caches_directory=target/embeddedCassandra/saved_caches; seed_provider=[{class_name=org.apache.cassandra.locator.SimpleSeedProvider, parameters=[{seeds=127.0.0.1}]}]; snapshot_before_compaction=false; ssl_storage_port=7011; start_native_transport=true; start_rpc=true; storage_port=42949; thrift_framed_transport_size_in_mb=15; thrift_max_message_length_in_mb=16; trickle_fsync=false; trickle_fsync_interval_in_kb=10240; truncate_request_timeout_in_ms=60000; write_request_timeout_in_ms=2000]
08:03:13.791 [pool-134-thread-1] INFO  o.a.cassandra.net.MessagingService - Starting Messaging Service on /127.0.0.1:42949 (lo)
08:03:13.802 [pool-134-thread-1] INFO  o.a.c.config.YamlConfigurationLoader - Node configuration:[authenticator=AllowAllAuthenticator; authorizer=AllowAllAuthorizer; auto_snapshot=false; cas_contention_timeout_in_ms=1000; cluster_name=Test Cluster; column_index_size_in_kb=64; commitlog_directory=target/embeddedCassandra/commitlog; commitlog_segment_size_in_mb=32; commitlog_sync=periodic; commitlog_sync_period_in_ms=10000; compaction_throughput_mb_per_sec=16; concurrent_reads=32; concurrent_writes=32; cross_node_timeout=false; data_file_directories=[target/embeddedCassandra/data]; disk_failure_policy=stop; dynamic_snitch_badness_threshold=0.1; dynamic_snitch_reset_interval_in_ms=600000; dynamic_snitch_update_interval_in_ms=100; encryption_options={internode_encryption=none, keystore=conf/.keystore, keystore_password=cassandra, truststore=conf/.truststore, truststore_password=cassandra}; endpoint_snitch=SimpleSnitch; hinted_handoff_enabled=true; hinted_handoff_throttle_in_kb=1024; incremental_backups=false; index_interval=128; key_cache_save_period=14400; key_cache_size_in_mb=null; listen_address=127.0.0.1; max_hint_window_in_ms=10800000; max_hints_delivery_threads=2; native_transport_port=35627; partitioner=org.apache.cassandra.dht.Murmur3Partitioner; permissions_validity_in_ms=2000; range_request_timeout_in_ms=10000; read_request_timeout_in_ms=5000; request_scheduler=org.apache.cassandra.scheduler.NoScheduler; request_timeout_in_ms=10000; row_cache_save_period=0; row_cache_size_in_mb=0; rpc_address=localhost; rpc_keepalive=true; rpc_port=32857; rpc_server_type=sync; saved_caches_directory=target/embeddedCassandra/saved_caches; seed_provider=[{class_name=org.apache.cassandra.locator.SimpleSeedProvider, parameters=[{seeds=127.0.0.1}]}]; snapshot_before_compaction=false; ssl_storage_port=7011; start_native_transport=true; start_rpc=true; storage_port=42949; thrift_framed_transport_size_in_mb=15; thrift_max_message_length_in_mb=16; trickle_fsync=false; trickle_fsync_interval_in_kb=10240; truncate_request_timeout_in_ms=60000; write_request_timeout_in_ms=2000]
08:03:13.804 [pool-134-thread-1] INFO  o.a.cassandra.service.StorageService - This node will not auto bootstrap because it is configured to be a seed node.
08:03:13.808 [pool-134-thread-1] INFO  o.a.c.config.YamlConfigurationLoader - Node configuration:[authenticator=AllowAllAuthenticator; authorizer=AllowAllAuthorizer; auto_snapshot=false; cas_contention_timeout_in_ms=1000; cluster_name=Test Cluster; column_index_size_in_kb=64; commitlog_directory=target/embeddedCassandra/commitlog; commitlog_segment_size_in_mb=32; commitlog_sync=periodic; commitlog_sync_period_in_ms=10000; compaction_throughput_mb_per_sec=16; concurrent_reads=32; concurrent_writes=32; cross_node_timeout=false; data_file_directories=[target/embeddedCassandra/data]; disk_failure_policy=stop; dynamic_snitch_badness_threshold=0.1; dynamic_snitch_reset_interval_in_ms=600000; dynamic_snitch_update_interval_in_ms=100; encryption_options={internode_encryption=none, keystore=conf/.keystore, keystore_password=cassandra, truststore=conf/.truststore, truststore_password=cassandra}; endpoint_snitch=SimpleSnitch; hinted_handoff_enabled=true; hinted_handoff_throttle_in_kb=1024; incremental_backups=false; index_interval=128; key_cache_save_period=14400; key_cache_size_in_mb=null; listen_address=127.0.0.1; max_hint_window_in_ms=10800000; max_hints_delivery_threads=2; native_transport_port=35627; partitioner=org.apache.cassandra.dht.Murmur3Partitioner; permissions_validity_in_ms=2000; range_request_timeout_in_ms=10000; read_request_timeout_in_ms=5000; request_scheduler=org.apache.cassandra.scheduler.NoScheduler; request_timeout_in_ms=10000; row_cache_save_period=0; row_cache_size_in_mb=0; rpc_address=localhost; rpc_keepalive=true; rpc_port=32857; rpc_server_type=sync; saved_caches_directory=target/embeddedCassandra/saved_caches; seed_provider=[{class_name=org.apache.cassandra.locator.SimpleSeedProvider, parameters=[{seeds=127.0.0.1}]}]; snapshot_before_compaction=false; ssl_storage_port=7011; start_native_transport=true; start_rpc=true; storage_port=42949; thrift_framed_transport_size_in_mb=15; thrift_max_message_length_in_mb=16; trickle_fsync=false; trickle_fsync_interval_in_kb=10240; truncate_request_timeout_in_ms=60000; write_request_timeout_in_ms=2000]
08:03:13.815 [pool-134-thread-1] WARN  o.a.cassandra.service.StorageService - Generated random token [399726411022559347]. Random tokens will result in an unbalanced ring; see http://wiki.apache.org/cassandra/Operations
08:03:13.834 [pool-134-thread-1] INFO  o.a.c.service.MigrationManager - Create new Keyspace: KeyspaceMetadata{name=system_traces, params=KeyspaceParams{durable_writes=true, replication=ReplicationParams{class=org.apache.cassandra.locator.SimpleStrategy, replication_factor=2}}, tables=[org.apache.cassandra.config.CFMetaData@1cae8917[cfId=c5e99f16-8677-3914-b17e-960613512345,ksName=system_traces,cfName=sessions,flags=[COMPOUND],params=TableParams{comment=tracing sessions, read_repair_chance=0.0, dclocal_read_repair_chance=0.0, bloom_filter_fp_chance=0.01, crc_check_chance=1.0, gc_grace_seconds=0, default_time_to_live=0, memtable_flush_period_in_ms=3600000, min_index_interval=128, max_index_interval=2048, speculative_retry=99PERCENTILE, caching={'keys' : 'ALL', 'rows_per_partition' : 'NONE'}, compaction=CompactionParams{class=org.apache.cassandra.db.compaction.SizeTieredCompactionStrategy, options={min_threshold=4, max_threshold=32}}, compression=org.apache.cassandra.schema.CompressionParams@4bba6907, extensions={}},comparator=comparator(),partitionColumns=[[] | [client command coordinator duration request started_at parameters]],partitionKeyColumns=[ColumnDefinition{name=session_id, type=org.apache.cassandra.db.marshal.UUIDType, kind=PARTITION_KEY, position=0}],clusteringColumns=[],keyValidator=org.apache.cassandra.db.marshal.UUIDType,columnMetadata=[ColumnDefinition{name=client, type=org.apache.cassandra.db.marshal.InetAddressType, kind=REGULAR, position=-1}, ColumnDefinition{name=command, type=org.apache.cassandra.db.marshal.UTF8Type, kind=REGULAR, position=-1}, ColumnDefinition{name=session_id, type=org.apache.cassandra.db.marshal.UUIDType, kind=PARTITION_KEY, position=0}, ColumnDefinition{name=coordinator, type=org.apache.cassandra.db.marshal.InetAddressType, kind=REGULAR, position=-1}, ColumnDefinition{name=request, type=org.apache.cassandra.db.marshal.UTF8Type, kind=REGULAR, position=-1}, ColumnDefinition{name=started_at, type=org.apache.cassandra.db.marshal.TimestampType, kind=REGULAR, position=-1}, ColumnDefinition{name=duration, type=org.apache.cassandra.db.marshal.Int32Type, kind=REGULAR, position=-1}, ColumnDefinition{name=parameters, type=org.apache.cassandra.db.marshal.MapType(org.apache.cassandra.db.marshal.UTF8Type,org.apache.cassandra.db.marshal.UTF8Type), kind=REGULAR, position=-1}],droppedColumns={},triggers=[],indexes=[]], org.apache.cassandra.config.CFMetaData@13f9fec9[cfId=8826e8e9-e16a-3728-8753-3bc1fc713c25,ksName=system_traces,cfName=events,flags=[COMPOUND],params=TableParams{comment=tracing events, read_repair_chance=0.0, dclocal_read_repair_chance=0.0, bloom_filter_fp_chance=0.01, crc_check_chance=1.0, gc_grace_seconds=0, default_time_to_live=0, memtable_flush_period_in_ms=3600000, min_index_interval=128, max_index_interval=2048, speculative_retry=99PERCENTILE, caching={'keys' : 'ALL', 'rows_per_partition' : 'NONE'}, compaction=CompactionParams{class=org.apache.cassandra.db.compaction.SizeTieredCompactionStrategy, options={min_threshold=4, max_threshold=32}}, compression=org.apache.cassandra.schema.CompressionParams@4bba6907, extensions={}},comparator=comparator(org.apache.cassandra.db.marshal.TimeUUIDType),partitionColumns=[[] | [activity source source_elapsed thread]],partitionKeyColumns=[ColumnDefinition{name=session_id, type=org.apache.cassandra.db.marshal.UUIDType, kind=PARTITION_KEY, position=0}],clusteringColumns=[ColumnDefinition{name=event_id, type=org.apache.cassandra.db.marshal.TimeUUIDType, kind=CLUSTERING, position=0}],keyValidator=org.apache.cassandra.db.marshal.UUIDType,columnMetadata=[ColumnDefinition{name=activity, type=org.apache.cassandra.db.marshal.UTF8Type, kind=REGULAR, position=-1}, ColumnDefinition{name=session_id, type=org.apache.cassandra.db.marshal.UUIDType, kind=PARTITION_KEY, position=0}, ColumnDefinition{name=thread, type=org.apache.cassandra.db.marshal.UTF8Type, kind=REGULAR, position=-1}, ColumnDefinition{name=event_id, type=org.apache.cassandra.db.marshal.TimeUUIDType, kind=CLUSTERING, position=0}, ColumnDefinition{name=source, type=org.apache.cassandra.db.marshal.InetAddressType, kind=REGULAR, position=-1}, ColumnDefinition{name=source_elapsed, type=org.apache.cassandra.db.marshal.Int32Type, kind=REGULAR, position=-1}],droppedColumns={},triggers=[],indexes=[]]], views=[], functions=[], types=[]}
08:03:14.270 [MigrationStage:1] INFO  o.a.cassandra.db.ColumnFamilyStore - Initializing system_traces.events
08:03:14.278 [MigrationStage:1] INFO  o.a.cassandra.db.ColumnFamilyStore - Initializing system_traces.sessions
08:03:14.325 [pool-134-thread-1] INFO  o.a.c.service.MigrationManager - Create new Keyspace: KeyspaceMetadata{name=system_distributed, params=KeyspaceParams{durable_writes=true, replication=ReplicationParams{class=org.apache.cassandra.locator.SimpleStrategy, replication_factor=3}}, tables=[org.apache.cassandra.config.CFMetaData@6db166bd[cfId=759fffad-624b-3181-80ee-fa9a52d1f627,ksName=system_distributed,cfName=repair_history,flags=[COMPOUND],params=TableParams{comment=Repair history, read_repair_chance=0.0, dclocal_read_repair_chance=0.0, bloom_filter_fp_chance=0.01, crc_check_chance=1.0, gc_grace_seconds=0, default_time_to_live=0, memtable_flush_period_in_ms=3600000, min_index_interval=128, max_index_interval=2048, speculative_retry=99PERCENTILE, caching={'keys' : 'ALL', 'rows_per_partition' : 'NONE'}, compaction=CompactionParams{class=org.apache.cassandra.db.compaction.SizeTieredCompactionStrategy, options={min_threshold=4, max_threshold=32}}, compression=org.apache.cassandra.schema.CompressionParams@4bba6907, extensions={}},comparator=comparator(org.apache.cassandra.db.marshal.TimeUUIDType),partitionColumns=[[] | [coordinator exception_message exception_stacktrace finished_at parent_id range_begin range_end started_at status participants]],partitionKeyColumns=[ColumnDefinition{name=keyspace_name, type=org.apache.cassandra.db.marshal.UTF8Type, kind=PARTITION_KEY, position=0}, ColumnDefinition{name=columnfamily_name, type=org.apache.cassandra.db.marshal.UTF8Type, kind=PARTITION_KEY, position=1}],clusteringColumns=[ColumnDefinition{name=id, type=org.apache.cassandra.db.marshal.TimeUUIDType, kind=CLUSTERING, position=0}],keyValidator=org.apache.cassandra.db.marshal.CompositeType(org.apache.cassandra.db.marshal.UTF8Type,org.apache.cassandra.db.marshal.UTF8Type),columnMetadata=[ColumnDefinition{name=status, type=org.apache.cassandra.db.marshal.UTF8Type, kind=REGULAR, position=-1}, ColumnDefinition{name=id, type=org.apache.cassandra.db.marshal.TimeUUIDType, kind=CLUSTERING, position=0}, ColumnDefinition{name=coordinator, type=org.apache.cassandra.db.marshal.InetAddressType, kind=REGULAR, position=-1}, ColumnDefinition{name=finished_at, type=org.apache.cassandra.db.marshal.TimestampType, kind=REGULAR, position=-1}, ColumnDefinition{name=participants, type=org.apache.cassandra.db.marshal.SetType(org.apache.cassandra.db.marshal.InetAddressType), kind=REGULAR, position=-1}, ColumnDefinition{name=exception_stacktrace, type=org.apache.cassandra.db.marshal.UTF8Type, kind=REGULAR, position=-1}, ColumnDefinition{name=parent_id, type=org.apache.cassandra.db.marshal.TimeUUIDType, kind=REGULAR, position=-1}, ColumnDefinition{name=range_end, type=org.apache.cassandra.db.marshal.UTF8Type, kind=REGULAR, position=-1}, ColumnDefinition{name=range_begin, type=org.apache.cassandra.db.marshal.UTF8Type, kind=REGULAR, position=-1}, ColumnDefinition{name=exception_message, type=org.apache.cassandra.db.marshal.UTF8Type, kind=REGULAR, position=-1}, ColumnDefinition{name=keyspace_name, type=org.apache.cassandra.db.marshal.UTF8Type, kind=PARTITION_KEY, position=0}, ColumnDefinition{name=started_at, type=org.apache.cassandra.db.marshal.TimestampType, kind=REGULAR, position=-1}, ColumnDefinition{name=columnfamily_name, type=org.apache.cassandra.db.marshal.UTF8Type, kind=PARTITION_KEY, position=1}],droppedColumns={},triggers=[],indexes=[]], org.apache.cassandra.config.CFMetaData@505b6883[cfId=deabd734-b99d-3b9c-92e5-fd92eb5abf14,ksName=system_distributed,cfName=parent_repair_history,flags=[COMPOUND],params=TableParams{comment=Repair history, read_repair_chance=0.0, dclocal_read_repair_chance=0.0, bloom_filter_fp_chance=0.01, crc_check_chance=1.0, gc_grace_seconds=0, default_time_to_live=0, memtable_flush_period_in_ms=3600000, min_index_interval=128, max_index_interval=2048, speculative_retry=99PERCENTILE, caching={'keys' : 'ALL', 'rows_per_partition' : 'NONE'}, compaction=CompactionParams{class=org.apache.cassandra.db.compaction.SizeTieredCompactionStrategy, options={min_threshold=4, max_threshold=32}}, compression=org.apache.cassandra.schema.CompressionParams@4bba6907, extensions={}},comparator=comparator(),partitionColumns=[[] | [exception_message exception_stacktrace finished_at keyspace_name started_at columnfamily_names requested_ranges successful_ranges]],partitionKeyColumns=[ColumnDefinition{name=parent_id, type=org.apache.cassandra.db.marshal.TimeUUIDType, kind=PARTITION_KEY, position=0}],clusteringColumns=[],keyValidator=org.apache.cassandra.db.marshal.TimeUUIDType,columnMetadata=[ColumnDefinition{name=requested_ranges, type=org.apache.cassandra.db.marshal.SetType(org.apache.cassandra.db.marshal.UTF8Type), kind=REGULAR, position=-1}, ColumnDefinition{name=exception_message, type=org.apache.cassandra.db.marshal.UTF8Type, kind=REGULAR, position=-1}, ColumnDefinition{name=keyspace_name, type=org.apache.cassandra.db.marshal.UTF8Type, kind=REGULAR, position=-1}, ColumnDefinition{name=successful_ranges, type=org.apache.cassandra.db.marshal.SetType(org.apache.cassandra.db.marshal.UTF8Type), kind=REGULAR, position=-1}, ColumnDefinition{name=started_at, type=org.apache.cassandra.db.marshal.TimestampType, kind=REGULAR, position=-1}, ColumnDefinition{name=finished_at, type=org.apache.cassandra.db.marshal.TimestampType, kind=REGULAR, position=-1}, ColumnDefinition{name=exception_stacktrace, type=org.apache.cassandra.db.marshal.UTF8Type, kind=REGULAR, position=-1}, ColumnDefinition{name=parent_id, type=org.apache.cassandra.db.marshal.TimeUUIDType, kind=PARTITION_KEY, position=0}, ColumnDefinition{name=columnfamily_names, type=org.apache.cassandra.db.marshal.SetType(org.apache.cassandra.db.marshal.UTF8Type), kind=REGULAR, position=-1}],droppedColumns={},triggers=[],indexes=[]]], views=[], functions=[], types=[]}
08:03:14.443 [MigrationStage:1] INFO  o.a.cassandra.db.ColumnFamilyStore - Initializing system_distributed.parent_repair_history
08:03:14.447 [MigrationStage:1] INFO  o.a.cassandra.db.ColumnFamilyStore - Initializing system_distributed.repair_history
08:03:14.537 [pool-134-thread-1] INFO  o.a.cassandra.service.StorageService - Node /127.0.0.1 state jump to NORMAL
08:03:14.550 [pool-134-thread-1] INFO  o.a.c.service.MigrationManager - Create new Keyspace: KeyspaceMetadata{name=system_auth, params=KeyspaceParams{durable_writes=true, replication=ReplicationParams{class=org.apache.cassandra.locator.SimpleStrategy, replication_factor=1}}, tables=[org.apache.cassandra.config.CFMetaData@38a87465[cfId=5bc52802-de25-35ed-aeab-188eecebb090,ksName=system_auth,cfName=roles,flags=[COMPOUND],params=TableParams{comment=role definitions, read_repair_chance=0.0, dclocal_read_repair_chance=0.0, bloom_filter_fp_chance=0.01, crc_check_chance=1.0, gc_grace_seconds=7776000, default_time_to_live=0, memtable_flush_period_in_ms=3600000, min_index_interval=128, max_index_interval=2048, speculative_retry=99PERCENTILE, caching={'keys' : 'ALL', 'rows_per_partition' : 'NONE'}, compaction=CompactionParams{class=org.apache.cassandra.db.compaction.SizeTieredCompactionStrategy, options={min_threshold=4, max_threshold=32}}, compression=org.apache.cassandra.schema.CompressionParams@4bba6907, extensions={}},comparator=comparator(),partitionColumns=[[] | [can_login is_superuser salted_hash member_of]],partitionKeyColumns=[ColumnDefinition{name=role, type=org.apache.cassandra.db.marshal.UTF8Type, kind=PARTITION_KEY, position=0}],clusteringColumns=[],keyValidator=org.apache.cassandra.db.marshal.UTF8Type,columnMetadata=[ColumnDefinition{name=role, type=org.apache.cassandra.db.marshal.UTF8Type, kind=PARTITION_KEY, position=0}, ColumnDefinition{name=salted_hash, type=org.apache.cassandra.db.marshal.UTF8Type, kind=REGULAR, position=-1}, ColumnDefinition{name=member_of, type=org.apache.cassandra.db.marshal.SetType(org.apache.cassandra.db.marshal.UTF8Type), kind=REGULAR, position=-1}, ColumnDefinition{name=can_login, type=org.apache.cassandra.db.marshal.BooleanType, kind=REGULAR, position=-1}, ColumnDefinition{name=is_superuser, type=org.apache.cassandra.db.marshal.BooleanType, kind=REGULAR, position=-1}],droppedColumns={},triggers=[],indexes=[]], org.apache.cassandra.config.CFMetaData@5c68746d[cfId=0ecdaa87-f8fb-3e60-88d1-74fb36fe5c0d,ksName=system_auth,cfName=role_members,flags=[COMPOUND],params=TableParams{comment=role memberships lookup table, read_repair_chance=0.0, dclocal_read_repair_chance=0.0, bloom_filter_fp_chance=0.01, crc_check_chance=1.0, gc_grace_seconds=7776000, default_time_to_live=0, memtable_flush_period_in_ms=3600000, min_index_interval=128, max_index_interval=2048, speculative_retry=99PERCENTILE, caching={'keys' : 'ALL', 'rows_per_partition' : 'NONE'}, compaction=CompactionParams{class=org.apache.cassandra.db.compaction.SizeTieredCompactionStrategy, options={min_threshold=4, max_threshold=32}}, compression=org.apache.cassandra.schema.CompressionParams@4bba6907, extensions={}},comparator=comparator(org.apache.cassandra.db.marshal.UTF8Type),partitionColumns=[[] | []],partitionKeyColumns=[ColumnDefinition{name=role, type=org.apache.cassandra.db.marshal.UTF8Type, kind=PARTITION_KEY, position=0}],clusteringColumns=[ColumnDefinition{name=member, type=org.apache.cassandra.db.marshal.UTF8Type, kind=CLUSTERING, position=0}],keyValidator=org.apache.cassandra.db.marshal.UTF8Type,columnMetadata=[ColumnDefinition{name=role, type=org.apache.cassandra.db.marshal.UTF8Type, kind=PARTITION_KEY, position=0}, ColumnDefinition{name=member, type=org.apache.cassandra.db.marshal.UTF8Type, kind=CLUSTERING, position=0}],droppedColumns={},triggers=[],indexes=[]], org.apache.cassandra.config.CFMetaData@1a13db48[cfId=3afbe79f-2194-31a7-add7-f5ab90d8ec9c,ksName=system_auth,cfName=role_permissions,flags=[COMPOUND],params=TableParams{comment=permissions granted to db roles, read_repair_chance=0.0, dclocal_read_repair_chance=0.0, bloom_filter_fp_chance=0.01, crc_check_chance=1.0, gc_grace_seconds=7776000, default_time_to_live=0, memtable_flush_period_in_ms=3600000, min_index_interval=128, max_index_interval=2048, speculative_retry=99PERCENTILE, caching={'keys' : 'ALL', 'rows_per_partition' : 'NONE'}, compaction=CompactionParams{class=org.apache.cassandra.db.compaction.SizeTieredCompactionStrategy, options={min_threshold=4, max_threshold=32}}, compression=org.apache.cassandra.schema.CompressionParams@4bba6907, extensions={}},comparator=comparator(org.apache.cassandra.db.marshal.UTF8Type),partitionColumns=[[] | [permissions]],partitionKeyColumns=[ColumnDefinition{name=role, type=org.apache.cassandra.db.marshal.UTF8Type, kind=PARTITION_KEY, position=0}],clusteringColumns=[ColumnDefinition{name=resource, type=org.apache.cassandra.db.marshal.UTF8Type, kind=CLUSTERING, position=0}],keyValidator=org.apache.cassandra.db.marshal.UTF8Type,columnMetadata=[ColumnDefinition{name=resource, type=org.apache.cassandra.db.marshal.UTF8Type, kind=CLUSTERING, position=0}, ColumnDefinition{name=role, type=org.apache.cassandra.db.marshal.UTF8Type, kind=PARTITION_KEY, position=0}, ColumnDefinition{name=permissions, type=org.apache.cassandra.db.marshal.SetType(org.apache.cassandra.db.marshal.UTF8Type), kind=REGULAR, position=-1}],droppedColumns={},triggers=[],indexes=[]], org.apache.cassandra.config.CFMetaData@dd1ef6d[cfId=5f2fbdad-91f1-3946-bd25-d5da3a5c35ec,ksName=system_auth,cfName=resource_role_permissons_index,flags=[COMPOUND],params=TableParams{comment=index of db roles with permissions granted on a resource, read_repair_chance=0.0, dclocal_read_repair_chance=0.0, bloom_filter_fp_chance=0.01, crc_check_chance=1.0, gc_grace_seconds=7776000, default_time_to_live=0, memtable_flush_period_in_ms=3600000, min_index_interval=128, max_index_interval=2048, speculative_retry=99PERCENTILE, caching={'keys' : 'ALL', 'rows_per_partition' : 'NONE'}, compaction=CompactionParams{class=org.apache.cassandra.db.compaction.SizeTieredCompactionStrategy, options={min_threshold=4, max_threshold=32}}, compression=org.apache.cassandra.schema.CompressionParams@4bba6907, extensions={}},comparator=comparator(org.apache.cassandra.db.marshal.UTF8Type),partitionColumns=[[] | []],partitionKeyColumns=[ColumnDefinition{name=resource, type=org.apache.cassandra.db.marshal.UTF8Type, kind=PARTITION_KEY, position=0}],clusteringColumns=[ColumnDefinition{name=role, type=org.apache.cassandra.db.marshal.UTF8Type, kind=CLUSTERING, position=0}],keyValidator=org.apache.cassandra.db.marshal.UTF8Type,columnMetadata=[ColumnDefinition{name=resource, type=org.apache.cassandra.db.marshal.UTF8Type, kind=PARTITION_KEY, position=0}, ColumnDefinition{name=role, type=org.apache.cassandra.db.marshal.UTF8Type, kind=CLUSTERING, position=0}],droppedColumns={},triggers=[],indexes=[]]], views=[], functions=[], types=[]}
08:03:14.696 [MigrationStage:1] INFO  o.a.cassandra.db.ColumnFamilyStore - Initializing system_auth.resource_role_permissons_index
08:03:14.701 [MigrationStage:1] INFO  o.a.cassandra.db.ColumnFamilyStore - Initializing system_auth.role_members
08:03:14.705 [MigrationStage:1] INFO  o.a.cassandra.db.ColumnFamilyStore - Initializing system_auth.role_permissions
08:03:14.708 [MigrationStage:1] INFO  o.a.cassandra.db.ColumnFamilyStore - Initializing system_auth.roles
08:03:14.731 [pool-134-thread-1] INFO  o.a.c.service.NativeTransportService - Netty using Java NIO event loop
08:03:14.768 [pool-134-thread-1] INFO  o.apache.cassandra.transport.Server - Using Netty Version: [netty-buffer=netty-buffer-4.0.37.Final.4169779, netty-codec=netty-codec-4.0.37.Final.4169779, netty-common=netty-common-4.0.37.Final.4169779, netty-handler=netty-handler-4.0.37.Final.4169779, netty-transport=netty-transport-4.0.37.Final.4169779]
08:03:14.768 [pool-134-thread-1] INFO  o.apache.cassandra.transport.Server - Starting listening for CQL clients on localhost/127.0.0.1:35627 (unencrypted)...
08:03:14.825 [pool-134-thread-1] INFO  o.a.cassandra.thrift.ThriftServer - Binding thrift service to localhost/127.0.0.1:32857
08:03:14.832 [Thread-4] INFO  o.a.cassandra.thrift.ThriftServer - Listening for thrift clients...
08:03:14.832 [Test worker] INFO  c.datastax.driver.core.ClockFactory - Using native clock to generate timestamps.
08:03:14.876 [SharedPool-Worker-4] INFO  o.a.c.db.monitoring.ApproximateTime - Scheduling approximate time-check task with a precision of 10 milliseconds
08:03:14.986 [Test worker] INFO  c.d.d.c.p.DCAwareRoundRobinPolicy - Using data-center name 'datacenter1' for DCAwareRoundRobinPolicy (if this is incorrect, please provide the correct datacenter name with DCAwareRoundRobinPolicy constructor)
08:03:14.986 [Test worker] INFO  com.datastax.driver.core.Cluster - New Cassandra host localhost/127.0.0.1:35627 added
08:03:14.998 [SharedPool-Worker-1] INFO  o.a.c.service.MigrationManager - Create new Keyspace: KeyspaceMetadata{name=cqlmigrate, params=KeyspaceParams{durable_writes=true, replication=ReplicationParams{class=org.apache.cassandra.locator.SimpleStrategy, replication_factor=1}}, tables=[], views=[], functions=[], types=[]}
08:03:15.068 [SharedPool-Worker-11] INFO  o.a.c.service.MigrationManager - Create new table: org.apache.cassandra.config.CFMetaData@6af64b59[cfId=9ff874b0-8ee3-11e7-b84e-77cbe2e401e6,ksName=cqlmigrate,cfName=locks,flags=[COMPOUND],params=TableParams{comment=, read_repair_chance=0.0, dclocal_read_repair_chance=0.1, bloom_filter_fp_chance=0.01, crc_check_chance=1.0, gc_grace_seconds=864000, default_time_to_live=0, memtable_flush_period_in_ms=0, min_index_interval=128, max_index_interval=2048, speculative_retry=99PERCENTILE, caching={'keys' : 'ALL', 'rows_per_partition' : 'NONE'}, compaction=CompactionParams{class=org.apache.cassandra.db.compaction.SizeTieredCompactionStrategy, options={min_threshold=4, max_threshold=32}}, compression=org.apache.cassandra.schema.CompressionParams@4bba6907, extensions={}},comparator=comparator(),partitionColumns=[[] | [client]],partitionKeyColumns=[ColumnDefinition{name=name, type=org.apache.cassandra.db.marshal.UTF8Type, kind=PARTITION_KEY, position=0}],clusteringColumns=[],keyValidator=org.apache.cassandra.db.marshal.UTF8Type,columnMetadata=[ColumnDefinition{name=client, type=org.apache.cassandra.db.marshal.UTF8Type, kind=REGULAR, position=-1}, ColumnDefinition{name=name, type=org.apache.cassandra.db.marshal.UTF8Type, kind=PARTITION_KEY, position=0}],droppedColumns={},triggers=[],indexes=[]]
08:03:15.211 [MigrationStage:1] INFO  o.a.cassandra.db.ColumnFamilyStore - Initializing cqlmigrate.locks
08:03:15.244 [SharedPool-Worker-1] INFO  o.a.c.service.MigrationManager - Create new Keyspace: KeyspaceMetadata{name=cqlmigrate_clusterhealth_test, params=KeyspaceParams{durable_writes=true, replication=ReplicationParams{class=org.apache.cassandra.locator.SimpleStrategy, replication_factor=1}}, tables=[], views=[], functions=[], types=[]}
08:03:15.316 [Test worker] INFO  c.datastax.driver.core.ClockFactory - Using native clock to generate timestamps.
08:03:15.357 [Test worker] INFO  c.d.d.c.p.DCAwareRoundRobinPolicy - Using data-center name 'datacenter1' for DCAwareRoundRobinPolicy (if this is incorrect, please provide the correct datacenter name with DCAwareRoundRobinPolicy constructor)
08:03:15.357 [Test worker] INFO  com.datastax.driver.core.Cluster - New Cassandra host localhost/127.0.0.1:35627 added
08:03:15.381 [Test worker] INFO  uk.sky.cqlmigrate.Lock - Attempting to acquire lock for 'cqlmigrate_clusterhealth_test.schema_migration', using client id 'cd3d74ff-24a2-4281-b243-f03506d986db'
08:03:15.406 [HANDSHAKE-/127.0.0.1] INFO  o.a.c.net.OutboundTcpConnection - Handshaking version with /127.0.0.1
08:03:15.425 [SharedPool-Worker-4] WARN  o.apache.cassandra.utils.FBUtilities - Trigger directory doesn't exist, please create it and try again.
08:03:15.439 [Test worker] INFO  uk.sky.cqlmigrate.CqlMigratorImpl - Loading cql files from [/home/mirek/git/cqlmigrate/build/resources/test/cql_cluster_health_bootstrap]
08:03:15.439 [Test worker] INFO  u.s.cqlmigrate.KeyspaceBootstrapper - Keyspace found, not applying bootstrap.cql
08:03:15.444 [SharedPool-Worker-4] INFO  o.a.c.service.MigrationManager - Create new table: org.apache.cassandra.config.CFMetaData@43762ac0[cfId=a031d430-8ee3-11e7-b84e-77cbe2e401e6,ksName=cqlmigrate_clusterhealth_test,cfName=schema_updates,flags=[COMPOUND],params=TableParams{comment=, read_repair_chance=0.0, dclocal_read_repair_chance=0.1, bloom_filter_fp_chance=0.01, crc_check_chance=1.0, gc_grace_seconds=864000, default_time_to_live=0, memtable_flush_period_in_ms=0, min_index_interval=128, max_index_interval=2048, speculative_retry=99PERCENTILE, caching={'keys' : 'ALL', 'rows_per_partition' : 'NONE'}, compaction=CompactionParams{class=org.apache.cassandra.db.compaction.SizeTieredCompactionStrategy, options={min_threshold=4, max_threshold=32}}, compression=org.apache.cassandra.schema.CompressionParams@4bba6907, extensions={}},comparator=comparator(),partitionColumns=[[] | [applied_on checksum]],partitionKeyColumns=[ColumnDefinition{name=filename, type=org.apache.cassandra.db.marshal.UTF8Type, kind=PARTITION_KEY, position=0}],clusteringColumns=[],keyValidator=org.apache.cassandra.db.marshal.UTF8Type,columnMetadata=[ColumnDefinition{name=applied_on, type=org.apache.cassandra.db.marshal.TimestampType, kind=REGULAR, position=-1}, ColumnDefinition{name=checksum, type=org.apache.cassandra.db.marshal.UTF8Type, kind=REGULAR, position=-1}, ColumnDefinition{name=filename, type=org.apache.cassandra.db.marshal.UTF8Type, kind=PARTITION_KEY, position=0}],droppedColumns={},triggers=[],indexes=[]]
08:03:15.578 [MigrationStage:1] INFO  o.a.cassandra.db.ColumnFamilyStore - Initializing cqlmigrate_clusterhealth_test.schema_updates
08:03:15.594 [Test worker] INFO  uk.sky.cqlmigrate.Lock - Attempting to release lock for 'cqlmigrate_clusterhealth_test.schema_migration', using client id 'cd3d74ff-24a2-4281-b243-f03506d986db'
08:03:15.604 [Test worker] INFO  u.s.c.CassandraLockingMechanism - Lock released for cqlmigrate_clusterhealth_test.schema_migration by client cd3d74ff-24a2-4281-b243-f03506d986db at: 1504249395604
08:03:17.915 [SharedPool-Worker-1] INFO  o.a.c.service.MigrationManager - Drop Keyspace 'cqlmigrate_clusterhealth_test'
08:03:18.489 [Test worker] INFO  c.datastax.driver.core.ClockFactory - Using native clock to generate timestamps.
08:03:18.539 [Test worker] INFO  c.d.d.c.p.DCAwareRoundRobinPolicy - Using data-center name 'datacenter1' for DCAwareRoundRobinPolicy (if this is incorrect, please provide the correct datacenter name with DCAwareRoundRobinPolicy constructor)
08:03:18.539 [Test worker] INFO  com.datastax.driver.core.Cluster - New Cassandra host localhost/127.0.0.1:35627 added
08:03:18.548 [Test worker] INFO  uk.sky.cqlmigrate.Lock - Attempting to acquire lock for 'cqlmigrate_clusterhealth_test.schema_migration', using client id '275b2877-ea8b-4866-a0f5-c5c901ff9ef0'
08:03:18.556 [Test worker] INFO  uk.sky.cqlmigrate.CqlMigratorImpl - Loading cql files from [/home/mirek/git/cqlmigrate/build/resources/test/cql_cluster_health_bootstrap]
08:03:18.557 [Test worker] INFO  u.s.cqlmigrate.KeyspaceBootstrapper - Keyspace not found, applying /home/mirek/git/cqlmigrate/build/resources/test/cql_cluster_health_bootstrap/bootstrap.cql at consistency level ALL
08:03:18.559 [SharedPool-Worker-1] INFO  o.a.c.service.MigrationManager - Create new Keyspace: KeyspaceMetadata{name=cqlmigrate_clusterhealth_test, params=KeyspaceParams{durable_writes=true, replication=ReplicationParams{class=org.apache.cassandra.locator.SimpleStrategy, replication_factor=1}}, tables=[], views=[], functions=[], types=[]}
08:03:18.611 [Test worker] INFO  u.s.cqlmigrate.KeyspaceBootstrapper - Applied: bootstrap.cql
08:03:18.615 [SharedPool-Worker-3] INFO  o.a.c.service.MigrationManager - Create new table: org.apache.cassandra.config.CFMetaData@1f274ba4[cfId=a215af60-8ee3-11e7-b84e-77cbe2e401e6,ksName=cqlmigrate_clusterhealth_test,cfName=schema_updates,flags=[COMPOUND],params=TableParams{comment=, read_repair_chance=0.0, dclocal_read_repair_chance=0.1, bloom_filter_fp_chance=0.01, crc_check_chance=1.0, gc_grace_seconds=864000, default_time_to_live=0, memtable_flush_period_in_ms=0, min_index_interval=128, max_index_interval=2048, speculative_retry=99PERCENTILE, caching={'keys' : 'ALL', 'rows_per_partition' : 'NONE'}, compaction=CompactionParams{class=org.apache.cassandra.db.compaction.SizeTieredCompactionStrategy, options={min_threshold=4, max_threshold=32}}, compression=org.apache.cassandra.schema.CompressionParams@4bba6907, extensions={}},comparator=comparator(),partitionColumns=[[] | [applied_on checksum]],partitionKeyColumns=[ColumnDefinition{name=filename, type=org.apache.cassandra.db.marshal.UTF8Type, kind=PARTITION_KEY, position=0}],clusteringColumns=[],keyValidator=org.apache.cassandra.db.marshal.UTF8Type,columnMetadata=[ColumnDefinition{name=applied_on, type=org.apache.cassandra.db.marshal.TimestampType, kind=REGULAR, position=-1}, ColumnDefinition{name=checksum, type=org.apache.cassandra.db.marshal.UTF8Type, kind=REGULAR, position=-1}, ColumnDefinition{name=filename, type=org.apache.cassandra.db.marshal.UTF8Type, kind=PARTITION_KEY, position=0}],droppedColumns={},triggers=[],indexes=[]]
08:03:18.756 [MigrationStage:1] INFO  o.a.cassandra.db.ColumnFamilyStore - Initializing cqlmigrate_clusterhealth_test.schema_updates
08:03:18.778 [Test worker] INFO  uk.sky.cqlmigrate.Lock - Attempting to release lock for 'cqlmigrate_clusterhealth_test.schema_migration', using client id '275b2877-ea8b-4866-a0f5-c5c901ff9ef0'
08:03:18.785 [Test worker] INFO  u.s.c.CassandraLockingMechanism - Lock released for cqlmigrate_clusterhealth_test.schema_migration by client 275b2877-ea8b-4866-a0f5-c5c901ff9ef0 at: 1504249398785
08:03:20.994 [Test worker] INFO  c.datastax.driver.core.ClockFactory - Using native clock to generate timestamps.
08:03:21.035 [Test worker] INFO  c.d.d.c.p.DCAwareRoundRobinPolicy - Using data-center name 'datacenter1' for DCAwareRoundRobinPolicy (if this is incorrect, please provide the correct datacenter name with DCAwareRoundRobinPolicy constructor)
08:03:21.035 [Test worker] INFO  com.datastax.driver.core.Cluster - New Cassandra host localhost/127.0.0.1:35627 added
08:03:21.046 [Test worker] INFO  uk.sky.cqlmigrate.Lock - Attempting to acquire lock for 'cqlmigrate_clusterhealth_test.schema_migration', using client id '275b2877-ea8b-4866-a0f5-c5c901ff9ef0'
08:03:21.052 [Test worker] INFO  uk.sky.cqlmigrate.CqlMigratorImpl - Loading cql files from [/home/mirek/git/cqlmigrate/build/resources/test/cql_cluster_health_bootstrap, /home/mirek/git/cqlmigrate/build/resources/test/cql_cluster_health_first]
08:03:21.053 [Test worker] INFO  u.s.cqlmigrate.KeyspaceBootstrapper - Keyspace found, not applying bootstrap.cql
08:03:21.061 [SharedPool-Worker-8] INFO  o.a.c.service.MigrationManager - Create new table: org.apache.cassandra.config.CFMetaData@18a4be6[cfId=a38aea40-8ee3-11e7-b84e-77cbe2e401e6,ksName=cqlmigrate_clusterhealth_test,cfName=first,flags=[COMPOUND],params=TableParams{comment=, read_repair_chance=0.0, dclocal_read_repair_chance=0.1, bloom_filter_fp_chance=0.01, crc_check_chance=1.0, gc_grace_seconds=864000, default_time_to_live=0, memtable_flush_period_in_ms=0, min_index_interval=128, max_index_interval=2048, speculative_retry=99PERCENTILE, caching={'keys' : 'ALL', 'rows_per_partition' : 'NONE'}, compaction=CompactionParams{class=org.apache.cassandra.db.compaction.SizeTieredCompactionStrategy, options={min_threshold=4, max_threshold=32}}, compression=org.apache.cassandra.schema.CompressionParams@4bba6907, extensions={}},comparator=comparator(),partitionColumns=[[] | []],partitionKeyColumns=[ColumnDefinition{name=name, type=org.apache.cassandra.db.marshal.UTF8Type, kind=PARTITION_KEY, position=0}],clusteringColumns=[],keyValidator=org.apache.cassandra.db.marshal.UTF8Type,columnMetadata=[ColumnDefinition{name=name, type=org.apache.cassandra.db.marshal.UTF8Type, kind=PARTITION_KEY, position=0}],droppedColumns={},triggers=[],indexes=[]]
08:03:21.171 [MigrationStage:1] INFO  o.a.cassandra.db.ColumnFamilyStore - Initializing cqlmigrate_clusterhealth_test.first
08:03:21.192 [SharedPool-Worker-4] WARN  o.a.c.cql3.functions.TimeFcts - The function 'dateof' is deprecated. Use the function 'toTimestamp' instead.
08:03:21.195 [Test worker] INFO  uk.sky.cqlmigrate.SchemaLoader - Applied: 2016-08-24-13:14-first.cql
08:03:21.195 [Test worker] INFO  uk.sky.cqlmigrate.Lock - Attempting to release lock for 'cqlmigrate_clusterhealth_test.schema_migration', using client id '275b2877-ea8b-4866-a0f5-c5c901ff9ef0'
08:03:21.201 [Test worker] INFO  u.s.c.CassandraLockingMechanism - Lock released for cqlmigrate_clusterhealth_test.schema_migration by client 275b2877-ea8b-4866-a0f5-c5c901ff9ef0 at: 1504249401201
08:03:23.505 [SharedPool-Worker-1] INFO  o.a.c.service.MigrationManager - Drop Keyspace 'cqlmigrate_clusterhealth_test'
08:03:24.320 [Test worker] INFO  c.datastax.driver.core.ClockFactory - Using native clock to generate timestamps.
08:03:24.345 [Test worker] INFO  c.d.d.c.p.DCAwareRoundRobinPolicy - Using data-center name 'datacenter1' for DCAwareRoundRobinPolicy (if this is incorrect, please provide the correct datacenter name with DCAwareRoundRobinPolicy constructor)
08:03:24.345 [Test worker] INFO  com.datastax.driver.core.Cluster - New Cassandra host localhost/127.0.0.1:35627 added
08:03:24.362 [Test worker] INFO  uk.sky.cqlmigrate.Lock - Attempting to acquire lock for 'cqlmigrate_clusterhealth_test.schema_migration', using client id '1f7d1682-b62e-4a36-883a-a04a1262385a'
08:03:24.369 [Test worker] INFO  uk.sky.cqlmigrate.CqlMigratorImpl - Loading cql files from [/home/mirek/git/cqlmigrate/build/resources/test/cql_cluster_health_bootstrap, /home/mirek/git/cqlmigrate/build/resources/test/cql_cluster_health_first]
08:03:24.369 [Test worker] INFO  u.s.cqlmigrate.KeyspaceBootstrapper - Keyspace not found, applying /home/mirek/git/cqlmigrate/build/resources/test/cql_cluster_health_bootstrap/bootstrap.cql at consistency level ALL
08:03:24.370 [SharedPool-Worker-3] INFO  o.a.c.service.MigrationManager - Create new Keyspace: KeyspaceMetadata{name=cqlmigrate_clusterhealth_test, params=KeyspaceParams{durable_writes=true, replication=ReplicationParams{class=org.apache.cassandra.locator.SimpleStrategy, replication_factor=1}}, tables=[], views=[], functions=[], types=[]}
08:03:24.417 [Test worker] INFO  u.s.cqlmigrate.KeyspaceBootstrapper - Applied: bootstrap.cql
08:03:24.421 [SharedPool-Worker-4] INFO  o.a.c.service.MigrationManager - Create new table: org.apache.cassandra.config.CFMetaData@5f721e3[cfId=a58b9c40-8ee3-11e7-b84e-77cbe2e401e6,ksName=cqlmigrate_clusterhealth_test,cfName=schema_updates,flags=[COMPOUND],params=TableParams{comment=, read_repair_chance=0.0, dclocal_read_repair_chance=0.1, bloom_filter_fp_chance=0.01, crc_check_chance=1.0, gc_grace_seconds=864000, default_time_to_live=0, memtable_flush_period_in_ms=0, min_index_interval=128, max_index_interval=2048, speculative_retry=99PERCENTILE, caching={'keys' : 'ALL', 'rows_per_partition' : 'NONE'}, compaction=CompactionParams{class=org.apache.cassandra.db.compaction.SizeTieredCompactionStrategy, options={min_threshold=4, max_threshold=32}}, compression=org.apache.cassandra.schema.CompressionParams@4bba6907, extensions={}},comparator=comparator(),partitionColumns=[[] | [applied_on checksum]],partitionKeyColumns=[ColumnDefinition{name=filename, type=org.apache.cassandra.db.marshal.UTF8Type, kind=PARTITION_KEY, position=0}],clusteringColumns=[],keyValidator=org.apache.cassandra.db.marshal.UTF8Type,columnMetadata=[ColumnDefinition{name=applied_on, type=org.apache.cassandra.db.marshal.TimestampType, kind=REGULAR, position=-1}, ColumnDefinition{name=checksum, type=org.apache.cassandra.db.marshal.UTF8Type, kind=REGULAR, position=-1}, ColumnDefinition{name=filename, type=org.apache.cassandra.db.marshal.UTF8Type, kind=PARTITION_KEY, position=0}],droppedColumns={},triggers=[],indexes=[]]
08:03:24.570 [MigrationStage:1] INFO  o.a.cassandra.db.ColumnFamilyStore - Initializing cqlmigrate_clusterhealth_test.schema_updates
08:03:24.596 [SharedPool-Worker-3] INFO  o.a.c.service.MigrationManager - Create new table: org.apache.cassandra.config.CFMetaData@61e1019d[cfId=a5a67740-8ee3-11e7-b84e-77cbe2e401e6,ksName=cqlmigrate_clusterhealth_test,cfName=first,flags=[COMPOUND],params=TableParams{comment=, read_repair_chance=0.0, dclocal_read_repair_chance=0.1, bloom_filter_fp_chance=0.01, crc_check_chance=1.0, gc_grace_seconds=864000, default_time_to_live=0, memtable_flush_period_in_ms=0, min_index_interval=128, max_index_interval=2048, speculative_retry=99PERCENTILE, caching={'keys' : 'ALL', 'rows_per_partition' : 'NONE'}, compaction=CompactionParams{class=org.apache.cassandra.db.compaction.SizeTieredCompactionStrategy, options={min_threshold=4, max_threshold=32}}, compression=org.apache.cassandra.schema.CompressionParams@4bba6907, extensions={}},comparator=comparator(),partitionColumns=[[] | []],partitionKeyColumns=[ColumnDefinition{name=name, type=org.apache.cassandra.db.marshal.UTF8Type, kind=PARTITION_KEY, position=0}],clusteringColumns=[],keyValidator=org.apache.cassandra.db.marshal.UTF8Type,columnMetadata=[ColumnDefinition{name=name, type=org.apache.cassandra.db.marshal.UTF8Type, kind=PARTITION_KEY, position=0}],droppedColumns={},triggers=[],indexes=[]]
08:03:24.721 [MigrationStage:1] INFO  o.a.cassandra.db.ColumnFamilyStore - Initializing cqlmigrate_clusterhealth_test.first
08:03:24.745 [Test worker] INFO  uk.sky.cqlmigrate.SchemaLoader - Applied: 2016-08-24-13:14-first.cql
08:03:24.745 [Test worker] INFO  uk.sky.cqlmigrate.Lock - Attempting to release lock for 'cqlmigrate_clusterhealth_test.schema_migration', using client id '1f7d1682-b62e-4a36-883a-a04a1262385a'
08:03:24.752 [Test worker] INFO  u.s.c.CassandraLockingMechanism - Lock released for cqlmigrate_clusterhealth_test.schema_migration by client 1f7d1682-b62e-4a36-883a-a04a1262385a at: 1504249404752
08:03:24.854 [OptionalTasks:1] INFO  o.a.c.auth.CassandraRoleManager - Created default superuser role 'cassandra'
08:03:26.966 [Test worker] INFO  c.datastax.driver.core.ClockFactory - Using native clock to generate timestamps.
08:03:26.994 [Test worker] INFO  c.d.d.c.p.DCAwareRoundRobinPolicy - Using data-center name 'datacenter1' for DCAwareRoundRobinPolicy (if this is incorrect, please provide the correct datacenter name with DCAwareRoundRobinPolicy constructor)
08:03:26.994 [Test worker] INFO  com.datastax.driver.core.Cluster - New Cassandra host localhost/127.0.0.1:35627 added
08:03:27.004 [Test worker] INFO  uk.sky.cqlmigrate.Lock - Attempting to acquire lock for 'cqlmigrate_clusterhealth_test.schema_migration', using client id '1f7d1682-b62e-4a36-883a-a04a1262385a'
08:03:27.010 [Test worker] INFO  uk.sky.cqlmigrate.CqlMigratorImpl - Loading cql files from [/home/mirek/git/cqlmigrate/build/resources/test/cql_cluster_health_bootstrap, /home/mirek/git/cqlmigrate/build/resources/test/cql_cluster_health_first, /home/mirek/git/cqlmigrate/build/resources/test/cql_cluster_health_second]
08:03:27.010 [Test worker] INFO  u.s.cqlmigrate.KeyspaceBootstrapper - Keyspace found, not applying bootstrap.cql
08:03:27.017 [Test worker] INFO  uk.sky.cqlmigrate.SchemaLoader - Skipped: 2016-08-24-13:14-first.cql
08:03:27.021 [SharedPool-Worker-5] INFO  o.a.c.service.MigrationManager - Create new table: org.apache.cassandra.config.CFMetaData@19e2dbd2[cfId=a71856c0-8ee3-11e7-b84e-77cbe2e401e6,ksName=cqlmigrate_clusterhealth_test,cfName=second,flags=[COMPOUND],params=TableParams{comment=, read_repair_chance=0.0, dclocal_read_repair_chance=0.1, bloom_filter_fp_chance=0.01, crc_check_chance=1.0, gc_grace_seconds=864000, default_time_to_live=0, memtable_flush_period_in_ms=0, min_index_interval=128, max_index_interval=2048, speculative_retry=99PERCENTILE, caching={'keys' : 'ALL', 'rows_per_partition' : 'NONE'}, compaction=CompactionParams{class=org.apache.cassandra.db.compaction.SizeTieredCompactionStrategy, options={min_threshold=4, max_threshold=32}}, compression=org.apache.cassandra.schema.CompressionParams@4bba6907, extensions={}},comparator=comparator(),partitionColumns=[[] | []],partitionKeyColumns=[ColumnDefinition{name=name, type=org.apache.cassandra.db.marshal.UTF8Type, kind=PARTITION_KEY, position=0}],clusteringColumns=[],keyValidator=org.apache.cassandra.db.marshal.UTF8Type,columnMetadata=[ColumnDefinition{name=name, type=org.apache.cassandra.db.marshal.UTF8Type, kind=PARTITION_KEY, position=0}],droppedColumns={},triggers=[],indexes=[]]
08:03:27.167 [MigrationStage:1] INFO  o.a.cassandra.db.ColumnFamilyStore - Initializing cqlmigrate_clusterhealth_test.second
08:03:27.182 [Test worker] INFO  uk.sky.cqlmigrate.SchemaLoader - Applied: 2016-08-24-13:15-second.cql
08:03:27.182 [Test worker] INFO  uk.sky.cqlmigrate.Lock - Attempting to release lock for 'cqlmigrate_clusterhealth_test.schema_migration', using client id '1f7d1682-b62e-4a36-883a-a04a1262385a'
08:03:27.188 [Test worker] INFO  u.s.c.CassandraLockingMechanism - Lock released for cqlmigrate_clusterhealth_test.schema_migration by client 1f7d1682-b62e-4a36-883a-a04a1262385a at: 1504249407188
08:03:29.489 [SharedPool-Worker-2] INFO  o.a.c.service.MigrationManager - Drop Keyspace 'cqlmigrate_clusterhealth_test'
08:03:30.560 [Test worker] INFO  c.datastax.driver.core.ClockFactory - Using native clock to generate timestamps.
08:03:30.588 [Test worker] INFO  c.d.d.c.p.DCAwareRoundRobinPolicy - Using data-center name 'datacenter1' for DCAwareRoundRobinPolicy (if this is incorrect, please provide the correct datacenter name with DCAwareRoundRobinPolicy constructor)
08:03:30.588 [Test worker] INFO  com.datastax.driver.core.Cluster - New Cassandra host localhost/127.0.0.1:35627 added
08:03:30.604 [Test worker] INFO  uk.sky.cqlmigrate.Lock - Attempting to acquire lock for 'cqlmigrate_clusterhealth_test.schema_migration', using client id 'f5ce04aa-4266-4067-a67b-c0f3285027e0'
08:03:30.612 [Test worker] INFO  uk.sky.cqlmigrate.CqlMigratorImpl - Loading cql files from [/home/mirek/git/cqlmigrate/build/resources/test/cql_cluster_health_bootstrap, /home/mirek/git/cqlmigrate/build/resources/test/cql_cluster_health_first]
08:03:30.613 [Test worker] INFO  u.s.cqlmigrate.KeyspaceBootstrapper - Keyspace not found, applying /home/mirek/git/cqlmigrate/build/resources/test/cql_cluster_health_bootstrap/bootstrap.cql at consistency level ALL
08:03:30.614 [SharedPool-Worker-11] INFO  o.a.c.service.MigrationManager - Create new Keyspace: KeyspaceMetadata{name=cqlmigrate_clusterhealth_test, params=KeyspaceParams{durable_writes=true, replication=ReplicationParams{class=org.apache.cassandra.locator.SimpleStrategy, replication_factor=1}}, tables=[], views=[], functions=[], types=[]}
08:03:30.658 [Test worker] INFO  u.s.cqlmigrate.KeyspaceBootstrapper - Applied: bootstrap.cql
08:03:30.662 [SharedPool-Worker-1] INFO  o.a.c.service.MigrationManager - Create new table: org.apache.cassandra.config.CFMetaData@7a673f91[cfId=a943e950-8ee3-11e7-b84e-77cbe2e401e6,ksName=cqlmigrate_clusterhealth_test,cfName=schema_updates,flags=[COMPOUND],params=TableParams{comment=, read_repair_chance=0.0, dclocal_read_repair_chance=0.1, bloom_filter_fp_chance=0.01, crc_check_chance=1.0, gc_grace_seconds=864000, default_time_to_live=0, memtable_flush_period_in_ms=0, min_index_interval=128, max_index_interval=2048, speculative_retry=99PERCENTILE, caching={'keys' : 'ALL', 'rows_per_partition' : 'NONE'}, compaction=CompactionParams{class=org.apache.cassandra.db.compaction.SizeTieredCompactionStrategy, options={min_threshold=4, max_threshold=32}}, compression=org.apache.cassandra.schema.CompressionParams@4bba6907, extensions={}},comparator=comparator(),partitionColumns=[[] | [applied_on checksum]],partitionKeyColumns=[ColumnDefinition{name=filename, type=org.apache.cassandra.db.marshal.UTF8Type, kind=PARTITION_KEY, position=0}],clusteringColumns=[],keyValidator=org.apache.cassandra.db.marshal.UTF8Type,columnMetadata=[ColumnDefinition{name=applied_on, type=org.apache.cassandra.db.marshal.TimestampType, kind=REGULAR, position=-1}, ColumnDefinition{name=checksum, type=org.apache.cassandra.db.marshal.UTF8Type, kind=REGULAR, position=-1}, ColumnDefinition{name=filename, type=org.apache.cassandra.db.marshal.UTF8Type, kind=PARTITION_KEY, position=0}],droppedColumns={},triggers=[],indexes=[]]
08:03:30.788 [MigrationStage:1] INFO  o.a.cassandra.db.ColumnFamilyStore - Initializing cqlmigrate_clusterhealth_test.schema_updates
08:03:30.804 [SharedPool-Worker-5] INFO  o.a.c.service.MigrationManager - Create new table: org.apache.cassandra.config.CFMetaData@45787f7b[cfId=a9599430-8ee3-11e7-b84e-77cbe2e401e6,ksName=cqlmigrate_clusterhealth_test,cfName=first,flags=[COMPOUND],params=TableParams{comment=, read_repair_chance=0.0, dclocal_read_repair_chance=0.1, bloom_filter_fp_chance=0.01, crc_check_chance=1.0, gc_grace_seconds=864000, default_time_to_live=0, memtable_flush_period_in_ms=0, min_index_interval=128, max_index_interval=2048, speculative_retry=99PERCENTILE, caching={'keys' : 'ALL', 'rows_per_partition' : 'NONE'}, compaction=CompactionParams{class=org.apache.cassandra.db.compaction.SizeTieredCompactionStrategy, options={min_threshold=4, max_threshold=32}}, compression=org.apache.cassandra.schema.CompressionParams@4bba6907, extensions={}},comparator=comparator(),partitionColumns=[[] | []],partitionKeyColumns=[ColumnDefinition{name=name, type=org.apache.cassandra.db.marshal.UTF8Type, kind=PARTITION_KEY, position=0}],clusteringColumns=[],keyValidator=org.apache.cassandra.db.marshal.UTF8Type,columnMetadata=[ColumnDefinition{name=name, type=org.apache.cassandra.db.marshal.UTF8Type, kind=PARTITION_KEY, position=0}],droppedColumns={},triggers=[],indexes=[]]
08:03:30.901 [MigrationStage:1] INFO  o.a.cassandra.db.ColumnFamilyStore - Initializing cqlmigrate_clusterhealth_test.first
08:03:30.914 [Test worker] INFO  uk.sky.cqlmigrate.SchemaLoader - Applied: 2016-08-24-13:14-first.cql
08:03:30.914 [Test worker] INFO  uk.sky.cqlmigrate.Lock - Attempting to release lock for 'cqlmigrate_clusterhealth_test.schema_migration', using client id 'f5ce04aa-4266-4067-a67b-c0f3285027e0'
08:03:30.919 [Test worker] INFO  u.s.c.CassandraLockingMechanism - Lock released for cqlmigrate_clusterhealth_test.schema_migration by client f5ce04aa-4266-4067-a67b-c0f3285027e0 at: 1504249410919
08:03:33.126 [Test worker] INFO  c.datastax.driver.core.ClockFactory - Using native clock to generate timestamps.
08:03:33.163 [Test worker] INFO  c.d.d.c.p.DCAwareRoundRobinPolicy - Using data-center name 'datacenter1' for DCAwareRoundRobinPolicy (if this is incorrect, please provide the correct datacenter name with DCAwareRoundRobinPolicy constructor)
08:03:33.163 [Test worker] INFO  com.datastax.driver.core.Cluster - New Cassandra host localhost/127.0.0.1:35627 added
08:03:33.171 [Test worker] INFO  uk.sky.cqlmigrate.Lock - Attempting to acquire lock for 'cqlmigrate_clusterhealth_test.schema_migration', using client id 'f5ce04aa-4266-4067-a67b-c0f3285027e0'
08:03:33.177 [Test worker] INFO  uk.sky.cqlmigrate.CqlMigratorImpl - Loading cql files from [/home/mirek/git/cqlmigrate/build/resources/test/cql_cluster_health_bootstrap, /home/mirek/git/cqlmigrate/build/resources/test/cql_cluster_health_first]
08:03:33.177 [Test worker] INFO  u.s.cqlmigrate.KeyspaceBootstrapper - Keyspace found, not applying bootstrap.cql
08:03:33.187 [Test worker] INFO  uk.sky.cqlmigrate.SchemaLoader - Skipped: 2016-08-24-13:14-first.cql
08:03:33.187 [Test worker] INFO  uk.sky.cqlmigrate.Lock - Attempting to release lock for 'cqlmigrate_clusterhealth_test.schema_migration', using client id 'f5ce04aa-4266-4067-a67b-c0f3285027e0'
08:03:33.193 [Test worker] INFO  u.s.c.CassandraLockingMechanism - Lock released for cqlmigrate_clusterhealth_test.schema_migration by client f5ce04aa-4266-4067-a67b-c0f3285027e0 at: 1504249413193
08:03:35.486 [SharedPool-Worker-1] INFO  o.a.c.service.MigrationManager - Drop Keyspace 'cqlmigrate_clusterhealth_test'
08:03:36.449 [Test worker] INFO  c.datastax.driver.core.ClockFactory - Using native clock to generate timestamps.
08:03:36.481 [Test worker] INFO  c.d.d.c.p.DCAwareRoundRobinPolicy - Using data-center name 'datacenter1' for DCAwareRoundRobinPolicy (if this is incorrect, please provide the correct datacenter name with DCAwareRoundRobinPolicy constructor)
08:03:36.481 [Test worker] INFO  com.datastax.driver.core.Cluster - New Cassandra host localhost/127.0.0.1:35627 added
08:03:36.489 [Test worker] INFO  uk.sky.cqlmigrate.Lock - Attempting to acquire lock for 'cqlmigrate_clusterhealth_test.schema_migration', using client id 'c190cf8c-963e-4cc6-8bd1-bd817ae33047'
08:03:36.498 [Test worker] INFO  uk.sky.cqlmigrate.CqlMigratorImpl - Loading cql files from [/home/mirek/git/cqlmigrate/build/resources/test/cql_cluster_health_bootstrap]
08:03:36.499 [Test worker] INFO  u.s.cqlmigrate.KeyspaceBootstrapper - Keyspace not found, applying /home/mirek/git/cqlmigrate/build/resources/test/cql_cluster_health_bootstrap/bootstrap.cql at consistency level ALL
08:03:36.500 [SharedPool-Worker-13] INFO  o.a.c.service.MigrationManager - Create new Keyspace: KeyspaceMetadata{name=cqlmigrate_clusterhealth_test, params=KeyspaceParams{durable_writes=true, replication=ReplicationParams{class=org.apache.cassandra.locator.SimpleStrategy, replication_factor=1}}, tables=[], views=[], functions=[], types=[]}
08:03:36.546 [Test worker] INFO  u.s.cqlmigrate.KeyspaceBootstrapper - Applied: bootstrap.cql
08:03:36.552 [SharedPool-Worker-14] INFO  o.a.c.service.MigrationManager - Create new table: org.apache.cassandra.config.CFMetaData@d67c81d[cfId=acc6a770-8ee3-11e7-b84e-77cbe2e401e6,ksName=cqlmigrate_clusterhealth_test,cfName=schema_updates,flags=[COMPOUND],params=TableParams{comment=, read_repair_chance=0.0, dclocal_read_repair_chance=0.1, bloom_filter_fp_chance=0.01, crc_check_chance=1.0, gc_grace_seconds=864000, default_time_to_live=0, memtable_flush_period_in_ms=0, min_index_interval=128, max_index_interval=2048, speculative_retry=99PERCENTILE, caching={'keys' : 'ALL', 'rows_per_partition' : 'NONE'}, compaction=CompactionParams{class=org.apache.cassandra.db.compaction.SizeTieredCompactionStrategy, options={min_threshold=4, max_threshold=32}}, compression=org.apache.cassandra.schema.CompressionParams@4bba6907, extensions={}},comparator=comparator(),partitionColumns=[[] | [applied_on checksum]],partitionKeyColumns=[ColumnDefinition{name=filename, type=org.apache.cassandra.db.marshal.UTF8Type, kind=PARTITION_KEY, position=0}],clusteringColumns=[],keyValidator=org.apache.cassandra.db.marshal.UTF8Type,columnMetadata=[ColumnDefinition{name=applied_on, type=org.apache.cassandra.db.marshal.TimestampType, kind=REGULAR, position=-1}, ColumnDefinition{name=checksum, type=org.apache.cassandra.db.marshal.UTF8Type, kind=REGULAR, position=-1}, ColumnDefinition{name=filename, type=org.apache.cassandra.db.marshal.UTF8Type, kind=PARTITION_KEY, position=0}],droppedColumns={},triggers=[],indexes=[]]
08:03:36.677 [MigrationStage:1] INFO  o.a.cassandra.db.ColumnFamilyStore - Initializing cqlmigrate_clusterhealth_test.schema_updates
08:03:36.689 [Test worker] INFO  uk.sky.cqlmigrate.Lock - Attempting to release lock for 'cqlmigrate_clusterhealth_test.schema_migration', using client id 'c190cf8c-963e-4cc6-8bd1-bd817ae33047'
08:03:36.695 [Test worker] INFO  u.s.c.CassandraLockingMechanism - Lock released for cqlmigrate_clusterhealth_test.schema_migration by client c190cf8c-963e-4cc6-8bd1-bd817ae33047 at: 1504249416695
08:03:38.997 [SharedPool-Worker-2] INFO  o.a.c.service.MigrationManager - Drop Keyspace 'cqlmigrate'
08:03:41.760 [Test worker] INFO  c.datastax.driver.core.ClockFactory - Using native clock to generate timestamps.
08:03:41.785 [Test worker] INFO  c.d.d.c.p.DCAwareRoundRobinPolicy - Using data-center name 'datacenter1' for DCAwareRoundRobinPolicy (if this is incorrect, please provide the correct datacenter name with DCAwareRoundRobinPolicy constructor)
08:03:41.785 [Test worker] INFO  com.datastax.driver.core.Cluster - New Cassandra host localhost/127.0.0.1:35627 added
08:03:41.789 [SharedPool-Worker-1] INFO  o.a.c.service.MigrationManager - Drop Keyspace 'cqlmigrate_clusterhealth_test'
]]></system-out>
  <system-err><![CDATA[no libsigar-amd64-linux.so in java.library.path
org.hyperic.sigar.SigarException: no libsigar-amd64-linux.so in java.library.path
	at org.hyperic.sigar.Sigar.loadLibrary(Sigar.java:172)
	at org.hyperic.sigar.Sigar.<clinit>(Sigar.java:100)
	at org.apache.cassandra.utils.SigarLibrary.<init>(SigarLibrary.java:47)
	at org.apache.cassandra.utils.SigarLibrary.<clinit>(SigarLibrary.java:28)
	at org.apache.cassandra.service.StartupChecks$6.execute(StartupChecks.java:197)
	at org.apache.cassandra.service.StartupChecks.verify(StartupChecks.java:106)
	at org.apache.cassandra.service.CassandraDaemon.setup(CassandraDaemon.java:169)
	at org.apache.cassandra.service.CassandraDaemon.activate(CassandraDaemon.java:551)
	at org.cassandraunit.utils.EmbeddedCassandraServerHelper$1.run(EmbeddedCassandraServerHelper.java:125)
	at java.util.concurrent.ThreadPoolExecutor.runWorker(ThreadPoolExecutor.java:1149)
	at java.util.concurrent.ThreadPoolExecutor$Worker.run(ThreadPoolExecutor.java:624)
	at java.lang.Thread.run(Thread.java:748)
]]></system-err>
</testsuite>
