<?xml version="1.0" encoding="UTF-8"?>
<testsuite name="uk.sky.cqlmigrate.CqlPathsTest" tests="1" skipped="0" failures="0" errors="0" timestamp="2017-09-01T07:02:38" hostname="mirek-HP-Pavilion-g6-Notebook-PC" time="0.001">
  <properties/>
  <testcase name="shouldReleaseFileDescriptorsResources" classname="uk.sky.cqlmigrate.CqlPathsTest" time="0.001"/>
  <system-out><![CDATA[]]></system-out>
  <system-err><![CDATA[]]></system-err>
</testsuite>
