<?xml version="1.0" encoding="UTF-8"?>
<testsuite name="uk.sky.cqlmigrate.LockConfigBuilderTest" tests="2" skipped="0" failures="0" errors="0" timestamp="2017-09-01T07:03:52" hostname="mirek-HP-Pavilion-g6-Notebook-PC" time="0.001">
  <properties/>
  <testcase name="shouldThrowExceptionIfPollingIntervalIsNegative" classname="uk.sky.cqlmigrate.LockConfigBuilderTest" time="0.0"/>
  <testcase name="shouldThrowExceptionIfTimeoutIsNegative" classname="uk.sky.cqlmigrate.LockConfigBuilderTest" time="0.0"/>
  <system-out><![CDATA[]]></system-out>
  <system-err><![CDATA[]]></system-err>
</testsuite>
