<?xml version="1.0" encoding="UTF-8"?>
<testsuite name="uk.sky.cqlmigrate.CassandraNoOpLockingMechanismTest" tests="5" skipped="0" failures="0" errors="0" timestamp="2017-09-01T07:03:51" hostname="mirek-HP-Pavilion-g6-Notebook-PC" time="0.197">
  <properties/>
  <testcase name="shouldAlwaysAcquireLock" classname="uk.sky.cqlmigrate.CassandraNoOpLockingMechanismTest" time="0.04"/>
  <testcase name="shouldPrepareNoInsertLocksQueryWhenInit" classname="uk.sky.cqlmigrate.CassandraNoOpLockingMechanismTest" time="0.036"/>
  <testcase name="shouldDeleteLockWhenReleasingLock" classname="uk.sky.cqlmigrate.CassandraNoOpLockingMechanismTest" time="0.042"/>
  <testcase name="nothingShouldInsertLockWhenAcquiringLock" classname="uk.sky.cqlmigrate.CassandraNoOpLockingMechanismTest" time="0.041"/>
  <testcase name="shouldAlwaysReleasingLock" classname="uk.sky.cqlmigrate.CassandraNoOpLockingMechanismTest" time="0.037"/>
  <system-out><![CDATA[08:03:51.901 [CassandraServerStub-45041-42323-akka.actor.default-dispatcher-2] INFO  o.s.server.priming.PrimingServer - Opening port 42323 for priming
08:03:51.905 [CassandraServerStub-45041-42323-akka.actor.default-dispatcher-7] INFO  o.s.server.ServerReadyListener - ServerReady - Forwarding ServerReady to listener.
[INFO] [09/01/2017 08:03:51.905] [CassandraServerStub-45041-42323-akka.actor.default-dispatcher-7] [akka://CassandraServerStub-45041-42323/user/BinaryTcpListener] Port 45041 ready for Cassandra binary connections. Actor[akka://CassandraServerStub-45041-42323/system/IO-TCP/selectors/$a/0#-1323159702]
[INFO] [09/01/2017 08:03:51.908] [CassandraServerStub-45041-42323-akka.actor.default-dispatcher-5] [akka://CassandraServerStub-45041-42323/user/IO-HTTP/listener-0] Bound to localhost/127.0.0.1:42323
08:03:51.908 [CassandraServerStub-45041-42323-akka.actor.default-dispatcher-3] INFO  o.s.server.priming.PrimingServer - Priming server bound to admin port 42323
08:03:51.908 [CassandraServerStub-45041-42323-akka.actor.default-dispatcher-3] INFO  o.s.server.ServerReadyListener - ServerReady - Forwarding ServerReady to listener.
08:03:51.928 [CassandraServerStub-45041-42323-akka.actor.default-dispatcher-3] INFO  o.s.server.priming.ActivityLog - Clearing prepared statement preparations
08:03:51.928 [Test worker] INFO  c.datastax.driver.core.ClockFactory - Using native clock to generate timestamps.
08:03:51.931 [Test worker] INFO  o.s.http.client.PrimingClient - Sending {"when":{"query":"INSERT INTO cqlmigrate.locks (name, client) VALUES (?, ?) IF NOT EXISTS"},"then":{"variable_types":["text","text"],"rows":[{"[applied]":true}],"column_types":{"[applied]":"boolean"}}} to url http://localhost:42323/prime-prepared-single
08:03:51.933 [CassandraServerStub-45041-42323-akka.actor.default-dispatcher-3] INFO  o.s.s.cqlmessages.types.ColumnType$ - Type is Some(CqlText)
08:03:51.934 [CassandraServerStub-45041-42323-akka.actor.default-dispatcher-3] INFO  o.s.s.cqlmessages.types.ColumnType$ - Type is Some(CqlText)
08:03:51.934 [CassandraServerStub-45041-42323-akka.actor.default-dispatcher-3] INFO  o.s.s.cqlmessages.types.ColumnType$ - Type is Some(CqlBoolean)
08:03:51.934 [CassandraServerStub-45041-42323-akka.actor.default-dispatcher-3] INFO  o.s.s.p.prepared.PrimePreparedStore - Storing prime for prepared statement PreparedPrime(List(CqlText, CqlText),Prime(List(Map([applied] -> true)),SuccessResult,Map([applied] -> CqlBoolean),,,None,List())) with prime criteria PrimeCriteria(INSERT INTO cqlmigrate.locks (name, client) VALUES (?, ?) IF NOT EXISTS,List(org.scassandra.server.cqlmessages.ANY$@24c20390, org.scassandra.server.cqlmessages.ONE$@1006a4ce, org.scassandra.server.cqlmessages.TWO$@7a80aae3, org.scassandra.server.cqlmessages.THREE$@42172f91, org.scassandra.server.cqlmessages.QUORUM$@1ab5ec8c, org.scassandra.server.cqlmessages.ALL$@2edfb2c9, org.scassandra.server.cqlmessages.LOCAL_QUORUM$@51f7c243, org.scassandra.server.cqlmessages.EACH_QUORUM$@2a67044b, org.scassandra.server.cqlmessages.SERIAL$@1f034c07, org.scassandra.server.cqlmessages.LOCAL_SERIAL$@4c19fcd4, org.scassandra.server.cqlmessages.LOCAL_ONE$@2313cace),false)
08:03:51.935 [Test worker] INFO  o.s.http.client.PrimingClient - Sending {"when":{"query":"DELETE FROM cqlmigrate.locks WHERE name \u003d ? IF client \u003d ?"},"then":{"variable_types":["text","text"],"rows":[{"[applied]":true}],"column_types":{"[applied]":"boolean"}}} to url http://localhost:42323/prime-prepared-single
08:03:51.937 [CassandraServerStub-45041-42323-akka.actor.default-dispatcher-2] INFO  o.s.s.cqlmessages.types.ColumnType$ - Type is Some(CqlText)
08:03:51.937 [CassandraServerStub-45041-42323-akka.actor.default-dispatcher-2] INFO  o.s.s.cqlmessages.types.ColumnType$ - Type is Some(CqlText)
08:03:51.937 [CassandraServerStub-45041-42323-akka.actor.default-dispatcher-2] INFO  o.s.s.cqlmessages.types.ColumnType$ - Type is Some(CqlBoolean)
08:03:51.938 [CassandraServerStub-45041-42323-akka.actor.default-dispatcher-2] INFO  o.s.s.p.prepared.PrimePreparedStore - Storing prime for prepared statement PreparedPrime(List(CqlText, CqlText),Prime(List(Map([applied] -> true)),SuccessResult,Map([applied] -> CqlBoolean),,,None,List())) with prime criteria PrimeCriteria(DELETE FROM cqlmigrate.locks WHERE name = ? IF client = ?,List(org.scassandra.server.cqlmessages.ANY$@24c20390, org.scassandra.server.cqlmessages.ONE$@1006a4ce, org.scassandra.server.cqlmessages.TWO$@7a80aae3, org.scassandra.server.cqlmessages.THREE$@42172f91, org.scassandra.server.cqlmessages.QUORUM$@1ab5ec8c, org.scassandra.server.cqlmessages.ALL$@2edfb2c9, org.scassandra.server.cqlmessages.LOCAL_QUORUM$@51f7c243, org.scassandra.server.cqlmessages.EACH_QUORUM$@2a67044b, org.scassandra.server.cqlmessages.SERIAL$@1f034c07, org.scassandra.server.cqlmessages.LOCAL_SERIAL$@4c19fcd4, org.scassandra.server.cqlmessages.LOCAL_ONE$@2313cace),false)
08:03:51.949 [CassandraServerStub-45041-42323-akka.actor.default-dispatcher-2] INFO  o.s.server.priming.ActivityLog - Clearing prepared statement preparations
08:03:51.964 [CassandraServerStub-45041-42323-akka.actor.default-dispatcher-3] INFO  o.s.server.priming.ActivityLog - Clearing prepared statement preparations
08:03:51.965 [Test worker] INFO  c.datastax.driver.core.ClockFactory - Using native clock to generate timestamps.
08:03:51.965 [Test worker] INFO  o.s.http.client.PrimingClient - Sending {"when":{"query":"INSERT INTO cqlmigrate.locks (name, client) VALUES (?, ?) IF NOT EXISTS"},"then":{"variable_types":["text","text"],"rows":[{"[applied]":true}],"column_types":{"[applied]":"boolean"}}} to url http://localhost:42323/prime-prepared-single
08:03:51.967 [CassandraServerStub-45041-42323-akka.actor.default-dispatcher-3] INFO  o.s.s.cqlmessages.types.ColumnType$ - Type is Some(CqlText)
08:03:51.967 [CassandraServerStub-45041-42323-akka.actor.default-dispatcher-3] INFO  o.s.s.cqlmessages.types.ColumnType$ - Type is Some(CqlText)
08:03:51.967 [CassandraServerStub-45041-42323-akka.actor.default-dispatcher-3] INFO  o.s.s.cqlmessages.types.ColumnType$ - Type is Some(CqlBoolean)
08:03:51.968 [CassandraServerStub-45041-42323-akka.actor.default-dispatcher-3] INFO  o.s.s.p.prepared.PrimePreparedStore - Storing prime for prepared statement PreparedPrime(List(CqlText, CqlText),Prime(List(Map([applied] -> true)),SuccessResult,Map([applied] -> CqlBoolean),,,None,List())) with prime criteria PrimeCriteria(INSERT INTO cqlmigrate.locks (name, client) VALUES (?, ?) IF NOT EXISTS,List(org.scassandra.server.cqlmessages.ANY$@24c20390, org.scassandra.server.cqlmessages.ONE$@1006a4ce, org.scassandra.server.cqlmessages.TWO$@7a80aae3, org.scassandra.server.cqlmessages.THREE$@42172f91, org.scassandra.server.cqlmessages.QUORUM$@1ab5ec8c, org.scassandra.server.cqlmessages.ALL$@2edfb2c9, org.scassandra.server.cqlmessages.LOCAL_QUORUM$@51f7c243, org.scassandra.server.cqlmessages.EACH_QUORUM$@2a67044b, org.scassandra.server.cqlmessages.SERIAL$@1f034c07, org.scassandra.server.cqlmessages.LOCAL_SERIAL$@4c19fcd4, org.scassandra.server.cqlmessages.LOCAL_ONE$@2313cace),false)
08:03:51.969 [Test worker] INFO  o.s.http.client.PrimingClient - Sending {"when":{"query":"DELETE FROM cqlmigrate.locks WHERE name \u003d ? IF client \u003d ?"},"then":{"variable_types":["text","text"],"rows":[{"[applied]":true}],"column_types":{"[applied]":"boolean"}}} to url http://localhost:42323/prime-prepared-single
08:03:51.971 [CassandraServerStub-45041-42323-akka.actor.default-dispatcher-3] INFO  o.s.s.cqlmessages.types.ColumnType$ - Type is Some(CqlText)
08:03:51.971 [CassandraServerStub-45041-42323-akka.actor.default-dispatcher-3] INFO  o.s.s.cqlmessages.types.ColumnType$ - Type is Some(CqlText)
08:03:51.972 [CassandraServerStub-45041-42323-akka.actor.default-dispatcher-3] INFO  o.s.s.cqlmessages.types.ColumnType$ - Type is Some(CqlBoolean)
08:03:51.972 [CassandraServerStub-45041-42323-akka.actor.default-dispatcher-3] INFO  o.s.s.p.prepared.PrimePreparedStore - Storing prime for prepared statement PreparedPrime(List(CqlText, CqlText),Prime(List(Map([applied] -> true)),SuccessResult,Map([applied] -> CqlBoolean),,,None,List())) with prime criteria PrimeCriteria(DELETE FROM cqlmigrate.locks WHERE name = ? IF client = ?,List(org.scassandra.server.cqlmessages.ANY$@24c20390, org.scassandra.server.cqlmessages.ONE$@1006a4ce, org.scassandra.server.cqlmessages.TWO$@7a80aae3, org.scassandra.server.cqlmessages.THREE$@42172f91, org.scassandra.server.cqlmessages.QUORUM$@1ab5ec8c, org.scassandra.server.cqlmessages.ALL$@2edfb2c9, org.scassandra.server.cqlmessages.LOCAL_QUORUM$@51f7c243, org.scassandra.server.cqlmessages.EACH_QUORUM$@2a67044b, org.scassandra.server.cqlmessages.SERIAL$@1f034c07, org.scassandra.server.cqlmessages.LOCAL_SERIAL$@4c19fcd4, org.scassandra.server.cqlmessages.LOCAL_ONE$@2313cace),false)
08:03:51.983 [CassandraServerStub-45041-42323-akka.actor.default-dispatcher-3] INFO  o.s.server.priming.ActivityLog - Clearing prepared statement preparations
08:03:52.002 [CassandraServerStub-45041-42323-akka.actor.default-dispatcher-2] INFO  o.s.server.priming.ActivityLog - Clearing prepared statement preparations
08:03:52.003 [Test worker] INFO  c.datastax.driver.core.ClockFactory - Using native clock to generate timestamps.
08:03:52.003 [Test worker] INFO  o.s.http.client.PrimingClient - Sending {"when":{"query":"INSERT INTO cqlmigrate.locks (name, client) VALUES (?, ?) IF NOT EXISTS"},"then":{"variable_types":["text","text"],"rows":[{"[applied]":true}],"column_types":{"[applied]":"boolean"}}} to url http://localhost:42323/prime-prepared-single
08:03:52.005 [CassandraServerStub-45041-42323-akka.actor.default-dispatcher-2] INFO  o.s.s.cqlmessages.types.ColumnType$ - Type is Some(CqlText)
08:03:52.006 [CassandraServerStub-45041-42323-akka.actor.default-dispatcher-2] INFO  o.s.s.cqlmessages.types.ColumnType$ - Type is Some(CqlText)
08:03:52.006 [CassandraServerStub-45041-42323-akka.actor.default-dispatcher-2] INFO  o.s.s.cqlmessages.types.ColumnType$ - Type is Some(CqlBoolean)
08:03:52.007 [CassandraServerStub-45041-42323-akka.actor.default-dispatcher-2] INFO  o.s.s.p.prepared.PrimePreparedStore - Storing prime for prepared statement PreparedPrime(List(CqlText, CqlText),Prime(List(Map([applied] -> true)),SuccessResult,Map([applied] -> CqlBoolean),,,None,List())) with prime criteria PrimeCriteria(INSERT INTO cqlmigrate.locks (name, client) VALUES (?, ?) IF NOT EXISTS,List(org.scassandra.server.cqlmessages.ANY$@24c20390, org.scassandra.server.cqlmessages.ONE$@1006a4ce, org.scassandra.server.cqlmessages.TWO$@7a80aae3, org.scassandra.server.cqlmessages.THREE$@42172f91, org.scassandra.server.cqlmessages.QUORUM$@1ab5ec8c, org.scassandra.server.cqlmessages.ALL$@2edfb2c9, org.scassandra.server.cqlmessages.LOCAL_QUORUM$@51f7c243, org.scassandra.server.cqlmessages.EACH_QUORUM$@2a67044b, org.scassandra.server.cqlmessages.SERIAL$@1f034c07, org.scassandra.server.cqlmessages.LOCAL_SERIAL$@4c19fcd4, org.scassandra.server.cqlmessages.LOCAL_ONE$@2313cace),false)
08:03:52.008 [Test worker] INFO  o.s.http.client.PrimingClient - Sending {"when":{"query":"DELETE FROM cqlmigrate.locks WHERE name \u003d ? IF client \u003d ?"},"then":{"variable_types":["text","text"],"rows":[{"[applied]":true}],"column_types":{"[applied]":"boolean"}}} to url http://localhost:42323/prime-prepared-single
08:03:52.010 [CassandraServerStub-45041-42323-akka.actor.default-dispatcher-2] INFO  o.s.s.cqlmessages.types.ColumnType$ - Type is Some(CqlText)
08:03:52.011 [CassandraServerStub-45041-42323-akka.actor.default-dispatcher-2] INFO  o.s.s.cqlmessages.types.ColumnType$ - Type is Some(CqlText)
08:03:52.011 [CassandraServerStub-45041-42323-akka.actor.default-dispatcher-2] INFO  o.s.s.cqlmessages.types.ColumnType$ - Type is Some(CqlBoolean)
08:03:52.011 [CassandraServerStub-45041-42323-akka.actor.default-dispatcher-2] INFO  o.s.s.p.prepared.PrimePreparedStore - Storing prime for prepared statement PreparedPrime(List(CqlText, CqlText),Prime(List(Map([applied] -> true)),SuccessResult,Map([applied] -> CqlBoolean),,,None,List())) with prime criteria PrimeCriteria(DELETE FROM cqlmigrate.locks WHERE name = ? IF client = ?,List(org.scassandra.server.cqlmessages.ANY$@24c20390, org.scassandra.server.cqlmessages.ONE$@1006a4ce, org.scassandra.server.cqlmessages.TWO$@7a80aae3, org.scassandra.server.cqlmessages.THREE$@42172f91, org.scassandra.server.cqlmessages.QUORUM$@1ab5ec8c, org.scassandra.server.cqlmessages.ALL$@2edfb2c9, org.scassandra.server.cqlmessages.LOCAL_QUORUM$@51f7c243, org.scassandra.server.cqlmessages.EACH_QUORUM$@2a67044b, org.scassandra.server.cqlmessages.SERIAL$@1f034c07, org.scassandra.server.cqlmessages.LOCAL_SERIAL$@4c19fcd4, org.scassandra.server.cqlmessages.LOCAL_ONE$@2313cace),false)
08:03:52.024 [CassandraServerStub-45041-42323-akka.actor.default-dispatcher-3] INFO  o.s.server.priming.ActivityLog - Clearing prepared statement preparations
08:03:52.047 [CassandraServerStub-45041-42323-akka.actor.default-dispatcher-2] INFO  o.s.server.priming.ActivityLog - Clearing prepared statement preparations
08:03:52.048 [Test worker] INFO  c.datastax.driver.core.ClockFactory - Using native clock to generate timestamps.
08:03:52.048 [Test worker] INFO  o.s.http.client.PrimingClient - Sending {"when":{"query":"INSERT INTO cqlmigrate.locks (name, client) VALUES (?, ?) IF NOT EXISTS"},"then":{"variable_types":["text","text"],"rows":[{"[applied]":true}],"column_types":{"[applied]":"boolean"}}} to url http://localhost:42323/prime-prepared-single
08:03:52.051 [CassandraServerStub-45041-42323-akka.actor.default-dispatcher-2] INFO  o.s.s.cqlmessages.types.ColumnType$ - Type is Some(CqlText)
08:03:52.051 [CassandraServerStub-45041-42323-akka.actor.default-dispatcher-2] INFO  o.s.s.cqlmessages.types.ColumnType$ - Type is Some(CqlText)
08:03:52.051 [CassandraServerStub-45041-42323-akka.actor.default-dispatcher-2] INFO  o.s.s.cqlmessages.types.ColumnType$ - Type is Some(CqlBoolean)
08:03:52.051 [CassandraServerStub-45041-42323-akka.actor.default-dispatcher-2] INFO  o.s.s.p.prepared.PrimePreparedStore - Storing prime for prepared statement PreparedPrime(List(CqlText, CqlText),Prime(List(Map([applied] -> true)),SuccessResult,Map([applied] -> CqlBoolean),,,None,List())) with prime criteria PrimeCriteria(INSERT INTO cqlmigrate.locks (name, client) VALUES (?, ?) IF NOT EXISTS,List(org.scassandra.server.cqlmessages.ANY$@24c20390, org.scassandra.server.cqlmessages.ONE$@1006a4ce, org.scassandra.server.cqlmessages.TWO$@7a80aae3, org.scassandra.server.cqlmessages.THREE$@42172f91, org.scassandra.server.cqlmessages.QUORUM$@1ab5ec8c, org.scassandra.server.cqlmessages.ALL$@2edfb2c9, org.scassandra.server.cqlmessages.LOCAL_QUORUM$@51f7c243, org.scassandra.server.cqlmessages.EACH_QUORUM$@2a67044b, org.scassandra.server.cqlmessages.SERIAL$@1f034c07, org.scassandra.server.cqlmessages.LOCAL_SERIAL$@4c19fcd4, org.scassandra.server.cqlmessages.LOCAL_ONE$@2313cace),false)
08:03:52.052 [Test worker] INFO  o.s.http.client.PrimingClient - Sending {"when":{"query":"DELETE FROM cqlmigrate.locks WHERE name \u003d ? IF client \u003d ?"},"then":{"variable_types":["text","text"],"rows":[{"[applied]":true}],"column_types":{"[applied]":"boolean"}}} to url http://localhost:42323/prime-prepared-single
08:03:52.054 [CassandraServerStub-45041-42323-akka.actor.default-dispatcher-2] INFO  o.s.s.cqlmessages.types.ColumnType$ - Type is Some(CqlText)
08:03:52.054 [CassandraServerStub-45041-42323-akka.actor.default-dispatcher-2] INFO  o.s.s.cqlmessages.types.ColumnType$ - Type is Some(CqlText)
08:03:52.055 [CassandraServerStub-45041-42323-akka.actor.default-dispatcher-2] INFO  o.s.s.cqlmessages.types.ColumnType$ - Type is Some(CqlBoolean)
08:03:52.055 [CassandraServerStub-45041-42323-akka.actor.default-dispatcher-2] INFO  o.s.s.p.prepared.PrimePreparedStore - Storing prime for prepared statement PreparedPrime(List(CqlText, CqlText),Prime(List(Map([applied] -> true)),SuccessResult,Map([applied] -> CqlBoolean),,,None,List())) with prime criteria PrimeCriteria(DELETE FROM cqlmigrate.locks WHERE name = ? IF client = ?,List(org.scassandra.server.cqlmessages.ANY$@24c20390, org.scassandra.server.cqlmessages.ONE$@1006a4ce, org.scassandra.server.cqlmessages.TWO$@7a80aae3, org.scassandra.server.cqlmessages.THREE$@42172f91, org.scassandra.server.cqlmessages.QUORUM$@1ab5ec8c, org.scassandra.server.cqlmessages.ALL$@2edfb2c9, org.scassandra.server.cqlmessages.LOCAL_QUORUM$@51f7c243, org.scassandra.server.cqlmessages.EACH_QUORUM$@2a67044b, org.scassandra.server.cqlmessages.SERIAL$@1f034c07, org.scassandra.server.cqlmessages.LOCAL_SERIAL$@4c19fcd4, org.scassandra.server.cqlmessages.LOCAL_ONE$@2313cace),false)
08:03:52.067 [CassandraServerStub-45041-42323-akka.actor.default-dispatcher-3] INFO  o.s.server.priming.ActivityLog - Clearing prepared statement preparations
08:03:52.086 [CassandraServerStub-45041-42323-akka.actor.default-dispatcher-2] INFO  o.s.server.priming.ActivityLog - Clearing prepared statement preparations
08:03:52.087 [Test worker] INFO  c.datastax.driver.core.ClockFactory - Using native clock to generate timestamps.
08:03:52.087 [Test worker] INFO  o.s.http.client.PrimingClient - Sending {"when":{"query":"INSERT INTO cqlmigrate.locks (name, client) VALUES (?, ?) IF NOT EXISTS"},"then":{"variable_types":["text","text"],"rows":[{"[applied]":true}],"column_types":{"[applied]":"boolean"}}} to url http://localhost:42323/prime-prepared-single
08:03:52.089 [CassandraServerStub-45041-42323-akka.actor.default-dispatcher-3] INFO  o.s.s.cqlmessages.types.ColumnType$ - Type is Some(CqlText)
08:03:52.089 [CassandraServerStub-45041-42323-akka.actor.default-dispatcher-3] INFO  o.s.s.cqlmessages.types.ColumnType$ - Type is Some(CqlText)
08:03:52.089 [CassandraServerStub-45041-42323-akka.actor.default-dispatcher-3] INFO  o.s.s.cqlmessages.types.ColumnType$ - Type is Some(CqlBoolean)
08:03:52.090 [CassandraServerStub-45041-42323-akka.actor.default-dispatcher-3] INFO  o.s.s.p.prepared.PrimePreparedStore - Storing prime for prepared statement PreparedPrime(List(CqlText, CqlText),Prime(List(Map([applied] -> true)),SuccessResult,Map([applied] -> CqlBoolean),,,None,List())) with prime criteria PrimeCriteria(INSERT INTO cqlmigrate.locks (name, client) VALUES (?, ?) IF NOT EXISTS,List(org.scassandra.server.cqlmessages.ANY$@24c20390, org.scassandra.server.cqlmessages.ONE$@1006a4ce, org.scassandra.server.cqlmessages.TWO$@7a80aae3, org.scassandra.server.cqlmessages.THREE$@42172f91, org.scassandra.server.cqlmessages.QUORUM$@1ab5ec8c, org.scassandra.server.cqlmessages.ALL$@2edfb2c9, org.scassandra.server.cqlmessages.LOCAL_QUORUM$@51f7c243, org.scassandra.server.cqlmessages.EACH_QUORUM$@2a67044b, org.scassandra.server.cqlmessages.SERIAL$@1f034c07, org.scassandra.server.cqlmessages.LOCAL_SERIAL$@4c19fcd4, org.scassandra.server.cqlmessages.LOCAL_ONE$@2313cace),false)
08:03:52.091 [Test worker] INFO  o.s.http.client.PrimingClient - Sending {"when":{"query":"DELETE FROM cqlmigrate.locks WHERE name \u003d ? IF client \u003d ?"},"then":{"variable_types":["text","text"],"rows":[{"[applied]":true}],"column_types":{"[applied]":"boolean"}}} to url http://localhost:42323/prime-prepared-single
08:03:52.093 [CassandraServerStub-45041-42323-akka.actor.default-dispatcher-3] INFO  o.s.s.cqlmessages.types.ColumnType$ - Type is Some(CqlText)
08:03:52.093 [CassandraServerStub-45041-42323-akka.actor.default-dispatcher-3] INFO  o.s.s.cqlmessages.types.ColumnType$ - Type is Some(CqlText)
08:03:52.093 [CassandraServerStub-45041-42323-akka.actor.default-dispatcher-3] INFO  o.s.s.cqlmessages.types.ColumnType$ - Type is Some(CqlBoolean)
08:03:52.094 [CassandraServerStub-45041-42323-akka.actor.default-dispatcher-3] INFO  o.s.s.p.prepared.PrimePreparedStore - Storing prime for prepared statement PreparedPrime(List(CqlText, CqlText),Prime(List(Map([applied] -> true)),SuccessResult,Map([applied] -> CqlBoolean),,,None,List())) with prime criteria PrimeCriteria(DELETE FROM cqlmigrate.locks WHERE name = ? IF client = ?,List(org.scassandra.server.cqlmessages.ANY$@24c20390, org.scassandra.server.cqlmessages.ONE$@1006a4ce, org.scassandra.server.cqlmessages.TWO$@7a80aae3, org.scassandra.server.cqlmessages.THREE$@42172f91, org.scassandra.server.cqlmessages.QUORUM$@1ab5ec8c, org.scassandra.server.cqlmessages.ALL$@2edfb2c9, org.scassandra.server.cqlmessages.LOCAL_QUORUM$@51f7c243, org.scassandra.server.cqlmessages.EACH_QUORUM$@2a67044b, org.scassandra.server.cqlmessages.SERIAL$@1f034c07, org.scassandra.server.cqlmessages.LOCAL_SERIAL$@4c19fcd4, org.scassandra.server.cqlmessages.LOCAL_ONE$@2313cace),false)
08:03:52.107 [CassandraServerStub-45041-42323-akka.actor.default-dispatcher-2] INFO  o.s.server.priming.ActivityLog - Clearing prepared statement preparations
08:03:52.115 [Test worker] INFO  o.scassandra.server.ServerStubRunner - Server is shut down
]]></system-out>
  <system-err><![CDATA[]]></system-err>
</testsuite>
