<?xml version="1.0" encoding="UTF-8"?>
<testsuite name="uk.sky.cqlmigrate.SchemaUpdatesTest" tests="2" skipped="0" failures="0" errors="0" timestamp="2017-09-01T07:03:45" hostname="mirek-HP-Pavilion-g6-Notebook-PC" time="0.905">
  <properties/>
  <testcase name="schemaUpdatesTableShouldNotBeCreatedIfExists" classname="uk.sky.cqlmigrate.SchemaUpdatesTest" time="0.169"/>
  <testcase name="schemaUpdatesTableShouldBeCreatedIfNotExists" classname="uk.sky.cqlmigrate.SchemaUpdatesTest" time="0.736"/>
  <system-out><![CDATA[08:03:45.760 [Test worker] INFO  c.datastax.driver.core.ClockFactory - Using native clock to generate timestamps.
08:03:45.790 [Test worker] INFO  c.d.d.c.p.DCAwareRoundRobinPolicy - Using data-center name 'datacenter1' for DCAwareRoundRobinPolicy (if this is incorrect, please provide the correct datacenter name with DCAwareRoundRobinPolicy constructor)
08:03:45.790 [Test worker] INFO  com.datastax.driver.core.Cluster - New Cassandra host localhost/127.0.0.1:35627 added
08:03:45.802 [SharedPool-Worker-13] INFO  o.a.c.service.MigrationManager - Create new Keyspace: KeyspaceMetadata{name=cqlmigrate_test, params=KeyspaceParams{durable_writes=true, replication=ReplicationParams{class=org.apache.cassandra.locator.SimpleStrategy, replication_factor=1}}, tables=[], views=[], functions=[], types=[]}
08:03:45.854 [SharedPool-Worker-5] INFO  o.a.c.service.MigrationManager - Create new table: org.apache.cassandra.config.CFMetaData@5ca24e9c[cfId=b2522de0-8ee3-11e7-b84e-77cbe2e401e6,ksName=cqlmigrate_test,cfName=schema_updates,flags=[COMPOUND],params=TableParams{comment=, read_repair_chance=0.0, dclocal_read_repair_chance=0.1, bloom_filter_fp_chance=0.01, crc_check_chance=1.0, gc_grace_seconds=864000, default_time_to_live=0, memtable_flush_period_in_ms=0, min_index_interval=128, max_index_interval=2048, speculative_retry=99PERCENTILE, caching={'keys' : 'ALL', 'rows_per_partition' : 'NONE'}, compaction=CompactionParams{class=org.apache.cassandra.db.compaction.SizeTieredCompactionStrategy, options={min_threshold=4, max_threshold=32}}, compression=org.apache.cassandra.schema.CompressionParams@4bba6907, extensions={}},comparator=comparator(),partitionColumns=[[] | [applied_on checksum]],partitionKeyColumns=[ColumnDefinition{name=filename, type=org.apache.cassandra.db.marshal.UTF8Type, kind=PARTITION_KEY, position=0}],clusteringColumns=[],keyValidator=org.apache.cassandra.db.marshal.UTF8Type,columnMetadata=[ColumnDefinition{name=applied_on, type=org.apache.cassandra.db.marshal.TimestampType, kind=REGULAR, position=-1}, ColumnDefinition{name=checksum, type=org.apache.cassandra.db.marshal.UTF8Type, kind=REGULAR, position=-1}, ColumnDefinition{name=filename, type=org.apache.cassandra.db.marshal.UTF8Type, kind=PARTITION_KEY, position=0}],droppedColumns={},triggers=[],indexes=[]]
08:03:45.953 [MigrationStage:1] INFO  o.a.cassandra.db.ColumnFamilyStore - Initializing cqlmigrate_test.schema_updates
08:03:45.966 [SharedPool-Worker-4] INFO  o.a.c.service.MigrationManager - Drop Keyspace 'cqlmigrate_test'
08:03:46.507 [SharedPool-Worker-2] INFO  o.a.c.service.MigrationManager - Create new Keyspace: KeyspaceMetadata{name=cqlmigrate_test, params=KeyspaceParams{durable_writes=true, replication=ReplicationParams{class=org.apache.cassandra.locator.SimpleStrategy, replication_factor=1}}, tables=[], views=[], functions=[], types=[]}
08:03:46.572 [SharedPool-Worker-9] INFO  o.a.c.service.MigrationManager - Create new table: org.apache.cassandra.config.CFMetaData@3273cb8e[cfId=b2bf95b0-8ee3-11e7-b84e-77cbe2e401e6,ksName=cqlmigrate_test,cfName=schema_updates,flags=[COMPOUND],params=TableParams{comment=, read_repair_chance=0.0, dclocal_read_repair_chance=0.1, bloom_filter_fp_chance=0.01, crc_check_chance=1.0, gc_grace_seconds=864000, default_time_to_live=0, memtable_flush_period_in_ms=0, min_index_interval=128, max_index_interval=2048, speculative_retry=99PERCENTILE, caching={'keys' : 'ALL', 'rows_per_partition' : 'NONE'}, compaction=CompactionParams{class=org.apache.cassandra.db.compaction.SizeTieredCompactionStrategy, options={min_threshold=4, max_threshold=32}}, compression=org.apache.cassandra.schema.CompressionParams@4bba6907, extensions={}},comparator=comparator(),partitionColumns=[[] | [applied_on checksum]],partitionKeyColumns=[ColumnDefinition{name=filename, type=org.apache.cassandra.db.marshal.UTF8Type, kind=PARTITION_KEY, position=0}],clusteringColumns=[],keyValidator=org.apache.cassandra.db.marshal.UTF8Type,columnMetadata=[ColumnDefinition{name=applied_on, type=org.apache.cassandra.db.marshal.TimestampType, kind=REGULAR, position=-1}, ColumnDefinition{name=checksum, type=org.apache.cassandra.db.marshal.UTF8Type, kind=REGULAR, position=-1}, ColumnDefinition{name=filename, type=org.apache.cassandra.db.marshal.UTF8Type, kind=PARTITION_KEY, position=0}],droppedColumns={},triggers=[],indexes=[]]
08:03:46.693 [MigrationStage:1] INFO  o.a.cassandra.db.ColumnFamilyStore - Initializing cqlmigrate_test.schema_updates
08:03:48.908 [Test worker] INFO  c.datastax.driver.core.ClockFactory - Using native clock to generate timestamps.
08:03:48.933 [Test worker] INFO  c.d.d.c.p.DCAwareRoundRobinPolicy - Using data-center name 'datacenter1' for DCAwareRoundRobinPolicy (if this is incorrect, please provide the correct datacenter name with DCAwareRoundRobinPolicy constructor)
08:03:48.933 [Test worker] INFO  com.datastax.driver.core.Cluster - New Cassandra host localhost/127.0.0.1:35627 added
08:03:48.939 [SharedPool-Worker-12] INFO  o.a.c.service.MigrationManager - Drop Keyspace 'cqlmigrate_test'
]]></system-out>
  <system-err><![CDATA[]]></system-err>
</testsuite>
