<?xml version="1.0" encoding="UTF-8"?>
<testsuite name="uk.sky.cqlmigrate.CqlMigratorConsistencyLevelIntegrationTest" tests="2" skipped="0" failures="0" errors="0" timestamp="2017-09-01T07:02:24" hostname="mirek-HP-Pavilion-g6-Notebook-PC" time="11.366">
  <properties/>
  <testcase name="shouldApplyCorrectDefaultConsistencyLevelsConfiguredForUnderlyingQueries" classname="uk.sky.cqlmigrate.CqlMigratorConsistencyLevelIntegrationTest" time="6.759"/>
  <testcase name="shouldApplyCorrectCustomisedConsistencyLevelsConfiguredForUnderlyingQueries" classname="uk.sky.cqlmigrate.CqlMigratorConsistencyLevelIntegrationTest" time="4.596"/>
  <system-out><![CDATA[08:02:25.305 [CassandraServerStub-46495-1235-akka.actor.default-dispatcher-5] INFO  o.s.server.priming.PrimingServer - Opening port 1235 for priming
08:02:25.333 [CassandraServerStub-46495-1235-akka.actor.default-dispatcher-2] INFO  o.s.server.ServerReadyListener - ServerReady - Forwarding ServerReady to listener.
[INFO] [09/01/2017 08:02:25.332] [CassandraServerStub-46495-1235-akka.actor.default-dispatcher-3] [akka://CassandraServerStub-46495-1235/user/BinaryTcpListener] Port 46495 ready for Cassandra binary connections. Actor[akka://CassandraServerStub-46495-1235/system/IO-TCP/selectors/$a/0#-1660729697]
[INFO] [09/01/2017 08:02:25.835] [CassandraServerStub-46495-1235-akka.actor.default-dispatcher-5] [akka://CassandraServerStub-46495-1235/user/IO-HTTP/listener-0] Bound to localhost/127.0.0.1:1235
08:02:25.836 [CassandraServerStub-46495-1235-akka.actor.default-dispatcher-3] INFO  o.s.server.priming.PrimingServer - Priming server bound to admin port 1235
08:02:25.836 [CassandraServerStub-46495-1235-akka.actor.default-dispatcher-5] INFO  o.s.server.ServerReadyListener - ServerReady - Forwarding ServerReady to listener.
08:02:26.104 [Test worker] INFO  c.datastax.driver.core.ClockFactory - Using native clock to generate timestamps.
08:02:26.259 [Test worker] INFO  com.datastax.driver.core.NettyUtil - Did not find Netty's native epoll transport in the classpath, defaulting to NIO.
[WARN] [09/01/2017 08:02:26.564] [CassandraServerStub-46495-1235-akka.actor.default-dispatcher-4] [akka://CassandraServerStub-46495-1235/user/BinaryTcpListener/127.0.0.1:51928] Received protocol version 4, currently only one and two supported so sending an unsupported protocol error to get the driver to use an older version of the protocol.
[INFO] [09/01/2017 08:02:26.583] [CassandraServerStub-46495-1235-akka.actor.default-dispatcher-6] [akka://CassandraServerStub-46495-1235/user/BinaryTcpListener/127.0.0.1:51928] Client disconnected: PeerClosed
[INFO] [09/01/2017 08:02:26.587] [CassandraServerStub-46495-1235-akka.actor.default-dispatcher-8] [akka://CassandraServerStub-46495-1235/user/BinaryTcpListener/127.0.0.1:51930/$a] Sending ready message to Actor[akka://CassandraServerStub-46495-1235/user/BinaryTcpListener/127.0.0.1:51930#1569352221]
[INFO] [09/01/2017 08:02:26.613] [CassandraServerStub-46495-1235-akka.actor.default-dispatcher-8] [akka://CassandraServerStub-46495-1235/user/BinaryTcpListener/127.0.0.1:51930/$a/$a] No prime found for SELECT * FROM system.local WHERE key='local'
[INFO] [09/01/2017 08:02:26.615] [CassandraServerStub-46495-1235-akka.actor.default-dispatcher-8] [akka://CassandraServerStub-46495-1235/user/BinaryTcpListener/127.0.0.1:51930/$a/$a] Incoming query: SELECT * FROM system.local WHERE key='local' at consistency: org.scassandra.server.cqlmessages.ONE$@1006a4ce
[INFO] [09/01/2017 08:02:26.615] [CassandraServerStub-46495-1235-akka.actor.default-dispatcher-8] [akka://CassandraServerStub-46495-1235/user/BinaryTcpListener/127.0.0.1:51930/$a/$a] No prime found for SELECT * FROM system.peers
[INFO] [09/01/2017 08:02:26.615] [CassandraServerStub-46495-1235-akka.actor.default-dispatcher-8] [akka://CassandraServerStub-46495-1235/user/BinaryTcpListener/127.0.0.1:51930/$a/$a] Incoming query: SELECT * FROM system.peers at consistency: org.scassandra.server.cqlmessages.ONE$@1006a4ce
08:02:26.628 [Test worker] WARN  c.d.driver.core.ControlConnection - Cannot find Cassandra version for host localhost/127.0.0.1:46495 to parse the schema, using 2.0.0 based on protocol version in use. If parsing the schema fails, this could be the cause
[INFO] [09/01/2017 08:02:26.635] [CassandraServerStub-46495-1235-akka.actor.default-dispatcher-11] [akka://CassandraServerStub-46495-1235/user/BinaryTcpListener/127.0.0.1:51930/$a/$a] No prime found for SELECT * FROM system.schema_keyspaces
[INFO] [09/01/2017 08:02:26.635] [CassandraServerStub-46495-1235-akka.actor.default-dispatcher-11] [akka://CassandraServerStub-46495-1235/user/BinaryTcpListener/127.0.0.1:51930/$a/$a] Incoming query: SELECT * FROM system.schema_keyspaces at consistency: org.scassandra.server.cqlmessages.ONE$@1006a4ce
[INFO] [09/01/2017 08:02:26.635] [CassandraServerStub-46495-1235-akka.actor.default-dispatcher-11] [akka://CassandraServerStub-46495-1235/user/BinaryTcpListener/127.0.0.1:51930/$a/$a] No prime found for SELECT * FROM system.schema_columnfamilies
[INFO] [09/01/2017 08:02:26.635] [CassandraServerStub-46495-1235-akka.actor.default-dispatcher-11] [akka://CassandraServerStub-46495-1235/user/BinaryTcpListener/127.0.0.1:51930/$a/$a] Incoming query: SELECT * FROM system.schema_columnfamilies at consistency: org.scassandra.server.cqlmessages.ONE$@1006a4ce
[INFO] [09/01/2017 08:02:26.636] [CassandraServerStub-46495-1235-akka.actor.default-dispatcher-8] [akka://CassandraServerStub-46495-1235/user/BinaryTcpListener/127.0.0.1:51930/$a/$a] No prime found for SELECT * FROM system.schema_columns
[INFO] [09/01/2017 08:02:26.636] [CassandraServerStub-46495-1235-akka.actor.default-dispatcher-8] [akka://CassandraServerStub-46495-1235/user/BinaryTcpListener/127.0.0.1:51930/$a/$a] Incoming query: SELECT * FROM system.schema_columns at consistency: org.scassandra.server.cqlmessages.ONE$@1006a4ce
08:02:26.641 [Test worker] INFO  com.datastax.driver.core.Cluster - New Cassandra host localhost/127.0.0.1:46495 added
[INFO] [09/01/2017 08:02:26.654] [CassandraServerStub-46495-1235-akka.actor.default-dispatcher-2] [akka://CassandraServerStub-46495-1235/user/BinaryTcpListener/127.0.0.1:51932/$a] Sending ready message to Actor[akka://CassandraServerStub-46495-1235/user/BinaryTcpListener/127.0.0.1:51932#-341365801]
[INFO] [09/01/2017 08:02:26.656] [CassandraServerStub-46495-1235-akka.actor.default-dispatcher-9] [akka://CassandraServerStub-46495-1235/user/BinaryTcpListener/127.0.0.1:51934/$a] Sending ready message to Actor[akka://CassandraServerStub-46495-1235/user/BinaryTcpListener/127.0.0.1:51934#1283051913]
08:02:26.678 [Test worker] INFO  o.s.http.client.PrimingClient - Sending {"when":{"query":"SELECT * FROM system.schema_keyspaces"},"then":{"rows":[{"keyspace_name":"cqlmigrate_test","durable_writes":true,"strategy_class":"org.apache.cassandra.locator.SimpleStrategy","strategy_options":"{\"replication_factor\":\"1\"}"}],"column_types":{"keyspace_name":"text","strategy_options":"text","strategy_class":"varchar","durable_writes":"boolean"}}} to url http://localhost:1235/prime-query-single
08:02:26.843 [CassandraServerStub-46495-1235-akka.actor.default-dispatcher-11] INFO  o.s.s.cqlmessages.types.ColumnType$ - Type is Some(CqlText)
08:02:26.843 [CassandraServerStub-46495-1235-akka.actor.default-dispatcher-11] INFO  o.s.s.cqlmessages.types.ColumnType$ - Type is Some(CqlText)
08:02:26.844 [CassandraServerStub-46495-1235-akka.actor.default-dispatcher-11] INFO  o.s.s.cqlmessages.types.ColumnType$ - Type is Some(CqlVarchar)
08:02:26.844 [CassandraServerStub-46495-1235-akka.actor.default-dispatcher-11] INFO  o.s.s.cqlmessages.types.ColumnType$ - Type is Some(CqlBoolean)
08:02:26.864 [CassandraServerStub-46495-1235-akka.actor.default-dispatcher-11] INFO  o.s.s.priming.query.PrimeQueryStore - Adding prime with criteria PrimeCriteria(SELECT * FROM system.schema_keyspaces,List(org.scassandra.server.cqlmessages.ANY$@24c20390, org.scassandra.server.cqlmessages.ONE$@1006a4ce, org.scassandra.server.cqlmessages.TWO$@7a80aae3, org.scassandra.server.cqlmessages.THREE$@42172f91, org.scassandra.server.cqlmessages.QUORUM$@1ab5ec8c, org.scassandra.server.cqlmessages.ALL$@2edfb2c9, org.scassandra.server.cqlmessages.LOCAL_QUORUM$@51f7c243, org.scassandra.server.cqlmessages.EACH_QUORUM$@2a67044b, org.scassandra.server.cqlmessages.SERIAL$@1f034c07, org.scassandra.server.cqlmessages.LOCAL_SERIAL$@4c19fcd4, org.scassandra.server.cqlmessages.LOCAL_ONE$@2313cace),false) and prime result Prime(List(Map(keyspace_name -> cqlmigrate_test, durable_writes -> true, strategy_class -> org.apache.cassandra.locator.SimpleStrategy, strategy_options -> {"replication_factor":"1"})),SuccessResult,Map(keyspace_name -> CqlText, durable_writes -> CqlBoolean, strategy_class -> CqlVarchar, strategy_options -> CqlText),,,None,List())
08:02:26.909 [Test worker] INFO  o.s.http.client.PrimingClient - Sending {"when":{"query":"INSERT INTO cqlmigrate.locks (name, client) VALUES (?, ?) IF NOT EXISTS"},"then":{"variable_types":["text","text"],"rows":[{"client":"6f93535f-e2cb-479a-b1cb-7a240b03a198","[applied]":true}],"column_types":{"client":"text","[applied]":"boolean"}}} to url http://localhost:1235/prime-prepared-single
08:02:26.912 [CassandraServerStub-46495-1235-akka.actor.default-dispatcher-9] INFO  o.s.s.cqlmessages.types.ColumnType$ - Type is Some(CqlText)
08:02:26.912 [CassandraServerStub-46495-1235-akka.actor.default-dispatcher-9] INFO  o.s.s.cqlmessages.types.ColumnType$ - Type is Some(CqlText)
08:02:26.912 [CassandraServerStub-46495-1235-akka.actor.default-dispatcher-9] INFO  o.s.s.cqlmessages.types.ColumnType$ - Type is Some(CqlText)
08:02:26.912 [CassandraServerStub-46495-1235-akka.actor.default-dispatcher-9] INFO  o.s.s.cqlmessages.types.ColumnType$ - Type is Some(CqlBoolean)
08:02:26.918 [CassandraServerStub-46495-1235-akka.actor.default-dispatcher-9] INFO  o.s.s.p.prepared.PrimePreparedStore - Storing prime for prepared statement PreparedPrime(List(CqlText, CqlText),Prime(List(Map(client -> 6f93535f-e2cb-479a-b1cb-7a240b03a198, [applied] -> true)),SuccessResult,Map(client -> CqlText, [applied] -> CqlBoolean),,,None,List())) with prime criteria PrimeCriteria(INSERT INTO cqlmigrate.locks (name, client) VALUES (?, ?) IF NOT EXISTS,List(org.scassandra.server.cqlmessages.ANY$@24c20390, org.scassandra.server.cqlmessages.ONE$@1006a4ce, org.scassandra.server.cqlmessages.TWO$@7a80aae3, org.scassandra.server.cqlmessages.THREE$@42172f91, org.scassandra.server.cqlmessages.QUORUM$@1ab5ec8c, org.scassandra.server.cqlmessages.ALL$@2edfb2c9, org.scassandra.server.cqlmessages.LOCAL_QUORUM$@51f7c243, org.scassandra.server.cqlmessages.EACH_QUORUM$@2a67044b, org.scassandra.server.cqlmessages.SERIAL$@1f034c07, org.scassandra.server.cqlmessages.LOCAL_SERIAL$@4c19fcd4, org.scassandra.server.cqlmessages.LOCAL_ONE$@2313cace),false)
08:02:26.919 [Test worker] INFO  o.s.http.client.PrimingClient - Sending {"when":{"query":"DELETE FROM cqlmigrate.locks WHERE name \u003d ? IF client \u003d ?"},"then":{"variable_types":["text","text"],"rows":[{"client":"6f93535f-e2cb-479a-b1cb-7a240b03a198","[applied]":true}],"column_types":{"client":"text","[applied]":"boolean"}}} to url http://localhost:1235/prime-prepared-single
08:02:26.922 [CassandraServerStub-46495-1235-akka.actor.default-dispatcher-11] INFO  o.s.s.cqlmessages.types.ColumnType$ - Type is Some(CqlText)
08:02:26.923 [CassandraServerStub-46495-1235-akka.actor.default-dispatcher-11] INFO  o.s.s.cqlmessages.types.ColumnType$ - Type is Some(CqlText)
08:02:26.923 [CassandraServerStub-46495-1235-akka.actor.default-dispatcher-11] INFO  o.s.s.cqlmessages.types.ColumnType$ - Type is Some(CqlText)
08:02:26.923 [CassandraServerStub-46495-1235-akka.actor.default-dispatcher-11] INFO  o.s.s.cqlmessages.types.ColumnType$ - Type is Some(CqlBoolean)
08:02:26.924 [CassandraServerStub-46495-1235-akka.actor.default-dispatcher-11] INFO  o.s.s.p.prepared.PrimePreparedStore - Storing prime for prepared statement PreparedPrime(List(CqlText, CqlText),Prime(List(Map(client -> 6f93535f-e2cb-479a-b1cb-7a240b03a198, [applied] -> true)),SuccessResult,Map(client -> CqlText, [applied] -> CqlBoolean),,,None,List())) with prime criteria PrimeCriteria(DELETE FROM cqlmigrate.locks WHERE name = ? IF client = ?,List(org.scassandra.server.cqlmessages.ANY$@24c20390, org.scassandra.server.cqlmessages.ONE$@1006a4ce, org.scassandra.server.cqlmessages.TWO$@7a80aae3, org.scassandra.server.cqlmessages.THREE$@42172f91, org.scassandra.server.cqlmessages.QUORUM$@1ab5ec8c, org.scassandra.server.cqlmessages.ALL$@2edfb2c9, org.scassandra.server.cqlmessages.LOCAL_QUORUM$@51f7c243, org.scassandra.server.cqlmessages.EACH_QUORUM$@2a67044b, org.scassandra.server.cqlmessages.SERIAL$@1f034c07, org.scassandra.server.cqlmessages.LOCAL_SERIAL$@4c19fcd4, org.scassandra.server.cqlmessages.LOCAL_ONE$@2313cace),false)
08:02:26.927 [Test worker] INFO  c.datastax.driver.core.ClockFactory - Using native clock to generate timestamps.
[WARN] [09/01/2017 08:02:26.934] [CassandraServerStub-46495-1235-akka.actor.default-dispatcher-13] [akka://CassandraServerStub-46495-1235/user/BinaryTcpListener/127.0.0.1:51938] Received protocol version 4, currently only one and two supported so sending an unsupported protocol error to get the driver to use an older version of the protocol.
[INFO] [09/01/2017 08:02:26.935] [CassandraServerStub-46495-1235-akka.actor.default-dispatcher-11] [akka://CassandraServerStub-46495-1235/user/BinaryTcpListener/127.0.0.1:51938] Client disconnected: PeerClosed
[INFO] [09/01/2017 08:02:26.938] [CassandraServerStub-46495-1235-akka.actor.default-dispatcher-2] [akka://CassandraServerStub-46495-1235/user/BinaryTcpListener/127.0.0.1:51940/$a] Sending ready message to Actor[akka://CassandraServerStub-46495-1235/user/BinaryTcpListener/127.0.0.1:51940#-1883589971]
[INFO] [09/01/2017 08:02:26.941] [CassandraServerStub-46495-1235-akka.actor.default-dispatcher-13] [akka://CassandraServerStub-46495-1235/user/BinaryTcpListener/127.0.0.1:51940/$a/$a] No prime found for SELECT * FROM system.local WHERE key='local'
[INFO] [09/01/2017 08:02:26.941] [CassandraServerStub-46495-1235-akka.actor.default-dispatcher-13] [akka://CassandraServerStub-46495-1235/user/BinaryTcpListener/127.0.0.1:51940/$a/$a] Incoming query: SELECT * FROM system.local WHERE key='local' at consistency: org.scassandra.server.cqlmessages.ONE$@1006a4ce
[INFO] [09/01/2017 08:02:26.941] [CassandraServerStub-46495-1235-akka.actor.default-dispatcher-13] [akka://CassandraServerStub-46495-1235/user/BinaryTcpListener/127.0.0.1:51940/$a/$a] No prime found for SELECT * FROM system.peers
08:02:26.942 [Test worker] WARN  c.d.driver.core.ControlConnection - Cannot find Cassandra version for host localhost/127.0.0.1:46495 to parse the schema, using 2.0.0 based on protocol version in use. If parsing the schema fails, this could be the cause
[INFO] [09/01/2017 08:02:26.941] [CassandraServerStub-46495-1235-akka.actor.default-dispatcher-13] [akka://CassandraServerStub-46495-1235/user/BinaryTcpListener/127.0.0.1:51940/$a/$a] Incoming query: SELECT * FROM system.peers at consistency: org.scassandra.server.cqlmessages.ONE$@1006a4ce
[INFO] [09/01/2017 08:02:26.943] [CassandraServerStub-46495-1235-akka.actor.default-dispatcher-11] [akka://CassandraServerStub-46495-1235/user/BinaryTcpListener/127.0.0.1:51940/$a/$a] Found matching prime Prime(List(Map(keyspace_name -> cqlmigrate_test, durable_writes -> true, strategy_class -> org.apache.cassandra.locator.SimpleStrategy, strategy_options -> {"replication_factor":"1"})),SuccessResult,Map(keyspace_name -> CqlText, durable_writes -> CqlBoolean, strategy_class -> CqlVarchar, strategy_options -> CqlText),,,None,List()) for query SELECT * FROM system.schema_keyspaces
[INFO] [09/01/2017 08:02:26.946] [CassandraServerStub-46495-1235-akka.actor.default-dispatcher-11] [akka://CassandraServerStub-46495-1235/user/BinaryTcpListener/127.0.0.1:51940/$a/$a] Parsed query request QueryRequest(0,SELECT * FROM system.schema_keyspaces,1,0,List())
[INFO] [09/01/2017 08:02:26.946] [CassandraServerStub-46495-1235-akka.actor.default-dispatcher-11] [akka://CassandraServerStub-46495-1235/user/BinaryTcpListener/127.0.0.1:51940/$a/$a] Incoming query: SELECT * FROM system.schema_keyspaces at consistency: org.scassandra.server.cqlmessages.ONE$@1006a4ce
[INFO] [09/01/2017 08:02:26.946] [CassandraServerStub-46495-1235-akka.actor.default-dispatcher-11] [akka://CassandraServerStub-46495-1235/user/BinaryTcpListener/127.0.0.1:51940/$a/$a] No prime found for SELECT * FROM system.schema_columnfamilies
[INFO] [09/01/2017 08:02:26.946] [CassandraServerStub-46495-1235-akka.actor.default-dispatcher-11] [akka://CassandraServerStub-46495-1235/user/BinaryTcpListener/127.0.0.1:51940/$a/$a] Incoming query: SELECT * FROM system.schema_columnfamilies at consistency: org.scassandra.server.cqlmessages.ONE$@1006a4ce
[INFO] [09/01/2017 08:02:26.946] [CassandraServerStub-46495-1235-akka.actor.default-dispatcher-11] [akka://CassandraServerStub-46495-1235/user/BinaryTcpListener/127.0.0.1:51940/$a/$a] No prime found for SELECT * FROM system.schema_columns
[INFO] [09/01/2017 08:02:26.946] [CassandraServerStub-46495-1235-akka.actor.default-dispatcher-11] [akka://CassandraServerStub-46495-1235/user/BinaryTcpListener/127.0.0.1:51940/$a/$a] Incoming query: SELECT * FROM system.schema_columns at consistency: org.scassandra.server.cqlmessages.ONE$@1006a4ce
08:02:26.957 [Test worker] INFO  com.datastax.driver.core.Cluster - New Cassandra host localhost/127.0.0.1:46495 added
[INFO] [09/01/2017 08:02:26.959] [CassandraServerStub-46495-1235-akka.actor.default-dispatcher-3] [akka://CassandraServerStub-46495-1235/user/BinaryTcpListener/127.0.0.1:51942/$a] Sending ready message to Actor[akka://CassandraServerStub-46495-1235/user/BinaryTcpListener/127.0.0.1:51942#-476552010]
[INFO] [09/01/2017 08:02:26.960] [CassandraServerStub-46495-1235-akka.actor.default-dispatcher-13] [akka://CassandraServerStub-46495-1235/user/BinaryTcpListener/127.0.0.1:51944/$a] Sending ready message to Actor[akka://CassandraServerStub-46495-1235/user/BinaryTcpListener/127.0.0.1:51944#868170006]
[INFO] [09/01/2017 08:02:26.977] [CassandraServerStub-46495-1235-akka.actor.default-dispatcher-13] [akka://CassandraServerStub-46495-1235/user/BinaryTcpListener/$a] Prepared Statement has been prepared: |INSERT INTO cqlmigrate.locks (name, client) VALUES (?, ?) IF NOT EXISTS|. Prepared result is: PreparedResultV2(64,1,keyspace,table,List(CqlText, CqlText))
08:02:26.978 [CassandraServerStub-46495-1235-akka.actor.default-dispatcher-13] INFO  o.s.server.priming.ActivityLog - Recording PreparedStatementPreparation(INSERT INTO cqlmigrate.locks (name, client) VALUES (?, ?) IF NOT EXISTS)
08:02:26.989 [CassandraServerStub-46495-1235-akka.actor.default-dispatcher-13] INFO  o.s.server.priming.ActivityLog - Recording PreparedStatementPreparation(DELETE FROM cqlmigrate.locks WHERE name = ? IF client = ?)
[INFO] [09/01/2017 08:02:26.989] [CassandraServerStub-46495-1235-akka.actor.default-dispatcher-13] [akka://CassandraServerStub-46495-1235/user/BinaryTcpListener/$a] Prepared Statement has been prepared: |DELETE FROM cqlmigrate.locks WHERE name = ? IF client = ?|. Prepared result is: PreparedResultV2(0,2,keyspace,table,List(CqlText, CqlText))
08:02:26.991 [Test worker] INFO  uk.sky.cqlmigrate.Lock - Attempting to acquire lock for 'cqlmigrate_test.schema_migration', using client id '6f93535f-e2cb-479a-b1cb-7a240b03a198'
[INFO] [09/01/2017 08:02:27.010] [CassandraServerStub-46495-1235-akka.actor.default-dispatcher-10] [akka://CassandraServerStub-46495-1235/user/BinaryTcpListener/$b] Found prime PreparedPrime(List(CqlText, CqlText),Prime(List(Map(client -> 6f93535f-e2cb-479a-b1cb-7a240b03a198, [applied] -> true)),SuccessResult,Map(client -> CqlText, [applied] -> CqlBoolean),,,None,List()))
08:02:27.014 [CassandraServerStub-46495-1235-akka.actor.default-dispatcher-10] INFO  o.s.server.priming.ActivityLog - Recording PreparedStatementExecution(INSERT INTO cqlmigrate.locks (name, client) VALUES (?, ?) IF NOT EXISTS,org.scassandra.server.cqlmessages.LOCAL_ONE$@2313cace,List(Some(cqlmigrate_test.schema_migration), Some(6f93535f-e2cb-479a-b1cb-7a240b03a198)),List(CqlText, CqlText))
08:02:27.017 [Test worker] INFO  uk.sky.cqlmigrate.CqlMigratorImpl - Loading cql files from [/home/mirek/git/cqlmigrate/build/resources/test/cql_bootstrap, /home/mirek/git/cqlmigrate/build/resources/test/cql_consistency_level]
08:02:27.038 [Test worker] INFO  u.s.cqlmigrate.KeyspaceBootstrapper - Keyspace found, not applying bootstrap.cql
[INFO] [09/01/2017 08:02:27.039] [CassandraServerStub-46495-1235-akka.actor.default-dispatcher-13] [akka://CassandraServerStub-46495-1235/user/BinaryTcpListener/127.0.0.1:51942/$a/$a] No prime found for USE cqlmigrate_test;
[INFO] [09/01/2017 08:02:27.039] [CassandraServerStub-46495-1235-akka.actor.default-dispatcher-13] [akka://CassandraServerStub-46495-1235/user/BinaryTcpListener/127.0.0.1:51942/$a/$a] Incoming query: USE cqlmigrate_test; at consistency: org.scassandra.server.cqlmessages.LOCAL_ONE$@2313cace
[INFO] [09/01/2017 08:02:27.052] [CassandraServerStub-46495-1235-akka.actor.default-dispatcher-10] [akka://CassandraServerStub-46495-1235/user/BinaryTcpListener/127.0.0.1:51942/$a/$a] No prime found for CREATE TABLE schema_updates (filename text primary key, checksum text, applied_on timestamp);
[INFO] [09/01/2017 08:02:27.052] [CassandraServerStub-46495-1235-akka.actor.default-dispatcher-10] [akka://CassandraServerStub-46495-1235/user/BinaryTcpListener/127.0.0.1:51942/$a/$a] Incoming query: CREATE TABLE schema_updates (filename text primary key, checksum text, applied_on timestamp); at consistency: org.scassandra.server.cqlmessages.ALL$@2edfb2c9
[INFO] [09/01/2017 08:02:27.054] [CassandraServerStub-46495-1235-akka.actor.default-dispatcher-3] [akka://CassandraServerStub-46495-1235/user/BinaryTcpListener/127.0.0.1:51942/$a/$a] No prime found for USE cqlmigrate_test;
[INFO] [09/01/2017 08:02:27.055] [CassandraServerStub-46495-1235-akka.actor.default-dispatcher-3] [akka://CassandraServerStub-46495-1235/user/BinaryTcpListener/127.0.0.1:51942/$a/$a] Incoming query: USE cqlmigrate_test; at consistency: org.scassandra.server.cqlmessages.LOCAL_ONE$@2313cace
[INFO] [09/01/2017 08:02:27.063] [CassandraServerStub-46495-1235-akka.actor.default-dispatcher-13] [akka://CassandraServerStub-46495-1235/user/BinaryTcpListener/127.0.0.1:51942/$a/$a] No prime found for SELECT * FROM schema_updates where filename = ?
[INFO] [09/01/2017 08:02:27.063] [CassandraServerStub-46495-1235-akka.actor.default-dispatcher-13] [akka://CassandraServerStub-46495-1235/user/BinaryTcpListener/127.0.0.1:51942/$a/$a] Incoming query: SELECT * FROM schema_updates where filename = ? at consistency: org.scassandra.server.cqlmessages.LOCAL_ONE$@2313cace
[INFO] [09/01/2017 08:02:27.075] [CassandraServerStub-46495-1235-akka.actor.default-dispatcher-3] [akka://CassandraServerStub-46495-1235/user/BinaryTcpListener/127.0.0.1:51942/$a/$a] No prime found for CREATE TABLE consistency_test (column1 text primary key, column2 text)
[INFO] [09/01/2017 08:02:27.075] [CassandraServerStub-46495-1235-akka.actor.default-dispatcher-3] [akka://CassandraServerStub-46495-1235/user/BinaryTcpListener/127.0.0.1:51942/$a/$a] Incoming query: CREATE TABLE consistency_test (column1 text primary key, column2 text) at consistency: org.scassandra.server.cqlmessages.ALL$@2edfb2c9
[INFO] [09/01/2017 08:02:27.093] [CassandraServerStub-46495-1235-akka.actor.default-dispatcher-3] [akka://CassandraServerStub-46495-1235/user/BinaryTcpListener/127.0.0.1:51942/$a/$a] No prime found for INSERT INTO schema_updates (filename, checksum, applied_on) VALUES (?, ?, dateof(now()));
[INFO] [09/01/2017 08:02:27.093] [CassandraServerStub-46495-1235-akka.actor.default-dispatcher-3] [akka://CassandraServerStub-46495-1235/user/BinaryTcpListener/127.0.0.1:51942/$a/$a] Incoming query: INSERT INTO schema_updates (filename, checksum, applied_on) VALUES (?, ?, dateof(now())); at consistency: org.scassandra.server.cqlmessages.ALL$@2edfb2c9
08:02:27.093 [Test worker] INFO  uk.sky.cqlmigrate.SchemaLoader - Applied: 2016-02-12-11_30-create-table.cql
08:02:27.093 [Test worker] INFO  uk.sky.cqlmigrate.Lock - Attempting to release lock for 'cqlmigrate_test.schema_migration', using client id '6f93535f-e2cb-479a-b1cb-7a240b03a198'
[INFO] [09/01/2017 08:02:27.096] [CassandraServerStub-46495-1235-akka.actor.default-dispatcher-10] [akka://CassandraServerStub-46495-1235/user/BinaryTcpListener/$b] Found prime PreparedPrime(List(CqlText, CqlText),Prime(List(Map(client -> 6f93535f-e2cb-479a-b1cb-7a240b03a198, [applied] -> true)),SuccessResult,Map(client -> CqlText, [applied] -> CqlBoolean),,,None,List()))
08:02:27.096 [CassandraServerStub-46495-1235-akka.actor.default-dispatcher-10] INFO  o.s.server.priming.ActivityLog - Recording PreparedStatementExecution(DELETE FROM cqlmigrate.locks WHERE name = ? IF client = ?,org.scassandra.server.cqlmessages.LOCAL_ONE$@2313cace,List(Some(cqlmigrate_test.schema_migration), Some(6f93535f-e2cb-479a-b1cb-7a240b03a198)),List(CqlText, CqlText))
08:02:27.098 [Test worker] INFO  u.s.c.CassandraLockingMechanism - Lock released for cqlmigrate_test.schema_migration by client 6f93535f-e2cb-479a-b1cb-7a240b03a198 at: 1504249347097
[INFO] [09/01/2017 08:02:27.099] [CassandraServerStub-46495-1235-akka.actor.default-dispatcher-13] [akka://CassandraServerStub-46495-1235/user/BinaryTcpListener/127.0.0.1:51942] Client disconnected: PeerClosed
[INFO] [09/01/2017 08:02:27.099] [CassandraServerStub-46495-1235-akka.actor.default-dispatcher-13] [akka://CassandraServerStub-46495-1235/user/BinaryTcpListener/127.0.0.1:51944] Client disconnected: PeerClosed
[INFO] [09/01/2017 08:02:27.101] [CassandraServerStub-46495-1235-akka.actor.default-dispatcher-3] [akka://CassandraServerStub-46495-1235/user/BinaryTcpListener/127.0.0.1:51940] Client disconnected: PeerClosed
[INFO] [09/01/2017 08:02:29.383] [CassandraServerStub-46495-1235-akka.actor.default-dispatcher-14] [akka://CassandraServerStub-46495-1235/user/BinaryTcpListener/127.0.0.1:51930] Client disconnected: PeerClosed
[INFO] [09/01/2017 08:02:29.383] [CassandraServerStub-46495-1235-akka.actor.default-dispatcher-5] [akka://CassandraServerStub-46495-1235/user/BinaryTcpListener/127.0.0.1:51932] Client disconnected: PeerClosed
[INFO] [09/01/2017 08:02:29.383] [CassandraServerStub-46495-1235-akka.actor.default-dispatcher-2] [akka://CassandraServerStub-46495-1235/user/BinaryTcpListener/127.0.0.1:51934] Client disconnected: PeerClosed
[INFO] [09/01/2017 08:02:31.603] [CassandraServerStub-46495-1235-akka.actor.default-dispatcher-9] [akka://CassandraServerStub-46495-1235/user/IO-HTTP/listener-0/1] Message [akka.actor.Terminated] from Actor[akka://CassandraServerStub-46495-1235/user/PrimingServer/$a#-1071483289] to Actor[akka://CassandraServerStub-46495-1235/user/IO-HTTP/listener-0/1#1727894903] was not delivered. [1] dead letters encountered. This logging can be turned off or adjusted with configuration settings 'akka.log-dead-letters' and 'akka.log-dead-letters-during-shutdown'.
[INFO] [09/01/2017 08:02:31.603] [CassandraServerStub-46495-1235-akka.actor.default-dispatcher-9] [akka://CassandraServerStub-46495-1235/user/IO-HTTP/listener-0/0] Message [akka.actor.Terminated] from Actor[akka://CassandraServerStub-46495-1235/user/PrimingServer/$a#-1071483289] to Actor[akka://CassandraServerStub-46495-1235/user/IO-HTTP/listener-0/0#-1070919970] was not delivered. [2] dead letters encountered. This logging can be turned off or adjusted with configuration settings 'akka.log-dead-letters' and 'akka.log-dead-letters-during-shutdown'.
08:02:31.623 [Test worker] INFO  o.scassandra.server.ServerStubRunner - Server is shut down
08:02:31.645 [CassandraServerStub-46495-1235-akka.actor.default-dispatcher-7] INFO  o.s.server.priming.PrimingServer - Opening port 1235 for priming
[INFO] [09/01/2017 08:02:31.653] [CassandraServerStub-46495-1235-akka.actor.default-dispatcher-6] [akka://CassandraServerStub-46495-1235/user/BinaryTcpListener] Port 46495 ready for Cassandra binary connections. Actor[akka://CassandraServerStub-46495-1235/system/IO-TCP/selectors/$a/0#-1373577900]
08:02:31.654 [CassandraServerStub-46495-1235-akka.actor.default-dispatcher-6] INFO  o.s.server.ServerReadyListener - ServerReady - Forwarding ServerReady to listener.
08:02:31.657 [CassandraServerStub-46495-1235-akka.actor.default-dispatcher-13] INFO  o.s.server.priming.PrimingServer - Priming server bound to admin port 1235
[INFO] [09/01/2017 08:02:31.657] [CassandraServerStub-46495-1235-akka.actor.default-dispatcher-11] [akka://CassandraServerStub-46495-1235/user/IO-HTTP/listener-0] Bound to localhost/127.0.0.1:1235
08:02:31.658 [CassandraServerStub-46495-1235-akka.actor.default-dispatcher-2] INFO  o.s.server.ServerReadyListener - ServerReady - Forwarding ServerReady to listener.
08:02:31.658 [Test worker] INFO  c.datastax.driver.core.ClockFactory - Using native clock to generate timestamps.
[WARN] [09/01/2017 08:02:31.670] [CassandraServerStub-46495-1235-akka.actor.default-dispatcher-10] [akka://CassandraServerStub-46495-1235/user/BinaryTcpListener/127.0.0.1:51948] Received protocol version 4, currently only one and two supported so sending an unsupported protocol error to get the driver to use an older version of the protocol.
[INFO] [09/01/2017 08:02:31.672] [CassandraServerStub-46495-1235-akka.actor.default-dispatcher-13] [akka://CassandraServerStub-46495-1235/user/BinaryTcpListener/127.0.0.1:51948] Client disconnected: PeerClosed
[INFO] [09/01/2017 08:02:31.676] [CassandraServerStub-46495-1235-akka.actor.default-dispatcher-13] [akka://CassandraServerStub-46495-1235/user/BinaryTcpListener/127.0.0.1:51950/$a] Sending ready message to Actor[akka://CassandraServerStub-46495-1235/user/BinaryTcpListener/127.0.0.1:51950#-1113847161]
[INFO] [09/01/2017 08:02:31.678] [CassandraServerStub-46495-1235-akka.actor.default-dispatcher-4] [akka://CassandraServerStub-46495-1235/user/BinaryTcpListener/127.0.0.1:51950/$a/$a] No prime found for SELECT * FROM system.local WHERE key='local'
[INFO] [09/01/2017 08:02:31.678] [CassandraServerStub-46495-1235-akka.actor.default-dispatcher-4] [akka://CassandraServerStub-46495-1235/user/BinaryTcpListener/127.0.0.1:51950/$a/$a] Incoming query: SELECT * FROM system.local WHERE key='local' at consistency: org.scassandra.server.cqlmessages.ONE$@1006a4ce
[INFO] [09/01/2017 08:02:31.679] [CassandraServerStub-46495-1235-akka.actor.default-dispatcher-4] [akka://CassandraServerStub-46495-1235/user/BinaryTcpListener/127.0.0.1:51950/$a/$a] No prime found for SELECT * FROM system.peers
[INFO] [09/01/2017 08:02:31.679] [CassandraServerStub-46495-1235-akka.actor.default-dispatcher-4] [akka://CassandraServerStub-46495-1235/user/BinaryTcpListener/127.0.0.1:51950/$a/$a] Incoming query: SELECT * FROM system.peers at consistency: org.scassandra.server.cqlmessages.ONE$@1006a4ce
08:02:31.680 [Test worker] WARN  c.d.driver.core.ControlConnection - Cannot find Cassandra version for host localhost/127.0.0.1:46495 to parse the schema, using 2.0.0 based on protocol version in use. If parsing the schema fails, this could be the cause
[INFO] [09/01/2017 08:02:31.681] [CassandraServerStub-46495-1235-akka.actor.default-dispatcher-12] [akka://CassandraServerStub-46495-1235/user/BinaryTcpListener/127.0.0.1:51950/$a/$a] No prime found for SELECT * FROM system.schema_keyspaces
[INFO] [09/01/2017 08:02:31.681] [CassandraServerStub-46495-1235-akka.actor.default-dispatcher-12] [akka://CassandraServerStub-46495-1235/user/BinaryTcpListener/127.0.0.1:51950/$a/$a] Incoming query: SELECT * FROM system.schema_keyspaces at consistency: org.scassandra.server.cqlmessages.ONE$@1006a4ce
[INFO] [09/01/2017 08:02:31.681] [CassandraServerStub-46495-1235-akka.actor.default-dispatcher-12] [akka://CassandraServerStub-46495-1235/user/BinaryTcpListener/127.0.0.1:51950/$a/$a] No prime found for SELECT * FROM system.schema_columnfamilies
[INFO] [09/01/2017 08:02:31.681] [CassandraServerStub-46495-1235-akka.actor.default-dispatcher-12] [akka://CassandraServerStub-46495-1235/user/BinaryTcpListener/127.0.0.1:51950/$a/$a] Incoming query: SELECT * FROM system.schema_columnfamilies at consistency: org.scassandra.server.cqlmessages.ONE$@1006a4ce
[INFO] [09/01/2017 08:02:31.681] [CassandraServerStub-46495-1235-akka.actor.default-dispatcher-12] [akka://CassandraServerStub-46495-1235/user/BinaryTcpListener/127.0.0.1:51950/$a/$a] No prime found for SELECT * FROM system.schema_columns
[INFO] [09/01/2017 08:02:31.681] [CassandraServerStub-46495-1235-akka.actor.default-dispatcher-12] [akka://CassandraServerStub-46495-1235/user/BinaryTcpListener/127.0.0.1:51950/$a/$a] Incoming query: SELECT * FROM system.schema_columns at consistency: org.scassandra.server.cqlmessages.ONE$@1006a4ce
08:02:31.683 [Test worker] INFO  com.datastax.driver.core.Cluster - New Cassandra host localhost/127.0.0.1:46495 added
[INFO] [09/01/2017 08:02:31.689] [CassandraServerStub-46495-1235-akka.actor.default-dispatcher-13] [akka://CassandraServerStub-46495-1235/user/BinaryTcpListener/127.0.0.1:51952/$a] Sending ready message to Actor[akka://CassandraServerStub-46495-1235/user/BinaryTcpListener/127.0.0.1:51952#-1929975855]
[INFO] [09/01/2017 08:02:31.691] [CassandraServerStub-46495-1235-akka.actor.default-dispatcher-2] [akka://CassandraServerStub-46495-1235/user/BinaryTcpListener/127.0.0.1:51954/$a] Sending ready message to Actor[akka://CassandraServerStub-46495-1235/user/BinaryTcpListener/127.0.0.1:51954#-152408340]
08:02:31.695 [Test worker] INFO  o.s.http.client.PrimingClient - Sending {"when":{"query":"SELECT * FROM system.schema_keyspaces"},"then":{"rows":[{"keyspace_name":"cqlmigrate_test","durable_writes":true,"strategy_class":"org.apache.cassandra.locator.SimpleStrategy","strategy_options":"{\"replication_factor\":\"1\"}"}],"column_types":{"keyspace_name":"text","strategy_options":"text","strategy_class":"varchar","durable_writes":"boolean"}}} to url http://localhost:1235/prime-query-single
08:02:31.698 [CassandraServerStub-46495-1235-akka.actor.default-dispatcher-12] INFO  o.s.s.cqlmessages.types.ColumnType$ - Type is Some(CqlText)
08:02:31.698 [CassandraServerStub-46495-1235-akka.actor.default-dispatcher-12] INFO  o.s.s.cqlmessages.types.ColumnType$ - Type is Some(CqlText)
08:02:31.699 [CassandraServerStub-46495-1235-akka.actor.default-dispatcher-12] INFO  o.s.s.cqlmessages.types.ColumnType$ - Type is Some(CqlVarchar)
08:02:31.699 [CassandraServerStub-46495-1235-akka.actor.default-dispatcher-12] INFO  o.s.s.cqlmessages.types.ColumnType$ - Type is Some(CqlBoolean)
08:02:31.699 [CassandraServerStub-46495-1235-akka.actor.default-dispatcher-12] INFO  o.s.s.priming.query.PrimeQueryStore - Adding prime with criteria PrimeCriteria(SELECT * FROM system.schema_keyspaces,List(org.scassandra.server.cqlmessages.ANY$@24c20390, org.scassandra.server.cqlmessages.ONE$@1006a4ce, org.scassandra.server.cqlmessages.TWO$@7a80aae3, org.scassandra.server.cqlmessages.THREE$@42172f91, org.scassandra.server.cqlmessages.QUORUM$@1ab5ec8c, org.scassandra.server.cqlmessages.ALL$@2edfb2c9, org.scassandra.server.cqlmessages.LOCAL_QUORUM$@51f7c243, org.scassandra.server.cqlmessages.EACH_QUORUM$@2a67044b, org.scassandra.server.cqlmessages.SERIAL$@1f034c07, org.scassandra.server.cqlmessages.LOCAL_SERIAL$@4c19fcd4, org.scassandra.server.cqlmessages.LOCAL_ONE$@2313cace),false) and prime result Prime(List(Map(keyspace_name -> cqlmigrate_test, durable_writes -> true, strategy_class -> org.apache.cassandra.locator.SimpleStrategy, strategy_options -> {"replication_factor":"1"})),SuccessResult,Map(keyspace_name -> CqlText, durable_writes -> CqlBoolean, strategy_class -> CqlVarchar, strategy_options -> CqlText),,,None,List())
08:02:31.701 [Test worker] INFO  o.s.http.client.PrimingClient - Sending {"when":{"query":"INSERT INTO cqlmigrate.locks (name, client) VALUES (?, ?) IF NOT EXISTS"},"then":{"variable_types":["text","text"],"rows":[{"client":"864fbdd0-ecf7-42a5-893e-093a67c6240e","[applied]":true}],"column_types":{"client":"text","[applied]":"boolean"}}} to url http://localhost:1235/prime-prepared-single
08:02:31.704 [CassandraServerStub-46495-1235-akka.actor.default-dispatcher-4] INFO  o.s.s.cqlmessages.types.ColumnType$ - Type is Some(CqlText)
08:02:31.705 [CassandraServerStub-46495-1235-akka.actor.default-dispatcher-4] INFO  o.s.s.cqlmessages.types.ColumnType$ - Type is Some(CqlText)
08:02:31.705 [CassandraServerStub-46495-1235-akka.actor.default-dispatcher-4] INFO  o.s.s.cqlmessages.types.ColumnType$ - Type is Some(CqlText)
08:02:31.705 [CassandraServerStub-46495-1235-akka.actor.default-dispatcher-4] INFO  o.s.s.cqlmessages.types.ColumnType$ - Type is Some(CqlBoolean)
08:02:31.706 [CassandraServerStub-46495-1235-akka.actor.default-dispatcher-4] INFO  o.s.s.p.prepared.PrimePreparedStore - Storing prime for prepared statement PreparedPrime(List(CqlText, CqlText),Prime(List(Map(client -> 864fbdd0-ecf7-42a5-893e-093a67c6240e, [applied] -> true)),SuccessResult,Map(client -> CqlText, [applied] -> CqlBoolean),,,None,List())) with prime criteria PrimeCriteria(INSERT INTO cqlmigrate.locks (name, client) VALUES (?, ?) IF NOT EXISTS,List(org.scassandra.server.cqlmessages.ANY$@24c20390, org.scassandra.server.cqlmessages.ONE$@1006a4ce, org.scassandra.server.cqlmessages.TWO$@7a80aae3, org.scassandra.server.cqlmessages.THREE$@42172f91, org.scassandra.server.cqlmessages.QUORUM$@1ab5ec8c, org.scassandra.server.cqlmessages.ALL$@2edfb2c9, org.scassandra.server.cqlmessages.LOCAL_QUORUM$@51f7c243, org.scassandra.server.cqlmessages.EACH_QUORUM$@2a67044b, org.scassandra.server.cqlmessages.SERIAL$@1f034c07, org.scassandra.server.cqlmessages.LOCAL_SERIAL$@4c19fcd4, org.scassandra.server.cqlmessages.LOCAL_ONE$@2313cace),false)
08:02:31.707 [Test worker] INFO  o.s.http.client.PrimingClient - Sending {"when":{"query":"DELETE FROM cqlmigrate.locks WHERE name \u003d ? IF client \u003d ?"},"then":{"variable_types":["text","text"],"rows":[{"client":"864fbdd0-ecf7-42a5-893e-093a67c6240e","[applied]":true}],"column_types":{"client":"text","[applied]":"boolean"}}} to url http://localhost:1235/prime-prepared-single
08:02:31.710 [CassandraServerStub-46495-1235-akka.actor.default-dispatcher-12] INFO  o.s.s.cqlmessages.types.ColumnType$ - Type is Some(CqlText)
08:02:31.710 [CassandraServerStub-46495-1235-akka.actor.default-dispatcher-12] INFO  o.s.s.cqlmessages.types.ColumnType$ - Type is Some(CqlText)
08:02:31.710 [CassandraServerStub-46495-1235-akka.actor.default-dispatcher-12] INFO  o.s.s.cqlmessages.types.ColumnType$ - Type is Some(CqlText)
08:02:31.710 [CassandraServerStub-46495-1235-akka.actor.default-dispatcher-12] INFO  o.s.s.cqlmessages.types.ColumnType$ - Type is Some(CqlBoolean)
08:02:31.711 [CassandraServerStub-46495-1235-akka.actor.default-dispatcher-12] INFO  o.s.s.p.prepared.PrimePreparedStore - Storing prime for prepared statement PreparedPrime(List(CqlText, CqlText),Prime(List(Map(client -> 864fbdd0-ecf7-42a5-893e-093a67c6240e, [applied] -> true)),SuccessResult,Map(client -> CqlText, [applied] -> CqlBoolean),,,None,List())) with prime criteria PrimeCriteria(DELETE FROM cqlmigrate.locks WHERE name = ? IF client = ?,List(org.scassandra.server.cqlmessages.ANY$@24c20390, org.scassandra.server.cqlmessages.ONE$@1006a4ce, org.scassandra.server.cqlmessages.TWO$@7a80aae3, org.scassandra.server.cqlmessages.THREE$@42172f91, org.scassandra.server.cqlmessages.QUORUM$@1ab5ec8c, org.scassandra.server.cqlmessages.ALL$@2edfb2c9, org.scassandra.server.cqlmessages.LOCAL_QUORUM$@51f7c243, org.scassandra.server.cqlmessages.EACH_QUORUM$@2a67044b, org.scassandra.server.cqlmessages.SERIAL$@1f034c07, org.scassandra.server.cqlmessages.LOCAL_SERIAL$@4c19fcd4, org.scassandra.server.cqlmessages.LOCAL_ONE$@2313cace),false)
08:02:31.712 [Test worker] INFO  c.datastax.driver.core.ClockFactory - Using native clock to generate timestamps.
[WARN] [09/01/2017 08:02:31.734] [CassandraServerStub-46495-1235-akka.actor.default-dispatcher-12] [akka://CassandraServerStub-46495-1235/user/BinaryTcpListener/127.0.0.1:51958] Received protocol version 4, currently only one and two supported so sending an unsupported protocol error to get the driver to use an older version of the protocol.
[INFO] [09/01/2017 08:02:31.735] [CassandraServerStub-46495-1235-akka.actor.default-dispatcher-2] [akka://CassandraServerStub-46495-1235/user/BinaryTcpListener/127.0.0.1:51958] Client disconnected: PeerClosed
[INFO] [09/01/2017 08:02:31.739] [CassandraServerStub-46495-1235-akka.actor.default-dispatcher-2] [akka://CassandraServerStub-46495-1235/user/BinaryTcpListener/127.0.0.1:51960/$a] Sending ready message to Actor[akka://CassandraServerStub-46495-1235/user/BinaryTcpListener/127.0.0.1:51960#2009563446]
[INFO] [09/01/2017 08:02:31.741] [CassandraServerStub-46495-1235-akka.actor.default-dispatcher-12] [akka://CassandraServerStub-46495-1235/user/BinaryTcpListener/127.0.0.1:51960/$a/$a] No prime found for SELECT * FROM system.local WHERE key='local'
[INFO] [09/01/2017 08:02:31.741] [CassandraServerStub-46495-1235-akka.actor.default-dispatcher-12] [akka://CassandraServerStub-46495-1235/user/BinaryTcpListener/127.0.0.1:51960/$a/$a] Incoming query: SELECT * FROM system.local WHERE key='local' at consistency: org.scassandra.server.cqlmessages.ONE$@1006a4ce
[INFO] [09/01/2017 08:02:31.741] [CassandraServerStub-46495-1235-akka.actor.default-dispatcher-12] [akka://CassandraServerStub-46495-1235/user/BinaryTcpListener/127.0.0.1:51960/$a/$a] No prime found for SELECT * FROM system.peers
[INFO] [09/01/2017 08:02:31.741] [CassandraServerStub-46495-1235-akka.actor.default-dispatcher-12] [akka://CassandraServerStub-46495-1235/user/BinaryTcpListener/127.0.0.1:51960/$a/$a] Incoming query: SELECT * FROM system.peers at consistency: org.scassandra.server.cqlmessages.ONE$@1006a4ce
08:02:31.742 [Test worker] WARN  c.d.driver.core.ControlConnection - Cannot find Cassandra version for host localhost/127.0.0.1:46495 to parse the schema, using 2.0.0 based on protocol version in use. If parsing the schema fails, this could be the cause
[INFO] [09/01/2017 08:02:31.744] [CassandraServerStub-46495-1235-akka.actor.default-dispatcher-6] [akka://CassandraServerStub-46495-1235/user/BinaryTcpListener/127.0.0.1:51960/$a/$a] Found matching prime Prime(List(Map(keyspace_name -> cqlmigrate_test, durable_writes -> true, strategy_class -> org.apache.cassandra.locator.SimpleStrategy, strategy_options -> {"replication_factor":"1"})),SuccessResult,Map(keyspace_name -> CqlText, durable_writes -> CqlBoolean, strategy_class -> CqlVarchar, strategy_options -> CqlText),,,None,List()) for query SELECT * FROM system.schema_keyspaces
[INFO] [09/01/2017 08:02:31.744] [CassandraServerStub-46495-1235-akka.actor.default-dispatcher-6] [akka://CassandraServerStub-46495-1235/user/BinaryTcpListener/127.0.0.1:51960/$a/$a] Parsed query request QueryRequest(0,SELECT * FROM system.schema_keyspaces,1,0,List())
[INFO] [09/01/2017 08:02:31.744] [CassandraServerStub-46495-1235-akka.actor.default-dispatcher-6] [akka://CassandraServerStub-46495-1235/user/BinaryTcpListener/127.0.0.1:51960/$a/$a] Incoming query: SELECT * FROM system.schema_keyspaces at consistency: org.scassandra.server.cqlmessages.ONE$@1006a4ce
[INFO] [09/01/2017 08:02:31.744] [CassandraServerStub-46495-1235-akka.actor.default-dispatcher-6] [akka://CassandraServerStub-46495-1235/user/BinaryTcpListener/127.0.0.1:51960/$a/$a] No prime found for SELECT * FROM system.schema_columnfamilies
[INFO] [09/01/2017 08:02:31.744] [CassandraServerStub-46495-1235-akka.actor.default-dispatcher-6] [akka://CassandraServerStub-46495-1235/user/BinaryTcpListener/127.0.0.1:51960/$a/$a] Incoming query: SELECT * FROM system.schema_columnfamilies at consistency: org.scassandra.server.cqlmessages.ONE$@1006a4ce
[INFO] [09/01/2017 08:02:31.744] [CassandraServerStub-46495-1235-akka.actor.default-dispatcher-6] [akka://CassandraServerStub-46495-1235/user/BinaryTcpListener/127.0.0.1:51960/$a/$a] No prime found for SELECT * FROM system.schema_columns
[INFO] [09/01/2017 08:02:31.744] [CassandraServerStub-46495-1235-akka.actor.default-dispatcher-6] [akka://CassandraServerStub-46495-1235/user/BinaryTcpListener/127.0.0.1:51960/$a/$a] Incoming query: SELECT * FROM system.schema_columns at consistency: org.scassandra.server.cqlmessages.ONE$@1006a4ce
08:02:31.746 [Test worker] INFO  com.datastax.driver.core.Cluster - New Cassandra host localhost/127.0.0.1:46495 added
[INFO] [09/01/2017 08:02:31.750] [CassandraServerStub-46495-1235-akka.actor.default-dispatcher-2] [akka://CassandraServerStub-46495-1235/user/BinaryTcpListener/127.0.0.1:51962/$a] Sending ready message to Actor[akka://CassandraServerStub-46495-1235/user/BinaryTcpListener/127.0.0.1:51962#1889243672]
[INFO] [09/01/2017 08:02:31.751] [CassandraServerStub-46495-1235-akka.actor.default-dispatcher-2] [akka://CassandraServerStub-46495-1235/user/BinaryTcpListener/127.0.0.1:51964/$a] Sending ready message to Actor[akka://CassandraServerStub-46495-1235/user/BinaryTcpListener/127.0.0.1:51964#56881459]
08:02:31.754 [CassandraServerStub-46495-1235-akka.actor.default-dispatcher-12] INFO  o.s.server.priming.ActivityLog - Recording PreparedStatementPreparation(INSERT INTO cqlmigrate.locks (name, client) VALUES (?, ?) IF NOT EXISTS)
[INFO] [09/01/2017 08:02:31.754] [CassandraServerStub-46495-1235-akka.actor.default-dispatcher-12] [akka://CassandraServerStub-46495-1235/user/BinaryTcpListener/$a] Prepared Statement has been prepared: |INSERT INTO cqlmigrate.locks (name, client) VALUES (?, ?) IF NOT EXISTS|. Prepared result is: PreparedResultV2(64,1,keyspace,table,List(CqlText, CqlText))
08:02:31.756 [CassandraServerStub-46495-1235-akka.actor.default-dispatcher-10] INFO  o.s.server.priming.ActivityLog - Recording PreparedStatementPreparation(DELETE FROM cqlmigrate.locks WHERE name = ? IF client = ?)
[INFO] [09/01/2017 08:02:31.756] [CassandraServerStub-46495-1235-akka.actor.default-dispatcher-10] [akka://CassandraServerStub-46495-1235/user/BinaryTcpListener/$a] Prepared Statement has been prepared: |DELETE FROM cqlmigrate.locks WHERE name = ? IF client = ?|. Prepared result is: PreparedResultV2(0,2,keyspace,table,List(CqlText, CqlText))
08:02:31.758 [Test worker] INFO  uk.sky.cqlmigrate.Lock - Attempting to acquire lock for 'cqlmigrate_test.schema_migration', using client id '864fbdd0-ecf7-42a5-893e-093a67c6240e'
[INFO] [09/01/2017 08:02:31.759] [CassandraServerStub-46495-1235-akka.actor.default-dispatcher-4] [akka://CassandraServerStub-46495-1235/user/BinaryTcpListener/$b] Found prime PreparedPrime(List(CqlText, CqlText),Prime(List(Map(client -> 864fbdd0-ecf7-42a5-893e-093a67c6240e, [applied] -> true)),SuccessResult,Map(client -> CqlText, [applied] -> CqlBoolean),,,None,List()))
08:02:31.759 [CassandraServerStub-46495-1235-akka.actor.default-dispatcher-4] INFO  o.s.server.priming.ActivityLog - Recording PreparedStatementExecution(INSERT INTO cqlmigrate.locks (name, client) VALUES (?, ?) IF NOT EXISTS,org.scassandra.server.cqlmessages.LOCAL_ONE$@2313cace,List(Some(cqlmigrate_test.schema_migration), Some(864fbdd0-ecf7-42a5-893e-093a67c6240e)),List(CqlText, CqlText))
08:02:31.760 [Test worker] INFO  uk.sky.cqlmigrate.CqlMigratorImpl - Loading cql files from [/home/mirek/git/cqlmigrate/build/resources/test/cql_bootstrap, /home/mirek/git/cqlmigrate/build/resources/test/cql_consistency_level]
08:02:31.760 [Test worker] INFO  u.s.cqlmigrate.KeyspaceBootstrapper - Keyspace found, not applying bootstrap.cql
[INFO] [09/01/2017 08:02:31.761] [CassandraServerStub-46495-1235-akka.actor.default-dispatcher-10] [akka://CassandraServerStub-46495-1235/user/BinaryTcpListener/127.0.0.1:51962/$a/$a] No prime found for USE cqlmigrate_test;
[INFO] [09/01/2017 08:02:31.761] [CassandraServerStub-46495-1235-akka.actor.default-dispatcher-10] [akka://CassandraServerStub-46495-1235/user/BinaryTcpListener/127.0.0.1:51962/$a/$a] Incoming query: USE cqlmigrate_test; at consistency: org.scassandra.server.cqlmessages.LOCAL_QUORUM$@51f7c243
[INFO] [09/01/2017 08:02:31.762] [CassandraServerStub-46495-1235-akka.actor.default-dispatcher-6] [akka://CassandraServerStub-46495-1235/user/BinaryTcpListener/127.0.0.1:51962/$a/$a] No prime found for CREATE TABLE schema_updates (filename text primary key, checksum text, applied_on timestamp);
[INFO] [09/01/2017 08:02:31.762] [CassandraServerStub-46495-1235-akka.actor.default-dispatcher-6] [akka://CassandraServerStub-46495-1235/user/BinaryTcpListener/127.0.0.1:51962/$a/$a] Incoming query: CREATE TABLE schema_updates (filename text primary key, checksum text, applied_on timestamp); at consistency: org.scassandra.server.cqlmessages.EACH_QUORUM$@2a67044b
[INFO] [09/01/2017 08:02:31.763] [CassandraServerStub-46495-1235-akka.actor.default-dispatcher-2] [akka://CassandraServerStub-46495-1235/user/BinaryTcpListener/127.0.0.1:51962/$a/$a] No prime found for USE cqlmigrate_test;
[INFO] [09/01/2017 08:02:31.763] [CassandraServerStub-46495-1235-akka.actor.default-dispatcher-2] [akka://CassandraServerStub-46495-1235/user/BinaryTcpListener/127.0.0.1:51962/$a/$a] Incoming query: USE cqlmigrate_test; at consistency: org.scassandra.server.cqlmessages.LOCAL_QUORUM$@51f7c243
[INFO] [09/01/2017 08:02:31.764] [CassandraServerStub-46495-1235-akka.actor.default-dispatcher-6] [akka://CassandraServerStub-46495-1235/user/BinaryTcpListener/127.0.0.1:51962/$a/$a] No prime found for SELECT * FROM schema_updates where filename = ?
[INFO] [09/01/2017 08:02:31.764] [CassandraServerStub-46495-1235-akka.actor.default-dispatcher-6] [akka://CassandraServerStub-46495-1235/user/BinaryTcpListener/127.0.0.1:51962/$a/$a] Incoming query: SELECT * FROM schema_updates where filename = ? at consistency: org.scassandra.server.cqlmessages.LOCAL_QUORUM$@51f7c243
[INFO] [09/01/2017 08:02:31.766] [CassandraServerStub-46495-1235-akka.actor.default-dispatcher-4] [akka://CassandraServerStub-46495-1235/user/BinaryTcpListener/127.0.0.1:51962/$a/$a] No prime found for CREATE TABLE consistency_test (column1 text primary key, column2 text)
[INFO] [09/01/2017 08:02:31.766] [CassandraServerStub-46495-1235-akka.actor.default-dispatcher-4] [akka://CassandraServerStub-46495-1235/user/BinaryTcpListener/127.0.0.1:51962/$a/$a] Incoming query: CREATE TABLE consistency_test (column1 text primary key, column2 text) at consistency: org.scassandra.server.cqlmessages.EACH_QUORUM$@2a67044b
[INFO] [09/01/2017 08:02:31.767] [CassandraServerStub-46495-1235-akka.actor.default-dispatcher-4] [akka://CassandraServerStub-46495-1235/user/BinaryTcpListener/127.0.0.1:51962/$a/$a] No prime found for INSERT INTO schema_updates (filename, checksum, applied_on) VALUES (?, ?, dateof(now()));
[INFO] [09/01/2017 08:02:31.767] [CassandraServerStub-46495-1235-akka.actor.default-dispatcher-4] [akka://CassandraServerStub-46495-1235/user/BinaryTcpListener/127.0.0.1:51962/$a/$a] Incoming query: INSERT INTO schema_updates (filename, checksum, applied_on) VALUES (?, ?, dateof(now())); at consistency: org.scassandra.server.cqlmessages.EACH_QUORUM$@2a67044b
08:02:31.767 [Test worker] INFO  uk.sky.cqlmigrate.SchemaLoader - Applied: 2016-02-12-11_30-create-table.cql
08:02:31.768 [Test worker] INFO  uk.sky.cqlmigrate.Lock - Attempting to release lock for 'cqlmigrate_test.schema_migration', using client id '864fbdd0-ecf7-42a5-893e-093a67c6240e'
08:02:31.769 [CassandraServerStub-46495-1235-akka.actor.default-dispatcher-2] INFO  o.s.server.priming.ActivityLog - Recording PreparedStatementExecution(DELETE FROM cqlmigrate.locks WHERE name = ? IF client = ?,org.scassandra.server.cqlmessages.LOCAL_ONE$@2313cace,List(Some(cqlmigrate_test.schema_migration), Some(864fbdd0-ecf7-42a5-893e-093a67c6240e)),List(CqlText, CqlText))
[INFO] [09/01/2017 08:02:31.768] [CassandraServerStub-46495-1235-akka.actor.default-dispatcher-2] [akka://CassandraServerStub-46495-1235/user/BinaryTcpListener/$b] Found prime PreparedPrime(List(CqlText, CqlText),Prime(List(Map(client -> 864fbdd0-ecf7-42a5-893e-093a67c6240e, [applied] -> true)),SuccessResult,Map(client -> CqlText, [applied] -> CqlBoolean),,,None,List()))
08:02:31.769 [Test worker] INFO  u.s.c.CassandraLockingMechanism - Lock released for cqlmigrate_test.schema_migration by client 864fbdd0-ecf7-42a5-893e-093a67c6240e at: 1504249351769
[INFO] [09/01/2017 08:02:31.770] [CassandraServerStub-46495-1235-akka.actor.default-dispatcher-6] [akka://CassandraServerStub-46495-1235/user/BinaryTcpListener/127.0.0.1:51962] Client disconnected: PeerClosed
[INFO] [09/01/2017 08:02:31.770] [CassandraServerStub-46495-1235-akka.actor.default-dispatcher-10] [akka://CassandraServerStub-46495-1235/user/BinaryTcpListener/127.0.0.1:51964] Client disconnected: PeerClosed
[INFO] [09/01/2017 08:02:31.772] [CassandraServerStub-46495-1235-akka.actor.default-dispatcher-2] [akka://CassandraServerStub-46495-1235/user/BinaryTcpListener/127.0.0.1:51960] Client disconnected: PeerClosed
[INFO] [09/01/2017 08:02:34.009] [CassandraServerStub-46495-1235-akka.actor.default-dispatcher-12] [akka://CassandraServerStub-46495-1235/user/BinaryTcpListener/127.0.0.1:51952] Client disconnected: PeerClosed
[INFO] [09/01/2017 08:02:34.009] [CassandraServerStub-46495-1235-akka.actor.default-dispatcher-17] [akka://CassandraServerStub-46495-1235/user/BinaryTcpListener/127.0.0.1:51950] Client disconnected: PeerClosed
[INFO] [09/01/2017 08:02:34.009] [CassandraServerStub-46495-1235-akka.actor.default-dispatcher-4] [akka://CassandraServerStub-46495-1235/user/BinaryTcpListener/127.0.0.1:51954] Client disconnected: PeerClosed
[INFO] [09/01/2017 08:02:36.225] [CassandraServerStub-46495-1235-akka.actor.default-dispatcher-19] [akka://CassandraServerStub-46495-1235/user/IO-HTTP/listener-0/0] Message [akka.actor.Terminated] from Actor[akka://CassandraServerStub-46495-1235/user/PrimingServer/$a#-575632266] to Actor[akka://CassandraServerStub-46495-1235/user/IO-HTTP/listener-0/0#-280889835] was not delivered. [1] dead letters encountered. This logging can be turned off or adjusted with configuration settings 'akka.log-dead-letters' and 'akka.log-dead-letters-during-shutdown'.
[INFO] [09/01/2017 08:02:36.225] [CassandraServerStub-46495-1235-akka.actor.default-dispatcher-19] [akka://CassandraServerStub-46495-1235/user/IO-HTTP/listener-0/1] Message [akka.actor.Terminated] from Actor[akka://CassandraServerStub-46495-1235/user/PrimingServer/$a#-575632266] to Actor[akka://CassandraServerStub-46495-1235/user/IO-HTTP/listener-0/1#-2050570527] was not delivered. [2] dead letters encountered. This logging can be turned off or adjusted with configuration settings 'akka.log-dead-letters' and 'akka.log-dead-letters-during-shutdown'.
08:02:36.231 [Test worker] INFO  o.scassandra.server.ServerStubRunner - Server is shut down
]]></system-out>
  <system-err><![CDATA[]]></system-err>
</testsuite>
